Feb 13, 2018 1:07:09 PM com.ericsson.iptv.portal.common.imagescaler.ImageScalerBean scaledImage
SEVERE: Error reading image: http://172.17.163.190:8186/portal-coreapps-backend-mock-war-17.0.22/images/ProgramPoster.jpg: http://172.17.163.190:8186/portal-coreapps-backend-mock-war-17.0.22/images/ProgramPoster.jpg
Feb 13, 2018 1:07:09 PM com.ericsson.iptv.portal.fw.spring.ExceptionView renderMergedOutputModel
WARNING: Exception: com.ericsson.iptv.portal.fw.exceptions.CommonFault.INTERNAL_FAULT caught in /portal-imageprocessor-war-17.0.22/static/imageScaler.ajax [http://172.17.163.190:8186/portal-root-war/index_mock.html] 
java.io.FileNotFoundException: http://172.17.163.190:8186/portal-coreapps-backend-mock-war-17.0.22/images/ProgramPoster.jpg
	at sun.reflect.GeneratedConstructorAccessor107.newInstance(Unknown Source)
	at sun.reflect.DelegatingConstructorAccessorImpl.newInstance(DelegatingConstructorAccessorImpl.java:45)
	at java.lang.reflect.Constructor.newInstance(Constructor.java:423)
	at sun.net.www.protocol.http.HttpURLConnection$10.run(HttpURLConnection.java:1944)
	at sun.net.www.protocol.http.HttpURLConnection$10.run(HttpURLConnection.java:1939)
	at java.security.AccessController.doPrivileged(Native Method)
	at sun.net.www.protocol.http.HttpURLConnection.getChainedException(HttpURLConnection.java:1938)
	at sun.net.www.protocol.http.HttpURLConnection.getInputStream0(HttpURLConnection.java:1508)
	at sun.net.www.protocol.http.HttpURLConnection.getInputStream(HttpURLConnection.java:1492)
	at com.ericsson.iptv.portal.common.imagescaler.ImageScalerBean.scaledImage(ImageScalerBean.java:171)
	at com.ericsson.iptv.portal.common.imagescaler.ImageScalerBean.getScaledImage(ImageScalerBean.java:146)
	at sun.reflect.GeneratedMethodAccessor437.invoke(Unknown Source)
	at sun.reflect.DelegatingMethodAccessorImpl.invoke(DelegatingMethodAccessorImpl.java:43)
	at java.lang.reflect.Method.invoke(Method.java:498)
	at org.springframework.aop.support.AopUtils.invokeJoinpointUsingReflection(AopUtils.java:317)
	at org.springframework.aop.framework.ReflectiveMethodInvocation.invokeJoinpoint(ReflectiveMethodInvocation.java:183)
	at org.springframework.aop.framework.ReflectiveMethodInvocation.proceed(ReflectiveMethodInvocation.java:150)
	at org.springframework.transaction.interceptor.TransactionInterceptor$1.proceedWithInvocation(TransactionInterceptor.java:96)
	at org.springframework.transaction.interceptor.TransactionAspectSupport.invokeWithinTransaction(TransactionAspectSupport.java:260)
	at org.springframework.transaction.interceptor.TransactionInterceptor.invoke(TransactionInterceptor.java:94)
	at org.springframework.aop.framework.ReflectiveMethodInvocation.proceed(ReflectiveMethodInvocation.java:172)
	at org.springframework.aop.framework.JdkDynamicAopProxy.invoke(JdkDynamicAopProxy.java:204)
	at com.sun.proxy.$Proxy111.getScaledImage(Unknown Source)
	at sun.reflect.GeneratedMethodAccessor436.invoke(Unknown Source)
	at sun.reflect.DelegatingMethodAccessorImpl.invoke(DelegatingMethodAccessorImpl.java:43)
	at java.lang.reflect.Method.invoke(Method.java:498)
	at org.springframework.web.method.support.InvocableHandlerMethod.invoke(InvocableHandlerMethod.java:215)
	at org.springframework.web.method.support.InvocableHandlerMethod.invokeForRequest(InvocableHandlerMethod.java:132)
	at org.springframework.web.servlet.mvc.method.annotation.ServletInvocableHandlerMethod.invokeAndHandle(ServletInvocableHandlerMethod.java:104)
	at org.springframework.web.servlet.mvc.method.annotation.RequestMappingHandlerAdapter.invokeHandleMethod(RequestMappingHandlerAdapter.java:743)
	at org.springframework.web.servlet.mvc.method.annotation.RequestMappingHandlerAdapter.handleInternal(RequestMappingHandlerAdapter.java:672)
	at org.springframework.web.servlet.mvc.method.AbstractHandlerMethodAdapter.handle(AbstractHandlerMethodAdapter.java:82)
	at org.springframework.web.servlet.DispatcherServlet.doDispatch(DispatcherServlet.java:919)
	at org.springframework.web.servlet.DispatcherServlet.doService(DispatcherServlet.java:851)
	at org.springframework.web.servlet.FrameworkServlet.processRequest(FrameworkServlet.java:953)
	at org.springframework.web.servlet.FrameworkServlet.doGet(FrameworkServlet.java:844)
	at javax.servlet.http.HttpServlet.service(HttpServlet.java:624)
	at org.springframework.web.servlet.FrameworkServlet.service(FrameworkServlet.java:829)
	at javax.servlet.http.HttpServlet.service(HttpServlet.java:731)
	at org.apache.catalina.core.ApplicationFilterChain.internalDoFilter(ApplicationFilterChain.java:303)
	at org.apache.catalina.core.ApplicationFilterChain.doFilter(ApplicationFilterChain.java:208)
	at org.apache.tomcat.websocket.server.WsFilter.doFilter(WsFilter.java:52)
	at org.apache.catalina.core.ApplicationFilterChain.internalDoFilter(ApplicationFilterChain.java:241)
	at org.apache.catalina.core.ApplicationFilterChain.doFilter(ApplicationFilterChain.java:208)
	at com.ericsson.iptv.portal.fw.servlet.PortalServletFilter$FilterChainImpl.doFilter(PortalServletFilter.java:78)
	at com.ericsson.iptv.portal.fw.servlet.mbean.ServletFilterManager$FilterChainImpl.doFilter(ServletFilterManager.java:68)
	at com.ericsson.iptv.portal.fw.cors.AbstractCorsRequestFilter.doFilter(AbstractCorsRequestFilter.java:130)
	at com.ericsson.iptv.portal.mock.cors.CorsRequestFilter.doFilter(CorsRequestFilter.java:57)
	at sun.reflect.GeneratedMethodAccessor280.invoke(Unknown Source)
	at sun.reflect.DelegatingMethodAccessorImpl.invoke(DelegatingMethodAccessorImpl.java:43)
	at java.lang.reflect.Method.invoke(Method.java:498)
	at org.springframework.aop.support.AopUtils.invokeJoinpointUsingReflection(AopUtils.java:317)
	at org.springframework.aop.framework.ReflectiveMethodInvocation.invokeJoinpoint(ReflectiveMethodInvocation.java:183)
	at org.springframework.aop.framework.ReflectiveMethodInvocation.proceed(ReflectiveMethodInvocation.java:150)
	at org.springframework.aop.aspectj.MethodInvocationProceedingJoinPoint.proceed(MethodInvocationProceedingJoinPoint.java:80)
	at com.ericsson.iptv.portal.common.backend.mock.MockMBeanInterceptor.performAction(MockMBeanInterceptor.java:55)
	at sun.reflect.GeneratedMethodAccessor156.invoke(Unknown Source)
	at sun.reflect.DelegatingMethodAccessorImpl.invoke(DelegatingMethodAccessorImpl.java:43)
	at java.lang.reflect.Method.invoke(Method.java:498)
	at org.springframework.aop.aspectj.AbstractAspectJAdvice.invokeAdviceMethodWithGivenArgs(AbstractAspectJAdvice.java:621)
	at org.springframework.aop.aspectj.AbstractAspectJAdvice.invokeAdviceMethod(AbstractAspectJAdvice.java:610)
	at org.springframework.aop.aspectj.AspectJAroundAdvice.invoke(AspectJAroundAdvice.java:65)
	at org.springframework.aop.framework.ReflectiveMethodInvocation.proceed(ReflectiveMethodInvocation.java:161)
	at org.springframework.aop.interceptor.ExposeInvocationInterceptor.invoke(ExposeInvocationInterceptor.java:91)
	at org.springframework.aop.framework.ReflectiveMethodInvocation.proceed(ReflectiveMethodInvocation.java:172)
	at org.springframework.aop.framework.JdkDynamicAopProxy.invoke(JdkDynamicAopProxy.java:204)
	at com.sun.proxy.$Proxy59.doFilter(Unknown Source)
	at com.ericsson.iptv.portal.fw.servlet.mbean.ServletFilterManager$FilterChainImpl.doFilter(ServletFilterManager.java:66)
	at com.ericsson.iptv.portal.fw.servlet.mbean.ServletFilterManager.internalFilter(ServletFilterManager.java:80)
	at com.ericsson.iptv.portal.fw.servlet.mbean.ServletFilterManager.internalPerformAction(ServletFilterManager.java:89)
	at com.ericsson.iptv.portal.fw.mbean.MBeanManagerBase.performAction(MBeanManagerBase.java:536)
	at com.ericsson.iptv.portal.fw.mbean.MBeanManagerBase$1.compareTo(MBeanManagerBase.java:549)
	at com.ericsson.iptv.portal.fw.mbean.MBeanManagerBase$1.compareTo(MBeanManagerBase.java:546)
	at com.ericsson.iptv.portal.fw.mbean.MBeanManagerBase$Manager.invoke(MBeanManagerBase.java:318)
	at com.ericsson.iptv.portal.fw.servlet.PortalServletFilter$FilterChainImpl.doFilter(PortalServletFilter.java:76)
	at com.ericsson.iptv.portal.fw.servlet.mbean.ServletFilterManager$FilterChainImpl.doFilter(ServletFilterManager.java:68)
	at com.ericsson.iptv.portal.fw.backend.gzip.GZIPServletFilter.doFilter(GZIPServletFilter.java:88)
	at com.ericsson.iptv.portal.fw.servlet.mbean.ServletFilterManager$FilterChainImpl.doFilter(ServletFilterManager.java:66)
	at com.ericsson.iptv.portal.fw.backend.startup.DisableDirectoryListings.doFilter(DisableDirectoryListings.java:114)
	at com.ericsson.iptv.portal.fw.servlet.mbean.ServletFilterManager$FilterChainImpl.doFilter(ServletFilterManager.java:66)
	at com.ericsson.iptv.portal.fw.backend.cache.StaticDataCacheControl.doFilter(StaticDataCacheControl.java:83)
	at com.ericsson.iptv.portal.fw.servlet.mbean.ServletFilterManager$FilterChainImpl.doFilter(ServletFilterManager.java:66)
	at com.ericsson.iptv.portal.fw.servlet.mbean.ServletFilterManager.internalFilter(ServletFilterManager.java:80)
	at com.ericsson.iptv.portal.fw.servlet.mbean.ServletFilterManager.internalPerformAction(ServletFilterManager.java:89)
	at com.ericsson.iptv.portal.fw.mbean.MBeanManagerBase.performAction(MBeanManagerBase.java:536)
	at com.ericsson.iptv.portal.fw.mbean.MBeanManagerBase$1.compareTo(MBeanManagerBase.java:549)
	at com.ericsson.iptv.portal.fw.mbean.MBeanManagerBase$1.compareTo(MBeanManagerBase.java:546)
	at com.ericsson.iptv.portal.fw.mbean.MBeanManagerBase$Manager.invoke(MBeanManagerBase.java:318)
	at com.ericsson.iptv.portal.fw.servlet.PortalServletFilter$FilterChainImpl.doFilter(PortalServletFilter.java:76)
	at com.ericsson.iptv.portal.fw.servlet.PortalServletFilter.doFilter(PortalServletFilter.java:93)
	at org.apache.catalina.core.ApplicationFilterChain.internalDoFilter(ApplicationFilterChain.java:241)
	at org.apache.catalina.core.ApplicationFilterChain.doFilter(ApplicationFilterChain.java:208)
	at org.apache.catalina.core.ApplicationDispatcher.invoke(ApplicationDispatcher.java:743)
	at org.apache.catalina.core.ApplicationDispatcher.processRequest(ApplicationDispatcher.java:485)
	at org.apache.catalina.core.ApplicationDispatcher.doForward(ApplicationDispatcher.java:410)
	at org.apache.catalina.core.ApplicationDispatcher.forward(ApplicationDispatcher.java:337)
	at com.ericsson.iptv.portal.fw.artifact.ArtifactBase.internalForwardRequest(ArtifactBase.java:325)
	at com.ericsson.iptv.portal.fw.artifact.ArtifactBase.internalPerformAction(ArtifactBase.java:351)
	at com.ericsson.iptv.portal.fw.mbean.MBeanManagerBase.performAction(MBeanManagerBase.java:536)
	at com.ericsson.iptv.portal.fw.mbean.MBeanManagerBase$1.compareTo(MBeanManagerBase.java:549)
	at com.ericsson.iptv.portal.fw.mbean.MBeanManagerBase$1.compareTo(MBeanManagerBase.java:546)
	at com.ericsson.iptv.portal.fw.mbean.MBeanManagerBase$Manager.invoke(MBeanManagerBase.java:318)
	at com.ericsson.iptv.portal.fw.mbean.MBeanManagerBase$4.invokeOn(MBeanManagerBase.java:621)
	at com.ericsson.iptv.portal.fw.mbean.MBeanManagerBase.invokeOnSingleManager(MBeanManagerBase.java:516)
	at com.ericsson.iptv.portal.fw.mbean.MBeanManagerBase.broadcast(MBeanManagerBase.java:618)
	at com.ericsson.iptv.portal.fw.artifact.ArtifactBase.forwardRequest(ArtifactBase.java:424)
	at com.ericsson.iptv.portal.proxy.ProxyServlet.service(ProxyServlet.java:130)
	at javax.servlet.http.HttpServlet.service(HttpServlet.java:731)
	at org.apache.catalina.core.ApplicationFilterChain.internalDoFilter(ApplicationFilterChain.java:303)
	at org.apache.catalina.core.ApplicationFilterChain.doFilter(ApplicationFilterChain.java:208)
	at org.apache.tomcat.websocket.server.WsFilter.doFilter(WsFilter.java:52)
	at org.apache.catalina.core.ApplicationFilterChain.internalDoFilter(ApplicationFilterChain.java:241)
	at org.apache.catalina.core.ApplicationFilterChain.doFilter(ApplicationFilterChain.java:208)
	at org.apache.catalina.core.StandardWrapperValve.invoke(StandardWrapperValve.java:219)
	at org.apache.catalina.core.StandardContextValve.invoke(StandardContextValve.java:110)
	at org.apache.catalina.authenticator.AuthenticatorBase.invoke(AuthenticatorBase.java:506)
	at org.apache.catalina.core.StandardHostValve.invoke(StandardHostValve.java:169)
	at org.apache.catalina.valves.ErrorReportValve.invoke(ErrorReportValve.java:103)
	at org.apache.catalina.valves.AccessLogValve.invoke(AccessLogValve.java:962)
	at org.apache.catalina.core.StandardEngineValve.invoke(StandardEngineValve.java:116)
	at org.apache.catalina.connector.CoyoteAdapter.service(CoyoteAdapter.java:445)
	at org.apache.coyote.http11.AbstractHttp11Processor.process(AbstractHttp11Processor.java:1115)
	at org.apache.coyote.AbstractProtocol$AbstractConnectionHandler.process(AbstractProtocol.java:637)
	at org.apache.tomcat.util.net.JIoEndpoint$SocketProcessor.run(JIoEndpoint.java:318)
	at java.util.concurrent.ThreadPoolExecutor.runWorker(ThreadPoolExecutor.java:1149)
	at java.util.concurrent.ThreadPoolExecutor$Worker.run(ThreadPoolExecutor.java:624)
	at org.apache.tomcat.util.threads.TaskThread$WrappingRunnable.run(TaskThread.java:61)
	at java.lang.Thread.run(Thread.java:748)
Caused by: java.io.FileNotFoundException: http://172.17.163.190:8186/portal-coreapps-backend-mock-war-17.0.22/images/ProgramPoster.jpg
	at sun.net.www.protocol.http.HttpURLConnection.getInputStream0(HttpURLConnection.java:1890)
	at sun.net.www.protocol.http.HttpURLConnection.getInputStream(HttpURLConnection.java:1492)
	at sun.net.www.protocol.http.HttpURLConnection.getHeaderField(HttpURLConnection.java:3000)
	at java.net.URLConnection.getContentType(URLConnection.java:512)
	at com.ericsson.iptv.portal.common.imagescaler.ImageScalerBean.scaledImage(ImageScalerBean.java:168)
	... 118 more

Feb 13, 2018 1:08:57 PM org.apache.catalina.core.StandardServer await
INFO: A valid shutdown command was received via the shutdown port. Stopping the Server instance.
Feb 13, 2018 1:08:57 PM org.apache.coyote.AbstractProtocol pause
INFO: Pausing ProtocolHandler ["http-bio-8186"]
Feb 13, 2018 1:08:57 PM org.apache.coyote.AbstractProtocol pause
INFO: Pausing ProtocolHandler ["ajp-bio-8009"]
Feb 13, 2018 1:08:57 PM org.apache.catalina.core.StandardService stopInternal
INFO: Stopping service Catalina
Feb 13, 2018 1:08:57 PM org.springframework.web.context.support.XmlWebApplicationContext doClose
INFO: Closing WebApplicationContext for namespace 'stbportal-servlet': startup date [Mon Feb 12 16:15:27 IST 2018]; root of context hierarchy
Feb 13, 2018 1:08:57 PM org.springframework.beans.factory.support.DefaultListableBeanFactory destroySingletons
INFO: Destroying singletons in org.springframework.beans.factory.support.DefaultListableBeanFactory@6244ac2c: defining beans [imageScalerBean,org.springframework.context.annotation.internalConfigurationAnnotationProcessor,org.springframework.context.annotation.internalAutowiredAnnotationProcessor,org.springframework.context.annotation.internalRequiredAnnotationProcessor,org.springframework.context.annotation.internalCommonAnnotationProcessor,configUser,currentRequestComponent,org.jboss.logging.JbossLoggingRuntimeCheck#0,validator,org.springframework.validation.beanvalidation.MethodValidationPostProcessor#0,txManager,org.springframework.aop.config.internalAutoProxyCreator,org.springframework.transaction.annotation.AnnotationTransactionAttributeSource#0,org.springframework.transaction.interceptor.TransactionInterceptor#0,org.springframework.transaction.config.internalTransactionAdvisor,mbeanServer,artifactBase,artifactInfo,com.ericsson.iptv.portal.fw.logdisabler.LogDisabler#0,migrationManager,servletFilterManager,dynamicFilterManager,artifactFilterManager,filterManager,periodicPollManager,constraintManager,preferenceManager,fwModuleFactory,discoveryManager,notificationManager,fwConfigUser,initParameterManager,userModelUser,httpRequestUser,widgetConfigManager,interceptorManager,portalInterceptors,com.ericsson.iptv.portal.fw.spring.PatchedRequestMappingHandlerAdapter#0,org.springframework.web.servlet.mvc.SimpleControllerHandlerAdapter#0,org.springframework.web.servlet.mvc.HttpRequestHandlerAdapter#0,org.springframework.web.servlet.mvc.method.annotation.RequestMappingHandlerMapping#0,org.springframework.web.servlet.view.BeanNameViewResolver#0,jsonView,exceptionResolver,javax.servlet.http.HttpServletResponse.SC_BAD_REQUEST,defaultExceptionView,bindExceptionView,forbiddenView,methodNotAllowedView,mediaTypeNotSupportedView,parseExceptionView,org.springframework.context.annotation.ConfigurationClassPostProcessor.importAwareProcessor]; root of factory hierarchy
Feb 13, 2018 1:08:57 PM org.springframework.web.context.support.XmlWebApplicationContext doClose
INFO: Closing WebApplicationContext for namespace 'stbportal-servlet': startup date [Mon Feb 12 16:15:26 IST 2018]; root of context hierarchy
Feb 13, 2018 1:08:57 PM org.springframework.beans.factory.support.DefaultListableBeanFactory destroySingletons
INFO: Destroying singletons in org.springframework.beans.factory.support.DefaultListableBeanFactory@29002465: defining beans [cacheInitParameter,cacheInterceptor,publicDataCacheMaxAgePreference,staticDataCacheControl,aspectConstraintProvider,authLevelConstraintProvider,buildModeConstraintProvider,localeConstraintProvider,markupConstraintProvider,skinConstraintProvider,stateConstraintProvider,baseUrlsInitParameter,dataSyncInitParameter,configuredFilterProvider,GZIPServletFilter,logInitParameter,periodicPollInitParameter,devicePluginBean,rollbackFilter,skinPreferenceOptions,coreModuleInitParameterProvider,coreModuleInitParameterProviderWidget,disableDirectoryListings,maxParallelRequestsInitParameter,multiFetchInitParameterProvider,partitionPrefixInitParameterProvider,restartMsgProviderHtml,restartMsgProviderSvg,splashScreenProviderHtml,splashScreenProviderSvg,subscriberLocaleInitParameter,deviceIdPreferenceStorage,userIdPreferenceStorage,org.springframework.context.annotation.internalConfigurationAnnotationProcessor,org.springframework.context.annotation.internalAutowiredAnnotationProcessor,org.springframework.context.annotation.internalRequiredAnnotationProcessor,org.springframework.context.annotation.internalCommonAnnotationProcessor,urlMapping,viewResolver,htmlIndexController,svgIndexController,preferenceBean,pollBean,fwSwBean,deviceDiscoveryBean,getPreferencesController,putPreferencesController,defPreferencesController,swController,swMigrateController,multiModuleController,periodicPollController,periodicPoll2Controller,logBean,logController,batchLogController,deviceDiscoveryController,deviceInfoController,deviceRediscoveryController,cacheManager,com.ericsson.iptv.portal.fw.backend.request.mbean.HttpRequestManager#0,com.ericsson.iptv.portal.fw.backend.preferences.SubscriberIdPreferenceStorage#0,historyManagerFilter,currentRequestComponent,org.jboss.logging.JbossLoggingRuntimeCheck#0,validator,org.springframework.validation.beanvalidation.MethodValidationPostProcessor#0,txManager,org.springframework.aop.config.internalAutoProxyCreator,org.springframework.transaction.annotation.AnnotationTransactionAttributeSource#0,org.springframework.transaction.interceptor.TransactionInterceptor#0,org.springframework.transaction.config.internalTransactionAdvisor,mbeanServer,artifactBase,artifactInfo,com.ericsson.iptv.portal.fw.logdisabler.LogDisabler#0,migrationManager,servletFilterManager,dynamicFilterManager,artifactFilterManager,filterManager,periodicPollManager,constraintManager,preferenceManager,fwModuleFactory,discoveryManager,notificationManager,fwConfigUser,initParameterManager,userModelUser,httpRequestUser,widgetConfigManager,interceptorManager,portalInterceptors,com.ericsson.iptv.portal.fw.spring.PatchedRequestMappingHandlerAdapter#0,org.springframework.web.servlet.mvc.SimpleControllerHandlerAdapter#0,org.springframework.web.servlet.mvc.HttpRequestHandlerAdapter#0,org.springframework.web.servlet.mvc.method.annotation.RequestMappingHandlerMapping#0,org.springframework.web.servlet.view.BeanNameViewResolver#0,jsonView,exceptionResolver,javax.servlet.http.HttpServletResponse.SC_BAD_REQUEST,defaultExceptionView,bindExceptionView,forbiddenView,methodNotAllowedView,mediaTypeNotSupportedView,parseExceptionView,org.springframework.context.annotation.ConfigurationClassPostProcessor.importAwareProcessor]; root of factory hierarchy
Feb 13, 2018 1:08:57 PM org.springframework.web.context.support.XmlWebApplicationContext doClose
INFO: Closing WebApplicationContext for namespace 'stbportal-servlet': startup date [Mon Feb 12 16:15:24 IST 2018]; root of context hierarchy
Feb 13, 2018 1:08:57 PM org.springframework.beans.factory.support.DefaultListableBeanFactory destroySingletons
INFO: Destroying singletons in org.springframework.beans.factory.support.DefaultListableBeanFactory@7e0c0f9a: defining beans [com.ericsson.iptv.portal.coreapps.preferences.UpgradeAvailableTimePreferenceBasis#0,com.ericsson.iptv.portal.coreapps.preferences.LoadToStandbyAfterRebootPreferenceBasis#0,com.ericsson.iptv.portal.coreapps.preferences.EpgCacheDaysPreferenceDefinition#0,com.ericsson.iptv.portal.reboot.RebootLogicFilter#0,com.ericsson.iptv.portal.pvr.RecorderProxyFilter#0,currentRequestComponent,org.springframework.context.annotation.internalConfigurationAnnotationProcessor,org.springframework.context.annotation.internalAutowiredAnnotationProcessor,org.springframework.context.annotation.internalRequiredAnnotationProcessor,org.springframework.context.annotation.internalCommonAnnotationProcessor,org.jboss.logging.JbossLoggingRuntimeCheck#0,validator,org.springframework.validation.beanvalidation.MethodValidationPostProcessor#0,txManager,org.springframework.aop.config.internalAutoProxyCreator,org.springframework.transaction.annotation.AnnotationTransactionAttributeSource#0,org.springframework.transaction.interceptor.TransactionInterceptor#0,org.springframework.transaction.config.internalTransactionAdvisor,mbeanServer,artifactBase,artifactInfo,com.ericsson.iptv.portal.fw.logdisabler.LogDisabler#0,migrationManager,servletFilterManager,dynamicFilterManager,artifactFilterManager,filterManager,periodicPollManager,constraintManager,preferenceManager,fwModuleFactory,discoveryManager,notificationManager,fwConfigUser,initParameterManager,userModelUser,httpRequestUser,widgetConfigManager,interceptorManager,portalInterceptors,com.ericsson.iptv.portal.fw.spring.PatchedRequestMappingHandlerAdapter#0,org.springframework.web.servlet.mvc.SimpleControllerHandlerAdapter#0,org.springframework.web.servlet.mvc.HttpRequestHandlerAdapter#0,org.springframework.web.servlet.mvc.method.annotation.RequestMappingHandlerMapping#0,org.springframework.web.servlet.view.BeanNameViewResolver#0,jsonView,exceptionResolver,javax.servlet.http.HttpServletResponse.SC_BAD_REQUEST,defaultExceptionView,bindExceptionView,forbiddenView,methodNotAllowedView,mediaTypeNotSupportedView,parseExceptionView,org.springframework.context.annotation.ConfigurationClassPostProcessor.importAwareProcessor]; root of factory hierarchy
Feb 13, 2018 1:08:57 PM org.springframework.web.context.support.XmlWebApplicationContext doClose
INFO: Closing WebApplicationContext for namespace 'stbportal-servlet': startup date [Mon Feb 12 16:15:25 IST 2018]; root of context hierarchy
Feb 13, 2018 1:08:57 PM org.springframework.beans.factory.support.DefaultListableBeanFactory destroySingletons
INFO: Destroying singletons in org.springframework.beans.factory.support.DefaultListableBeanFactory@233bbc96: defining beans [authMethodConstraintProvider,org.springframework.context.annotation.internalConfigurationAnnotationProcessor,org.springframework.context.annotation.internalAutowiredAnnotationProcessor,org.springframework.context.annotation.internalRequiredAnnotationProcessor,org.springframework.context.annotation.internalCommonAnnotationProcessor,currentRequestComponent,org.jboss.logging.JbossLoggingRuntimeCheck#0,validator,org.springframework.validation.beanvalidation.MethodValidationPostProcessor#0,txManager,org.springframework.aop.config.internalAutoProxyCreator,org.springframework.transaction.annotation.AnnotationTransactionAttributeSource#0,org.springframework.transaction.interceptor.TransactionInterceptor#0,org.springframework.transaction.config.internalTransactionAdvisor,mbeanServer,artifactBase,artifactInfo,com.ericsson.iptv.portal.fw.logdisabler.LogDisabler#0,migrationManager,servletFilterManager,dynamicFilterManager,artifactFilterManager,filterManager,periodicPollManager,constraintManager,preferenceManager,fwModuleFactory,discoveryManager,notificationManager,fwConfigUser,initParameterManager,userModelUser,httpRequestUser,widgetConfigManager,interceptorManager,portalInterceptors,com.ericsson.iptv.portal.fw.spring.PatchedRequestMappingHandlerAdapter#0,org.springframework.web.servlet.mvc.SimpleControllerHandlerAdapter#0,org.springframework.web.servlet.mvc.HttpRequestHandlerAdapter#0,org.springframework.web.servlet.mvc.method.annotation.RequestMappingHandlerMapping#0,org.springframework.web.servlet.view.BeanNameViewResolver#0,jsonView,exceptionResolver,javax.servlet.http.HttpServletResponse.SC_BAD_REQUEST,defaultExceptionView,bindExceptionView,forbiddenView,methodNotAllowedView,mediaTypeNotSupportedView,parseExceptionView,org.springframework.context.annotation.ConfigurationClassPostProcessor.importAwareProcessor]; root of factory hierarchy
Feb 13, 2018 1:08:57 PM org.springframework.web.context.support.XmlWebApplicationContext doClose
INFO: Closing WebApplicationContext for namespace 'portal-servlet': startup date [Mon Feb 12 16:15:28 IST 2018]; root of context hierarchy
Feb 13, 2018 1:08:57 PM org.springframework.beans.factory.support.DefaultListableBeanFactory destroySingletons
INFO: Destroying singletons in org.springframework.beans.factory.support.DefaultListableBeanFactory@1bc84e26: defining beans [com.ericsson.iptv.portal.multiscreenapps.device.ott.ServiceControl.ServiceControlPreferenceBasis#0,currentRequestComponent,org.springframework.context.annotation.internalConfigurationAnnotationProcessor,org.springframework.context.annotation.internalAutowiredAnnotationProcessor,org.springframework.context.annotation.internalRequiredAnnotationProcessor,org.springframework.context.annotation.internalCommonAnnotationProcessor,org.jboss.logging.JbossLoggingRuntimeCheck#0,validator,org.springframework.validation.beanvalidation.MethodValidationPostProcessor#0,txManager,org.springframework.aop.config.internalAutoProxyCreator,org.springframework.transaction.annotation.AnnotationTransactionAttributeSource#0,org.springframework.transaction.interceptor.TransactionInterceptor#0,org.springframework.transaction.config.internalTransactionAdvisor,mbeanServer,artifactBase,artifactInfo,com.ericsson.iptv.portal.fw.logdisabler.LogDisabler#0,migrationManager,servletFilterManager,dynamicFilterManager,artifactFilterManager,filterManager,periodicPollManager,constraintManager,preferenceManager,fwModuleFactory,discoveryManager,notificationManager,fwConfigUser,initParameterManager,userModelUser,httpRequestUser,widgetConfigManager,interceptorManager,portalInterceptors,com.ericsson.iptv.portal.fw.spring.PatchedRequestMappingHandlerAdapter#0,org.springframework.web.servlet.mvc.SimpleControllerHandlerAdapter#0,org.springframework.web.servlet.mvc.HttpRequestHandlerAdapter#0,org.springframework.web.servlet.mvc.method.annotation.RequestMappingHandlerMapping#0,org.springframework.web.servlet.view.BeanNameViewResolver#0,jsonView,exceptionResolver,javax.servlet.http.HttpServletResponse.SC_BAD_REQUEST,defaultExceptionView,bindExceptionView,forbiddenView,methodNotAllowedView,mediaTypeNotSupportedView,parseExceptionView,org.springframework.context.annotation.ConfigurationClassPostProcessor.importAwareProcessor]; root of factory hierarchy
Feb 13, 2018 1:08:57 PM org.springframework.web.context.support.XmlWebApplicationContext doClose
INFO: Closing WebApplicationContext for namespace 'stbportal-servlet': startup date [Mon Feb 12 16:15:21 IST 2018]; root of context hierarchy
Feb 13, 2018 1:08:57 PM org.springframework.beans.factory.support.DefaultListableBeanFactory destroySingletons
INFO: Destroying singletons in org.springframework.beans.factory.support.DefaultListableBeanFactory@3fe0a6f6: defining beans [subscriptionModel,authInterceptor,bookmarkBean,channelsBean,beanUtil,subscriberTypeConstraintProvider,corsRequestFilter,epgBean,mockFilesBean,bookmarksPreferenceStorage,defaultRecordingTimeToLivePreferenceStorage,preferenceNotifier,preferenceNotifierMbean,scfUriPreferenceStorage,pvrBean,pvrModel,scfUrlGenerator,subscriptionBean,mockVodBean,org.springframework.context.annotation.internalConfigurationAnnotationProcessor,org.springframework.context.annotation.internalAutowiredAnnotationProcessor,org.springframework.context.annotation.internalRequiredAnnotationProcessor,org.springframework.context.annotation.internalCommonAnnotationProcessor,vodCategoryTreeController,vodDownloadFailedController,vodDownloadInfoController,playlistDownloadInfoController,myRentalsController,vodPlaybackInfoController,playlistPlaybackInfoController,vodPlaybackInfoDownloadController,playlistPlaybackInfoDownloadController,vodServicesController,setBookmarkController,setBookmarkPlaylistController,vodSubscribedServicesController,vodOfferingPageIndexController,vodOfferingsController,vodOfferingListForCategoriesController,vodOfferingsByIdController,svodListController,vodDetailsController,vodDetailsPAIDController,vodListForCategoryController,vodListForServicesController,vodRentCancelController,vodRentConfirmController,vodRentController,vodDownloadOptionsController,vodDownloadOptionsPlaylistController,bandwidthBean,com.ericsson.iptv.portal.mock.bcrcb.BrPreferenceBasis#0,com.ericsson.iptv.portal.mock.pvr.DeviceRecordingPreferenceBasis#0,com.ericsson.iptv.portal.mock.pvr.DeviceRecordingProgramsPreferenceBasis#0,com.ericsson.iptv.portal.mock.pvr.DeviceRecordingProgramListsPreferenceBasis#0,statisticsBean,com.ericsson.iptv.portal.mock.statistics.StatisticsEntriesLimitPreferenceStorage#0,com.ericsson.iptv.portal.mock.statistics.StatisticsUploadIntervalPreferenceStorage#0,sendEventsController,getStatisticsConfigController,chargingBean,chargingModel,purchaseHistoryController,getBalanceController,setBandwidthController,getBandwidthUsageController,stopSessionController,reportConflictController,clearConflictController,getConflictsController,conditionalAccessBean,getEquipmentInformationController,getEquipmentInformationListController,setEquipmentInformationController,setEquipmentInformationMapController,getEquipmentContentAccessInformationController,epgAttributeSelectorManager,channelLineupBean,com.ericsson.iptv.portal.mock.channellineup.ChannelLineupPreferenceOptions#0,createChannelLineupController,deleteChannelLineupController,getChannelLineupController,getAvailableChannelLineupsController,updateChannelLineupDetailsController,updateChannelLineupItemsController,resetChannelLineupItemsController,syncChannelLineupController,getManagedStreamsController,getEpgSlidingWindowController,programListController,getProgramsForTimeSlotController,getProgramsWithinTimeWindowController,programController,ProgramInfoForIdsController,currentProgramController,getCatchupInfoController,getUserChannelListController,setUserChannelListController,resetUserChannelListController,getSubscriberChannelListController,getAllChannelsController,getAllOfflineChannelsController,getPhysicalChannelListController,getBroadcastLocationController,getQoeConfigController,getTimeshiftInfoController,broadcastReminderClientBasedBean,searchController,advancedSearchController,searchResultController,autoCompleteController,mockSearchBean,mockAutoCompleteBean,brDeleteReminderController,brGetAllRemindersController,brSetReminderController,brSnoozeReminderController,brUpdateReminderController,com.ericsson.iptv.portal.mock.bandwidth.BandwidthManagementDiscovery#0,com.ericsson.iptv.portal.mock.discovery.EquipmentCapabilityDiscovery#0,payPerViewBean,listAllPurchasesController,listBundleOfferingsController,listOfferingsController,listProgramsForBundleController,listPurchasesController,getEventOfferingsForDaysController,purchaseBlockController,purchaseBundleController,purchaseCancelController,cancelPurchasedOfferingController,purchaseConfirmController,purchaseEventController,sspMessageBean,sspMessageToDeviceController,sspMessageToSubscriberController,urlMapping,adminUrlMapping,viewResolver,com.ericsson.iptv.portal.mock.startup.InitConstraintProvider#0,com.ericsson.iptv.portal.mock.startup.ConstraintProvider#0,com.ericsson.iptv.portal.mock.constraints.DeviceConstraintsProvider#0,com.ericsson.iptv.portal.mock.constraints.HttpConstraintProvider#0,com.ericsson.iptv.portal.mock.constraints.IndexUrlInitialConstraintProvider#0,generalPrefStorageMgr,com.ericsson.iptv.portal.mock.preferences.AppsPreferenceStorage#0,com.ericsson.iptv.portal.mock.preferences.ServicesPreferenceStorage#0,com.ericsson.iptv.portal.mock.preferences.AvatarPreferenceStorage#0,com.ericsson.iptv.portal.mock.preferences.DeviceEbcPreferenceStorage#0,com.ericsson.iptv.portal.mock.preferences.DefaultUserPreferenceOptions#0,com.ericsson.iptv.portal.mock.preferences.DefaultUserPreferenceStorage#0,com.ericsson.iptv.portal.mock.preferences.FirstNamePreferenceStorage#0,com.ericsson.iptv.portal.mock.preferences.DeviceNamePreferenceStorage#0,com.ericsson.iptv.portal.mock.preferences.ImpuPreferenceStorage#0,com.ericsson.iptv.portal.mock.preferences.IsSuperPreferenceStorage#0,com.ericsson.iptv.portal.mock.preferences.LastNamePreferenceStorage#0,com.ericsson.iptv.portal.mock.preferences.LocalePreferenceStorage#0,com.ericsson.iptv.portal.mock.preferences.LocaleConstraintsPreferenceStorage#0,com.ericsson.iptv.portal.mock.preferences.MobilePhoneNumberPreferenceStorage#0,com.ericsson.iptv.portal.mock.preferences.NickNamePreferenceStorage#0,com.ericsson.iptv.portal.mock.preferences.PinPreferenceStorage#0,com.ericsson.iptv.portal.mock.preferences.RatingPreferenceStorage#0,com.ericsson.iptv.portal.mock.preferences.RatingAsStringPreferenceStorage#0,com.ericsson.iptv.portal.mock.preferences.AuthenticationIdPreferenceStorage#0,com.ericsson.iptv.portal.mock.preferences.GeoLocationPreferenceStorage#0,com.ericsson.iptv.portal.mock.preferences.RegionPreferenceStorage#0,com.ericsson.iptv.portal.mock.preferences.MaxRecordingBufferTimePreferenceStorage#0,com.ericsson.iptv.portal.mock.preferences.MaxRecordingTimeDurationPreferenceStorage#0,com.ericsson.iptv.portal.mock.preferences.PreferredEquipmentIdPreferenceStorage#0,com.ericsson.iptv.portal.mock.preferences.PreferredEquipmentIdPreferenceOptions#0,com.ericsson.iptv.portal.mock.preferences.OthersViewMinePreferenceStorage#0,com.ericsson.iptv.portal.mock.preferences.ViewAcrossDevicePreferenceStorage#0,com.ericsson.iptv.portal.mock.preferences.ViewOthersRemindersPreferenceStorage#0,com.ericsson.iptv.portal.mock.periodicpoll.PortalSelectorPoll#0,com.ericsson.iptv.portal.mock.upgrade.UpgradeGraceHoursPreferenceStorage#0,com.ericsson.iptv.portal.mock.upgrade.UpgradeNotificationHoursPreferenceStorage#0,com.ericsson.iptv.portal.mock.upgrade.UpgradeRandomHoursPreferenceStorage#0,com.ericsson.iptv.portal.mock.upgrade.UpgradeReloadHourPreferenceStorage#0,com.ericsson.iptv.portal.mock.preferences.EpgPolicyPreferenceStorage#0,com.ericsson.iptv.portal.mock.preferences.UserCentricRecordingPreferenceStorage#0,mockCdsBean,cdsController,cdsConfController,mockConfController,longPollController,com.ericsson.iptv.portal.mock.cds.LongPollConstraint#0,com.ericsson.iptv.portal.mock.cds.SspUrlPreferenceStorage#0,multipartResolver,sspMockSenderController,reloadMockDataController,exportMockDataController,importMockDataController,configRegister,fwMockConfigManager,fwConfigReader,com.ericsson.iptv.portal.mock.fwconfig.mbean.FwConfigManager#0,com.ericsson.iptv.portal.mock.usermodel.mbean.UserModelManager#0,imageprocessorConfigManager,currentRequestComponent,org.jboss.logging.JbossLoggingRuntimeCheck#0,validator,org.springframework.validation.beanvalidation.MethodValidationPostProcessor#0,txManager,org.springframework.aop.config.internalAutoProxyCreator,org.springframework.transaction.annotation.AnnotationTransactionAttributeSource#0,org.springframework.transaction.interceptor.TransactionInterceptor#0,org.springframework.transaction.config.internalTransactionAdvisor,mbeanServer,artifactBase,artifactInfo,com.ericsson.iptv.portal.fw.logdisabler.LogDisabler#0,migrationManager,servletFilterManager,dynamicFilterManager,artifactFilterManager,filterManager,periodicPollManager,constraintManager,preferenceManager,fwModuleFactory,discoveryManager,notificationManager,fwConfigUser,initParameterManager,userModelUser,httpRequestUser,widgetConfigManager,interceptorManager,portalInterceptors,com.ericsson.iptv.portal.fw.spring.PatchedRequestMappingHandlerAdapter#0,org.springframework.web.servlet.mvc.SimpleControllerHandlerAdapter#0,org.springframework.web.servlet.mvc.HttpRequestHandlerAdapter#0,org.springframework.web.servlet.mvc.method.annotation.RequestMappingHandlerMapping#0,org.springframework.web.servlet.view.BeanNameViewResolver#0,jsonView,exceptionResolver,javax.servlet.http.HttpServletResponse.SC_BAD_REQUEST,defaultExceptionView,bindExceptionView,forbiddenView,methodNotAllowedView,mediaTypeNotSupportedView,parseExceptionView,mockCommonConfigReader,mockDataManager,com.ericsson.iptv.portal.common.backend.mock.MockMBeanInterceptor#0,org.springframework.context.annotation.ConfigurationClassPostProcessor.importAwareProcessor]; root of factory hierarchy
Feb 13, 2018 1:08:57 PM org.springframework.web.context.support.XmlWebApplicationContext doClose
INFO: Closing WebApplicationContext for namespace 'dispatcherServlet-servlet': startup date [Mon Feb 12 16:15:18 IST 2018]; root of context hierarchy
Feb 13, 2018 1:08:57 PM org.springframework.beans.factory.support.DefaultListableBeanFactory destroySingletons
INFO: Destroying singletons in org.springframework.beans.factory.support.DefaultListableBeanFactory@91328ab: defining beans [com.ericsson.iptv.portal.avalanche.common.init.SplashScreenProvider#0,com.ericsson.iptv.portal.avalanche.common.init.ViewportProvider#0,com.ericsson.iptv.portal.avalanche.common.init.ReloadMessageProvider#0,com.ericsson.iptv.portal.avalanche.common.init.FontProvider#0,currentRequestComponent,org.springframework.context.annotation.internalConfigurationAnnotationProcessor,org.springframework.context.annotation.internalAutowiredAnnotationProcessor,org.springframework.context.annotation.internalRequiredAnnotationProcessor,org.springframework.context.annotation.internalCommonAnnotationProcessor,org.jboss.logging.JbossLoggingRuntimeCheck#0,validator,org.springframework.validation.beanvalidation.MethodValidationPostProcessor#0,txManager,org.springframework.aop.config.internalAutoProxyCreator,org.springframework.transaction.annotation.AnnotationTransactionAttributeSource#0,org.springframework.transaction.interceptor.TransactionInterceptor#0,org.springframework.transaction.config.internalTransactionAdvisor,mbeanServer,artifactBase,artifactInfo,com.ericsson.iptv.portal.fw.logdisabler.LogDisabler#0,migrationManager,servletFilterManager,dynamicFilterManager,artifactFilterManager,filterManager,periodicPollManager,constraintManager,preferenceManager,fwModuleFactory,discoveryManager,notificationManager,fwConfigUser,initParameterManager,userModelUser,httpRequestUser,widgetConfigManager,interceptorManager,portalInterceptors,com.ericsson.iptv.portal.fw.spring.PatchedRequestMappingHandlerAdapter#0,org.springframework.web.servlet.mvc.SimpleControllerHandlerAdapter#0,org.springframework.web.servlet.mvc.HttpRequestHandlerAdapter#0,org.springframework.web.servlet.mvc.method.annotation.RequestMappingHandlerMapping#0,org.springframework.web.servlet.view.BeanNameViewResolver#0,jsonView,exceptionResolver,javax.servlet.http.HttpServletResponse.SC_BAD_REQUEST,defaultExceptionView,bindExceptionView,forbiddenView,methodNotAllowedView,mediaTypeNotSupportedView,parseExceptionView,org.springframework.context.annotation.ConfigurationClassPostProcessor.importAwareProcessor]; root of factory hierarchy
Feb 13, 2018 1:08:57 PM org.springframework.web.context.support.XmlWebApplicationContext doClose
INFO: Closing WebApplicationContext for namespace 'dispatcherServlet-servlet': startup date [Mon Feb 12 16:15:19 IST 2018]; root of context hierarchy
Feb 13, 2018 1:08:57 PM org.springframework.beans.factory.support.DefaultListableBeanFactory destroySingletons
INFO: Destroying singletons in org.springframework.beans.factory.support.DefaultListableBeanFactory@6c81b3a9: defining beans [epgAttributeSelectorManager,com.ericsson.iptv.portal.avalanche.common.ViewActivityInitParameter#0,com.ericsson.iptv.portal.avalanche.common.DocTypeInitParameter#0,com.ericsson.iptv.portal.avalanche.common.epg.ProgramImageAttribute#0,com.ericsson.iptv.portal.avalanche.common.epg.ProgramDescriptionAttribute#0,com.ericsson.iptv.portal.avalanche.common.epg.ProgramGenreAttribute#0,com.ericsson.iptv.portal.avalanche.common.epg.ProgramEpisodeIdentityAttribute#0,com.ericsson.iptv.portal.avalanche.common.preferences.UserAtDeviceChannelLineupPreferenceBasis#0,com.ericsson.iptv.portal.avalanche.common.preferences.SubscriberPurchasePinPreferenceBasis#0,com.ericsson.iptv.portal.avalanche.common.preferences.UserPurchasePinPreferenceBasis#0,com.ericsson.iptv.portal.avalanche.common.preferences.AdultServiceIdsPreferenceBasis#0,com.ericsson.iptv.portal.avalanche.common.preferences.UserUsingParentalControlPreferenceBasis#0,com.ericsson.iptv.portal.avalanche.common.preferences.LastBookmarkedVodPreferenceBasis#0,com.ericsson.iptv.portal.avalanche.common.preferences.LastTunedChannelPreferenceBasis#0,com.ericsson.iptv.portal.avalanche.common.preferences.ActiveChannelFilterPreferenceBasis#0,com.ericsson.iptv.portal.avalanche.common.preferences.UserAtDeviceGuidePreferenceBasis#0,com.ericsson.iptv.portal.avalanche.common.preferences.VideoCategoryPreferenceBasis#0,com.ericsson.iptv.portal.avalanche.common.preferences.MovieCategoryPreferenceBasis#0,com.ericsson.iptv.portal.avalanche.common.preferences.AdultCategoryPreferenceBasis#0,com.ericsson.iptv.portal.avalanche.common.preferences.BroadcastTVGenresPreferenceBasis#0,com.ericsson.iptv.portal.avalanche.common.preferences.DeviceTypesPreferenceBasis#0,com.ericsson.iptv.portal.avalanche.common.preferences.DeviceDefaultUserPreferenceBasis#0,com.ericsson.iptv.portal.avalanche.common.preferences.DisabledEpgCatchupPreferenceBasis#0,com.ericsson.iptv.portal.avalanche.common.preferences.VodAudioLanguagesPreferenceBasis#0,com.ericsson.iptv.portal.avalanche.common.preferences.VodGenresPreferenceBasis#0,com.ericsson.iptv.portal.avalanche.common.device.constraints.devicetype.SmallPhoneConstraintProvider#0,com.ericsson.iptv.portal.avalanche.common.device.constraints.devicetype.NormalPhoneConstraintProvider#0,com.ericsson.iptv.portal.avalanche.common.device.constraints.devicetype.LargePhoneConstraintProvider#0,com.ericsson.iptv.portal.avalanche.common.device.constraints.devicetype.XlargeTabletConstraintProvider#0,com.ericsson.iptv.portal.avalanche.common.device.constraints.devicetype.WebConstraintProvider#0,mockPreference,com.ericsson.iptv.portal.avalanche.common.preferences.mock.MockPreferenceStorageBean#0,com.ericsson.iptv.portal.avalanche.common.preferences.mock.MockPreferenceStorageBean#1,com.ericsson.iptv.portal.avalanche.common.preferences.mock.MockPreferenceStorageBean#2,com.ericsson.iptv.portal.avalanche.common.preferences.mock.MockPreferenceStorageBean#3,com.ericsson.iptv.portal.avalanche.common.preferences.mock.MockPreferenceStorageBean#4,com.ericsson.iptv.portal.avalanche.common.preferences.mock.MockPreferenceStorageBean#5,com.ericsson.iptv.portal.avalanche.common.preferences.mock.MockPreferenceStorageBean#6,com.ericsson.iptv.portal.avalanche.common.preferences.mock.MockPreferenceStorageBean#7,com.ericsson.iptv.portal.avalanche.common.preferences.mock.MockPreferenceStorageBean#8,com.ericsson.iptv.portal.avalanche.common.preferences.mock.MockPreferenceStorageBean#9,com.ericsson.iptv.portal.avalanche.common.preferences.mock.MockPreferenceStorageBean#10,com.ericsson.iptv.portal.avalanche.common.preferences.mock.MockPreferenceStorageBean#11,com.ericsson.iptv.portal.avalanche.common.preferences.mock.MockPreferenceStorageBean#12,currentRequestComponent,org.springframework.context.annotation.internalConfigurationAnnotationProcessor,org.springframework.context.annotation.internalAutowiredAnnotationProcessor,org.springframework.context.annotation.internalRequiredAnnotationProcessor,org.springframework.context.annotation.internalCommonAnnotationProcessor,org.jboss.logging.JbossLoggingRuntimeCheck#0,validator,org.springframework.validation.beanvalidation.MethodValidationPostProcessor#0,txManager,org.springframework.aop.config.internalAutoProxyCreator,org.springframework.transaction.annotation.AnnotationTransactionAttributeSource#0,org.springframework.transaction.interceptor.TransactionInterceptor#0,org.springframework.transaction.config.internalTransactionAdvisor,mbeanServer,artifactBase,artifactInfo,com.ericsson.iptv.portal.fw.logdisabler.LogDisabler#0,migrationManager,servletFilterManager,dynamicFilterManager,artifactFilterManager,filterManager,periodicPollManager,constraintManager,preferenceManager,fwModuleFactory,discoveryManager,notificationManager,fwConfigUser,initParameterManager,userModelUser,httpRequestUser,widgetConfigManager,interceptorManager,portalInterceptors,com.ericsson.iptv.portal.fw.spring.PatchedRequestMappingHandlerAdapter#0,org.springframework.web.servlet.mvc.SimpleControllerHandlerAdapter#0,org.springframework.web.servlet.mvc.HttpRequestHandlerAdapter#0,org.springframework.web.servlet.mvc.method.annotation.RequestMappingHandlerMapping#0,org.springframework.web.servlet.view.BeanNameViewResolver#0,jsonView,exceptionResolver,javax.servlet.http.HttpServletResponse.SC_BAD_REQUEST,defaultExceptionView,bindExceptionView,forbiddenView,methodNotAllowedView,mediaTypeNotSupportedView,parseExceptionView,mockCommonConfigReader,mockDataManager,com.ericsson.iptv.portal.common.backend.mock.MockMBeanInterceptor#0,org.springframework.context.annotation.ConfigurationClassPostProcessor.importAwareProcessor]; root of factory hierarchy
Feb 13, 2018 1:08:57 PM org.apache.catalina.loader.WebappClassLoaderBase clearReferencesThreads
SEVERE: The web application [/portal-avalanche-common-war-0.0.2] appears to have started a thread named [Timer-0] but has failed to stop it. This is very likely to create a memory leak.
Feb 13, 2018 1:08:57 PM org.springframework.web.context.support.XmlWebApplicationContext doClose
INFO: Closing WebApplicationContext for namespace 'stbportal-servlet': startup date [Mon Feb 12 16:15:29 IST 2018]; root of context hierarchy
Feb 13, 2018 1:08:57 PM org.springframework.beans.factory.support.DefaultListableBeanFactory destroySingletons
INFO: Destroying singletons in org.springframework.beans.factory.support.DefaultListableBeanFactory@18f11b96: defining beans [filterManager,urlMapping,viewResolver,swArchiveBean,com.ericsson.iptv.portal.fw.widgettool.provider.UrlParameterProvider#0,artifactFilterWidget,widgetToolServlet,currentRequestComponent,org.springframework.context.annotation.internalConfigurationAnnotationProcessor,org.springframework.context.annotation.internalAutowiredAnnotationProcessor,org.springframework.context.annotation.internalRequiredAnnotationProcessor,org.springframework.context.annotation.internalCommonAnnotationProcessor,org.jboss.logging.JbossLoggingRuntimeCheck#0,validator,org.springframework.validation.beanvalidation.MethodValidationPostProcessor#0,txManager,org.springframework.aop.config.internalAutoProxyCreator,org.springframework.transaction.annotation.AnnotationTransactionAttributeSource#0,org.springframework.transaction.interceptor.TransactionInterceptor#0,org.springframework.transaction.config.internalTransactionAdvisor,mbeanServer,artifactBase,artifactInfo,com.ericsson.iptv.portal.fw.logdisabler.LogDisabler#0,migrationManager,servletFilterManager,dynamicFilterManager,artifactFilterManager,periodicPollManager,constraintManager,preferenceManager,fwModuleFactory,discoveryManager,notificationManager,fwConfigUser,initParameterManager,userModelUser,httpRequestUser,widgetConfigManager,interceptorManager,portalInterceptors,com.ericsson.iptv.portal.fw.spring.PatchedRequestMappingHandlerAdapter#0,org.springframework.web.servlet.mvc.SimpleControllerHandlerAdapter#0,org.springframework.web.servlet.mvc.HttpRequestHandlerAdapter#0,org.springframework.web.servlet.mvc.method.annotation.RequestMappingHandlerMapping#0,org.springframework.web.servlet.view.BeanNameViewResolver#0,jsonView,exceptionResolver,javax.servlet.http.HttpServletResponse.SC_BAD_REQUEST,defaultExceptionView,bindExceptionView,forbiddenView,methodNotAllowedView,mediaTypeNotSupportedView,parseExceptionView,org.springframework.context.annotation.ConfigurationClassPostProcessor.importAwareProcessor]; root of factory hierarchy
Feb 13, 2018 1:08:57 PM org.springframework.web.context.support.XmlWebApplicationContext doClose
INFO: Closing WebApplicationContext for namespace 'scfmock-servlet': startup date [Mon Feb 12 16:15:30 IST 2018]; root of context hierarchy
Feb 13, 2018 1:08:57 PM org.springframework.beans.factory.support.DefaultListableBeanFactory destroySingletons
INFO: Destroying singletons in org.springframework.beans.factory.support.DefaultListableBeanFactory@11496f0: defining beans [mockScfBean,mockScfModel,scfResponseErrorMapper,scfSpringErrorHandler,contentUrlResolver,restrictionDao,restrictionPolicyService,scfConfigMBeanImpl,scfVersionManager,sessionDao,org.springframework.context.annotation.internalConfigurationAnnotationProcessor,org.springframework.context.annotation.internalAutowiredAnnotationProcessor,org.springframework.context.annotation.internalRequiredAnnotationProcessor,org.springframework.context.annotation.internalCommonAnnotationProcessor,mbeanExporter,mvcContentNegotiationManager,org.springframework.web.servlet.mvc.method.annotation.RequestMappingHandlerMapping#0,org.springframework.format.support.FormattingConversionServiceFactoryBean#0,org.springframework.web.servlet.mvc.method.annotation.RequestMappingHandlerAdapter#0,org.springframework.web.servlet.handler.MappedInterceptor#0,org.springframework.web.servlet.mvc.method.annotation.ExceptionHandlerExceptionResolver#0,org.springframework.web.servlet.mvc.annotation.ResponseStatusExceptionResolver#0,org.springframework.web.servlet.mvc.support.DefaultHandlerExceptionResolver#0,org.springframework.web.servlet.handler.BeanNameUrlHandlerMapping,org.springframework.web.servlet.mvc.HttpRequestHandlerAdapter,org.springframework.web.servlet.mvc.SimpleControllerHandlerAdapter,sessionIdGenerator,tokenGenerator,tokenExpiryTimeConfiguration,heartbeatIntervalConfiguration,org.springframework.context.annotation.ConfigurationClassPostProcessor.importAwareProcessor]; root of factory hierarchy
Feb 13, 2018 1:08:57 PM org.springframework.jmx.export.annotation.AnnotationMBeanExporter destroy
INFO: Unregistering JMX-exposed beans on shutdown
Feb 13, 2018 1:08:57 PM org.apache.coyote.AbstractProtocol stop
INFO: Stopping ProtocolHandler ["http-bio-8186"]
Feb 13, 2018 1:08:57 PM org.apache.coyote.AbstractProtocol stop
INFO: Stopping ProtocolHandler ["ajp-bio-8009"]
Feb 13, 2018 1:08:57 PM org.apache.coyote.AbstractProtocol destroy
INFO: Destroying ProtocolHandler ["http-bio-8186"]
Feb 13, 2018 1:08:57 PM org.apache.coyote.AbstractProtocol destroy
INFO: Destroying ProtocolHandler ["ajp-bio-8009"]
