Feb 09, 2018 12:42:37 PM com.ericsson.iptv.portal.fw.backend.log.controller.FwLogController log
INFO: [14 2018-02-08 14:43:34.312][subscriber1000] [http://localhost:8186/portal-root-war/index_mock.html] com.ericsson.iptv.portal.ott.device.web.Info: Portal Application Visibility status changed to ON_REMOVE
Feb 09, 2018 12:42:54 PM com.ericsson.iptv.portal.common.imagescaler.ImageScalerBean scaledImage
SEVERE: Error reading image: http://localhost:8186/portal-coreapps-backend-mock-war-17.0.22/images/ChannelLogo.png: http://localhost:8186/portal-coreapps-backend-mock-war-17.0.22/images/ChannelLogo.png
Feb 09, 2018 12:42:54 PM com.ericsson.iptv.portal.fw.spring.ExceptionView renderMergedOutputModel
WARNING: Exception: com.ericsson.iptv.portal.fw.exceptions.CommonFault.INTERNAL_FAULT caught in /portal-imageprocessor-war-17.0.22/static/imageScaler.ajax [http://localhost:8186/portal-root-war/index_mock.html] 
java.io.FileNotFoundException: http://localhost:8186/portal-coreapps-backend-mock-war-17.0.22/images/ChannelLogo.png
	at sun.reflect.NativeConstructorAccessorImpl.newInstance0(Native Method)
	at sun.reflect.NativeConstructorAccessorImpl.newInstance(NativeConstructorAccessorImpl.java:62)
	at sun.reflect.DelegatingConstructorAccessorImpl.newInstance(DelegatingConstructorAccessorImpl.java:45)
	at java.lang.reflect.Constructor.newInstance(Constructor.java:423)
	at sun.net.www.protocol.http.HttpURLConnection$10.run(HttpURLConnection.java:1944)
	at sun.net.www.protocol.http.HttpURLConnection$10.run(HttpURLConnection.java:1939)
	at java.security.AccessController.doPrivileged(Native Method)
	at sun.net.www.protocol.http.HttpURLConnection.getChainedException(HttpURLConnection.java:1938)
	at sun.net.www.protocol.http.HttpURLConnection.getInputStream0(HttpURLConnection.java:1508)
	at sun.net.www.protocol.http.HttpURLConnection.getInputStream(HttpURLConnection.java:1492)
	at com.ericsson.iptv.portal.common.imagescaler.ImageScalerBean.scaledImage(ImageScalerBean.java:171)
	at com.ericsson.iptv.portal.common.imagescaler.ImageScalerBean.getScaledImage(ImageScalerBean.java:146)
	at sun.reflect.NativeMethodAccessorImpl.invoke0(Native Method)
	at sun.reflect.NativeMethodAccessorImpl.invoke(NativeMethodAccessorImpl.java:62)
	at sun.reflect.DelegatingMethodAccessorImpl.invoke(DelegatingMethodAccessorImpl.java:43)
	at java.lang.reflect.Method.invoke(Method.java:498)
	at org.springframework.aop.support.AopUtils.invokeJoinpointUsingReflection(AopUtils.java:317)
	at org.springframework.aop.framework.ReflectiveMethodInvocation.invokeJoinpoint(ReflectiveMethodInvocation.java:183)
	at org.springframework.aop.framework.ReflectiveMethodInvocation.proceed(ReflectiveMethodInvocation.java:150)
	at org.springframework.transaction.interceptor.TransactionInterceptor$1.proceedWithInvocation(TransactionInterceptor.java:96)
	at org.springframework.transaction.interceptor.TransactionAspectSupport.invokeWithinTransaction(TransactionAspectSupport.java:260)
	at org.springframework.transaction.interceptor.TransactionInterceptor.invoke(TransactionInterceptor.java:94)
	at org.springframework.aop.framework.ReflectiveMethodInvocation.proceed(ReflectiveMethodInvocation.java:172)
	at org.springframework.aop.framework.JdkDynamicAopProxy.invoke(JdkDynamicAopProxy.java:204)
	at com.sun.proxy.$Proxy111.getScaledImage(Unknown Source)
	at sun.reflect.NativeMethodAccessorImpl.invoke0(Native Method)
	at sun.reflect.NativeMethodAccessorImpl.invoke(NativeMethodAccessorImpl.java:62)
	at sun.reflect.DelegatingMethodAccessorImpl.invoke(DelegatingMethodAccessorImpl.java:43)
	at java.lang.reflect.Method.invoke(Method.java:498)
	at org.springframework.web.method.support.InvocableHandlerMethod.invoke(InvocableHandlerMethod.java:215)
	at org.springframework.web.method.support.InvocableHandlerMethod.invokeForRequest(InvocableHandlerMethod.java:132)
	at org.springframework.web.servlet.mvc.method.annotation.ServletInvocableHandlerMethod.invokeAndHandle(ServletInvocableHandlerMethod.java:104)
	at org.springframework.web.servlet.mvc.method.annotation.RequestMappingHandlerAdapter.invokeHandleMethod(RequestMappingHandlerAdapter.java:743)
	at org.springframework.web.servlet.mvc.method.annotation.RequestMappingHandlerAdapter.handleInternal(RequestMappingHandlerAdapter.java:672)
	at org.springframework.web.servlet.mvc.method.AbstractHandlerMethodAdapter.handle(AbstractHandlerMethodAdapter.java:82)
	at org.springframework.web.servlet.DispatcherServlet.doDispatch(DispatcherServlet.java:919)
	at org.springframework.web.servlet.DispatcherServlet.doService(DispatcherServlet.java:851)
	at org.springframework.web.servlet.FrameworkServlet.processRequest(FrameworkServlet.java:953)
	at org.springframework.web.servlet.FrameworkServlet.doGet(FrameworkServlet.java:844)
	at javax.servlet.http.HttpServlet.service(HttpServlet.java:624)
	at org.springframework.web.servlet.FrameworkServlet.service(FrameworkServlet.java:829)
	at javax.servlet.http.HttpServlet.service(HttpServlet.java:731)
	at org.apache.catalina.core.ApplicationFilterChain.internalDoFilter(ApplicationFilterChain.java:303)
	at org.apache.catalina.core.ApplicationFilterChain.doFilter(ApplicationFilterChain.java:208)
	at org.apache.tomcat.websocket.server.WsFilter.doFilter(WsFilter.java:52)
	at org.apache.catalina.core.ApplicationFilterChain.internalDoFilter(ApplicationFilterChain.java:241)
	at org.apache.catalina.core.ApplicationFilterChain.doFilter(ApplicationFilterChain.java:208)
	at com.ericsson.iptv.portal.fw.servlet.PortalServletFilter$FilterChainImpl.doFilter(PortalServletFilter.java:78)
	at com.ericsson.iptv.portal.fw.servlet.mbean.ServletFilterManager$FilterChainImpl.doFilter(ServletFilterManager.java:68)
	at com.ericsson.iptv.portal.fw.cors.AbstractCorsRequestFilter.doFilter(AbstractCorsRequestFilter.java:130)
	at com.ericsson.iptv.portal.mock.cors.CorsRequestFilter.doFilter(CorsRequestFilter.java:57)
	at sun.reflect.GeneratedMethodAccessor294.invoke(Unknown Source)
	at sun.reflect.DelegatingMethodAccessorImpl.invoke(DelegatingMethodAccessorImpl.java:43)
	at java.lang.reflect.Method.invoke(Method.java:498)
	at org.springframework.aop.support.AopUtils.invokeJoinpointUsingReflection(AopUtils.java:317)
	at org.springframework.aop.framework.ReflectiveMethodInvocation.invokeJoinpoint(ReflectiveMethodInvocation.java:183)
	at org.springframework.aop.framework.ReflectiveMethodInvocation.proceed(ReflectiveMethodInvocation.java:150)
	at org.springframework.aop.aspectj.MethodInvocationProceedingJoinPoint.proceed(MethodInvocationProceedingJoinPoint.java:80)
	at com.ericsson.iptv.portal.common.backend.mock.MockMBeanInterceptor.performAction(MockMBeanInterceptor.java:55)
	at sun.reflect.GeneratedMethodAccessor271.invoke(Unknown Source)
	at sun.reflect.DelegatingMethodAccessorImpl.invoke(DelegatingMethodAccessorImpl.java:43)
	at java.lang.reflect.Method.invoke(Method.java:498)
	at org.springframework.aop.aspectj.AbstractAspectJAdvice.invokeAdviceMethodWithGivenArgs(AbstractAspectJAdvice.java:621)
	at org.springframework.aop.aspectj.AbstractAspectJAdvice.invokeAdviceMethod(AbstractAspectJAdvice.java:610)
	at org.springframework.aop.aspectj.AspectJAroundAdvice.invoke(AspectJAroundAdvice.java:65)
	at org.springframework.aop.framework.ReflectiveMethodInvocation.proceed(ReflectiveMethodInvocation.java:161)
	at org.springframework.aop.interceptor.ExposeInvocationInterceptor.invoke(ExposeInvocationInterceptor.java:91)
	at org.springframework.aop.framework.ReflectiveMethodInvocation.proceed(ReflectiveMethodInvocation.java:172)
	at org.springframework.aop.framework.JdkDynamicAopProxy.invoke(JdkDynamicAopProxy.java:204)
	at com.sun.proxy.$Proxy59.doFilter(Unknown Source)
	at com.ericsson.iptv.portal.fw.servlet.mbean.ServletFilterManager$FilterChainImpl.doFilter(ServletFilterManager.java:66)
	at com.ericsson.iptv.portal.fw.servlet.mbean.ServletFilterManager.internalFilter(ServletFilterManager.java:80)
	at com.ericsson.iptv.portal.fw.servlet.mbean.ServletFilterManager.internalPerformAction(ServletFilterManager.java:89)
	at com.ericsson.iptv.portal.fw.mbean.MBeanManagerBase.performAction(MBeanManagerBase.java:536)
	at com.ericsson.iptv.portal.fw.mbean.MBeanManagerBase$1.compareTo(MBeanManagerBase.java:549)
	at com.ericsson.iptv.portal.fw.mbean.MBeanManagerBase$1.compareTo(MBeanManagerBase.java:546)
	at com.ericsson.iptv.portal.fw.mbean.MBeanManagerBase$Manager.invoke(MBeanManagerBase.java:318)
	at com.ericsson.iptv.portal.fw.servlet.PortalServletFilter$FilterChainImpl.doFilter(PortalServletFilter.java:76)
	at com.ericsson.iptv.portal.fw.servlet.mbean.ServletFilterManager$FilterChainImpl.doFilter(ServletFilterManager.java:68)
	at com.ericsson.iptv.portal.fw.backend.gzip.GZIPServletFilter.doFilter(GZIPServletFilter.java:88)
	at com.ericsson.iptv.portal.fw.servlet.mbean.ServletFilterManager$FilterChainImpl.doFilter(ServletFilterManager.java:66)
	at com.ericsson.iptv.portal.fw.backend.startup.DisableDirectoryListings.doFilter(DisableDirectoryListings.java:114)
	at com.ericsson.iptv.portal.fw.servlet.mbean.ServletFilterManager$FilterChainImpl.doFilter(ServletFilterManager.java:66)
	at com.ericsson.iptv.portal.fw.backend.cache.StaticDataCacheControl.doFilter(StaticDataCacheControl.java:83)
	at com.ericsson.iptv.portal.fw.servlet.mbean.ServletFilterManager$FilterChainImpl.doFilter(ServletFilterManager.java:66)
	at com.ericsson.iptv.portal.fw.servlet.mbean.ServletFilterManager.internalFilter(ServletFilterManager.java:80)
	at com.ericsson.iptv.portal.fw.servlet.mbean.ServletFilterManager.internalPerformAction(ServletFilterManager.java:89)
	at com.ericsson.iptv.portal.fw.mbean.MBeanManagerBase.performAction(MBeanManagerBase.java:536)
	at com.ericsson.iptv.portal.fw.mbean.MBeanManagerBase$1.compareTo(MBeanManagerBase.java:549)
	at com.ericsson.iptv.portal.fw.mbean.MBeanManagerBase$1.compareTo(MBeanManagerBase.java:546)
	at com.ericsson.iptv.portal.fw.mbean.MBeanManagerBase$Manager.invoke(MBeanManagerBase.java:318)
	at com.ericsson.iptv.portal.fw.servlet.PortalServletFilter$FilterChainImpl.doFilter(PortalServletFilter.java:76)
	at com.ericsson.iptv.portal.fw.servlet.PortalServletFilter.doFilter(PortalServletFilter.java:93)
	at org.apache.catalina.core.ApplicationFilterChain.internalDoFilter(ApplicationFilterChain.java:241)
	at org.apache.catalina.core.ApplicationFilterChain.doFilter(ApplicationFilterChain.java:208)
	at org.apache.catalina.core.ApplicationDispatcher.invoke(ApplicationDispatcher.java:743)
	at org.apache.catalina.core.ApplicationDispatcher.processRequest(ApplicationDispatcher.java:485)
	at org.apache.catalina.core.ApplicationDispatcher.doForward(ApplicationDispatcher.java:410)
	at org.apache.catalina.core.ApplicationDispatcher.forward(ApplicationDispatcher.java:337)
	at com.ericsson.iptv.portal.fw.artifact.ArtifactBase.internalForwardRequest(ArtifactBase.java:325)
	at com.ericsson.iptv.portal.fw.artifact.ArtifactBase.internalPerformAction(ArtifactBase.java:351)
	at com.ericsson.iptv.portal.fw.mbean.MBeanManagerBase.performAction(MBeanManagerBase.java:536)
	at com.ericsson.iptv.portal.fw.mbean.MBeanManagerBase$1.compareTo(MBeanManagerBase.java:549)
	at com.ericsson.iptv.portal.fw.mbean.MBeanManagerBase$1.compareTo(MBeanManagerBase.java:546)
	at com.ericsson.iptv.portal.fw.mbean.MBeanManagerBase$Manager.invoke(MBeanManagerBase.java:318)
	at com.ericsson.iptv.portal.fw.mbean.MBeanManagerBase$4.invokeOn(MBeanManagerBase.java:621)
	at com.ericsson.iptv.portal.fw.mbean.MBeanManagerBase.invokeOnSingleManager(MBeanManagerBase.java:516)
	at com.ericsson.iptv.portal.fw.mbean.MBeanManagerBase.broadcast(MBeanManagerBase.java:618)
	at com.ericsson.iptv.portal.fw.artifact.ArtifactBase.forwardRequest(ArtifactBase.java:424)
	at com.ericsson.iptv.portal.proxy.ProxyServlet.service(ProxyServlet.java:130)
	at javax.servlet.http.HttpServlet.service(HttpServlet.java:731)
	at org.apache.catalina.core.ApplicationFilterChain.internalDoFilter(ApplicationFilterChain.java:303)
	at org.apache.catalina.core.ApplicationFilterChain.doFilter(ApplicationFilterChain.java:208)
	at org.apache.tomcat.websocket.server.WsFilter.doFilter(WsFilter.java:52)
	at org.apache.catalina.core.ApplicationFilterChain.internalDoFilter(ApplicationFilterChain.java:241)
	at org.apache.catalina.core.ApplicationFilterChain.doFilter(ApplicationFilterChain.java:208)
	at org.apache.catalina.core.StandardWrapperValve.invoke(StandardWrapperValve.java:219)
	at org.apache.catalina.core.StandardContextValve.invoke(StandardContextValve.java:110)
	at org.apache.catalina.authenticator.AuthenticatorBase.invoke(AuthenticatorBase.java:506)
	at org.apache.catalina.core.StandardHostValve.invoke(StandardHostValve.java:169)
	at org.apache.catalina.valves.ErrorReportValve.invoke(ErrorReportValve.java:103)
	at org.apache.catalina.valves.AccessLogValve.invoke(AccessLogValve.java:962)
	at org.apache.catalina.core.StandardEngineValve.invoke(StandardEngineValve.java:116)
	at org.apache.catalina.connector.CoyoteAdapter.service(CoyoteAdapter.java:445)
	at org.apache.coyote.http11.AbstractHttp11Processor.process(AbstractHttp11Processor.java:1115)
	at org.apache.coyote.AbstractProtocol$AbstractConnectionHandler.process(AbstractProtocol.java:637)
	at org.apache.tomcat.util.net.JIoEndpoint$SocketProcessor.run(JIoEndpoint.java:318)
	at java.util.concurrent.ThreadPoolExecutor.runWorker(ThreadPoolExecutor.java:1149)
	at java.util.concurrent.ThreadPoolExecutor$Worker.run(ThreadPoolExecutor.java:624)
	at org.apache.tomcat.util.threads.TaskThread$WrappingRunnable.run(TaskThread.java:61)
	at java.lang.Thread.run(Thread.java:748)
Caused by: java.io.FileNotFoundException: http://localhost:8186/portal-coreapps-backend-mock-war-17.0.22/images/ChannelLogo.png
	at sun.net.www.protocol.http.HttpURLConnection.getInputStream0(HttpURLConnection.java:1890)
	at sun.net.www.protocol.http.HttpURLConnection.getInputStream(HttpURLConnection.java:1492)
	at sun.net.www.protocol.http.HttpURLConnection.getHeaderField(HttpURLConnection.java:3000)
	at java.net.URLConnection.getContentType(URLConnection.java:512)
	at com.ericsson.iptv.portal.common.imagescaler.ImageScalerBean.scaledImage(ImageScalerBean.java:168)
	... 120 more

Feb 09, 2018 12:42:54 PM com.ericsson.iptv.portal.fw.backend.log.controller.FwLogController log
INFO: [37 2018-02-08 14:42:32.100][OJme9a/ihAH4cAE6aejGjE99MWo=] [subscriber1000] [user1] [http://localhost:8186/portal-root-war/index_mock.html] com.ericsson.iptv.portal.ott.device.web.MediaPlayer: MediaPlayerMiniIF->setUrl with url:http://172.16.124.16/webdav/content/gl_clear_live/index.m3u8, live:true, mediaInfo:
Feb 09, 2018 12:42:54 PM com.ericsson.iptv.portal.fw.backend.log.controller.FwLogController log
INFO: [38 2018-02-08 14:42:32.100][OJme9a/ihAH4cAE6aejGjE99MWo=] [subscriber1000] [user1] [http://localhost:8186/portal-root-war/index_mock.html] com.ericsson.iptv.portal.ott.device.web.MediaPlayer: {audioTrack:{iso_639_2bt_code:eng}}
Feb 09, 2018 12:42:54 PM com.ericsson.iptv.portal.fw.backend.log.controller.FwLogController log
INFO: [39 2018-02-08 14:42:32.105][OJme9a/ihAH4cAE6aejGjE99MWo=] [subscriber1000] [user1] [http://localhost:8186/portal-root-war/index_mock.html] com.ericsson.iptv.portal.ott.device.web.MediaPlayer: Apply user selected audio language:eng
Feb 09, 2018 12:42:54 PM com.ericsson.iptv.portal.fw.backend.log.controller.FwLogController log
WARNING: [40 2018-02-08 14:42:32.107][OJme9a/ihAH4cAE6aejGjE99MWo=] [subscriber1000] [user1] [http://localhost:8186/portal-root-war/index_mock.html] com.ericsson.iptv.portal.ott.device.web.Base: No plugin is configured in the backend!
Feb 09, 2018 12:42:54 PM com.ericsson.iptv.portal.fw.backend.log.controller.FwLogController log
INFO: [41 2018-02-08 14:42:32.493][OJme9a/ihAH4cAE6aejGjE99MWo=] [subscriber1000] [user1] [http://localhost:8186/portal-root-war/index_mock.html] com.ericsson.iptv.portal.ott.device.web.MediaPlayer: Content Open Finished!
Feb 09, 2018 12:42:54 PM com.ericsson.iptv.portal.fw.backend.log.controller.FwLogController log
INFO: [42 2018-02-08 14:42:32.524][OJme9a/ihAH4cAE6aejGjE99MWo=] [subscriber1000] [user1] [http://localhost:8186/portal-root-war/index_mock.html] com.ericsson.iptv.portal.ott.device.web.MediaPlayer: Start Video Buffering...
Feb 09, 2018 12:42:55 PM com.ericsson.iptv.portal.fw.backend.log.controller.FwLogController log
INFO: [43 2018-02-08 14:42:32.926][OJme9a/ihAH4cAE6aejGjE99MWo=] [subscriber1000] [user1] [http://localhost:8186/portal-root-war/index_mock.html] com.ericsson.iptv.portal.ott.device.web.MediaPlayer: Video Size changed to 640 x 480
Feb 09, 2018 12:42:55 PM com.ericsson.iptv.portal.fw.backend.log.controller.FwLogController log
INFO: [44 2018-02-08 14:42:32.926][OJme9a/ihAH4cAE6aejGjE99MWo=] [subscriber1000] [user1] [http://localhost:8186/portal-root-war/index_mock.html] com.ericsson.iptv.portal.ott.device.web.MediaPlayer: Video/Audio Buffering completed.
Feb 09, 2018 12:42:55 PM com.ericsson.iptv.portal.fw.backend.log.controller.FwLogController log
INFO: [45 2018-02-08 14:42:32.952][OJme9a/ihAH4cAE6aejGjE99MWo=] [subscriber1000] [user1] [http://localhost:8186/portal-root-war/index_mock.html] com.ericsson.iptv.portal.ott.device.web.MediaPlayer: Playback started!
Feb 09, 2018 12:43:36 PM com.ericsson.iptv.portal.fw.backend.log.controller.FwLogController log
INFO: [46 2018-02-08 14:43:14.416][OJme9a/ihAH4cAE6aejGjE99MWo=] [subscriber1000] [user1] [http://localhost:8186/portal-root-war/index_mock.html] com.ericsson.iptv.portal.ott.device.web.MediaPlayer: Start Audio Buffering...
Feb 09, 2018 12:43:37 PM com.ericsson.iptv.portal.fw.backend.log.controller.FwLogController log
INFO: [47 2018-02-08 14:43:14.920][OJme9a/ihAH4cAE6aejGjE99MWo=] [subscriber1000] [user1] [http://localhost:8186/portal-root-war/index_mock.html] com.ericsson.iptv.portal.ott.device.web.MediaPlayer: Start Video Buffering...
Feb 09, 2018 1:00:22 PM com.ericsson.iptv.portal.common.imagescaler.ImageScalerBean scaledImage
SEVERE: Error reading image: http://localhost:8186/portal-coreapps-backend-mock-war-17.0.22/images/ProgramPoster.jpg: http://localhost:8186/portal-coreapps-backend-mock-war-17.0.22/images/ProgramPoster.jpg
Feb 09, 2018 1:00:22 PM com.ericsson.iptv.portal.fw.spring.ExceptionView renderMergedOutputModel
WARNING: Exception: com.ericsson.iptv.portal.fw.exceptions.CommonFault.INTERNAL_FAULT caught in /portal-imageprocessor-war-17.0.22/static/imageScaler.ajax [http://localhost:8186/portal-root-war/index_mock.html] 
java.io.FileNotFoundException: http://localhost:8186/portal-coreapps-backend-mock-war-17.0.22/images/ProgramPoster.jpg
	at sun.reflect.NativeConstructorAccessorImpl.newInstance0(Native Method)
	at sun.reflect.NativeConstructorAccessorImpl.newInstance(NativeConstructorAccessorImpl.java:62)
	at sun.reflect.DelegatingConstructorAccessorImpl.newInstance(DelegatingConstructorAccessorImpl.java:45)
	at java.lang.reflect.Constructor.newInstance(Constructor.java:423)
	at sun.net.www.protocol.http.HttpURLConnection$10.run(HttpURLConnection.java:1944)
	at sun.net.www.protocol.http.HttpURLConnection$10.run(HttpURLConnection.java:1939)
	at java.security.AccessController.doPrivileged(Native Method)
	at sun.net.www.protocol.http.HttpURLConnection.getChainedException(HttpURLConnection.java:1938)
	at sun.net.www.protocol.http.HttpURLConnection.getInputStream0(HttpURLConnection.java:1508)
	at sun.net.www.protocol.http.HttpURLConnection.getInputStream(HttpURLConnection.java:1492)
	at com.ericsson.iptv.portal.common.imagescaler.ImageScalerBean.scaledImage(ImageScalerBean.java:171)
	at com.ericsson.iptv.portal.common.imagescaler.ImageScalerBean.getScaledImage(ImageScalerBean.java:146)
	at sun.reflect.NativeMethodAccessorImpl.invoke0(Native Method)
	at sun.reflect.NativeMethodAccessorImpl.invoke(NativeMethodAccessorImpl.java:62)
	at sun.reflect.DelegatingMethodAccessorImpl.invoke(DelegatingMethodAccessorImpl.java:43)
	at java.lang.reflect.Method.invoke(Method.java:498)
	at org.springframework.aop.support.AopUtils.invokeJoinpointUsingReflection(AopUtils.java:317)
	at org.springframework.aop.framework.ReflectiveMethodInvocation.invokeJoinpoint(ReflectiveMethodInvocation.java:183)
	at org.springframework.aop.framework.ReflectiveMethodInvocation.proceed(ReflectiveMethodInvocation.java:150)
	at org.springframework.transaction.interceptor.TransactionInterceptor$1.proceedWithInvocation(TransactionInterceptor.java:96)
	at org.springframework.transaction.interceptor.TransactionAspectSupport.invokeWithinTransaction(TransactionAspectSupport.java:260)
	at org.springframework.transaction.interceptor.TransactionInterceptor.invoke(TransactionInterceptor.java:94)
	at org.springframework.aop.framework.ReflectiveMethodInvocation.proceed(ReflectiveMethodInvocation.java:172)
	at org.springframework.aop.framework.JdkDynamicAopProxy.invoke(JdkDynamicAopProxy.java:204)
	at com.sun.proxy.$Proxy111.getScaledImage(Unknown Source)
	at sun.reflect.NativeMethodAccessorImpl.invoke0(Native Method)
	at sun.reflect.NativeMethodAccessorImpl.invoke(NativeMethodAccessorImpl.java:62)
	at sun.reflect.DelegatingMethodAccessorImpl.invoke(DelegatingMethodAccessorImpl.java:43)
	at java.lang.reflect.Method.invoke(Method.java:498)
	at org.springframework.web.method.support.InvocableHandlerMethod.invoke(InvocableHandlerMethod.java:215)
	at org.springframework.web.method.support.InvocableHandlerMethod.invokeForRequest(InvocableHandlerMethod.java:132)
	at org.springframework.web.servlet.mvc.method.annotation.ServletInvocableHandlerMethod.invokeAndHandle(ServletInvocableHandlerMethod.java:104)
	at org.springframework.web.servlet.mvc.method.annotation.RequestMappingHandlerAdapter.invokeHandleMethod(RequestMappingHandlerAdapter.java:743)
	at org.springframework.web.servlet.mvc.method.annotation.RequestMappingHandlerAdapter.handleInternal(RequestMappingHandlerAdapter.java:672)
	at org.springframework.web.servlet.mvc.method.AbstractHandlerMethodAdapter.handle(AbstractHandlerMethodAdapter.java:82)
	at org.springframework.web.servlet.DispatcherServlet.doDispatch(DispatcherServlet.java:919)
	at org.springframework.web.servlet.DispatcherServlet.doService(DispatcherServlet.java:851)
	at org.springframework.web.servlet.FrameworkServlet.processRequest(FrameworkServlet.java:953)
	at org.springframework.web.servlet.FrameworkServlet.doGet(FrameworkServlet.java:844)
	at javax.servlet.http.HttpServlet.service(HttpServlet.java:624)
	at org.springframework.web.servlet.FrameworkServlet.service(FrameworkServlet.java:829)
	at javax.servlet.http.HttpServlet.service(HttpServlet.java:731)
	at org.apache.catalina.core.ApplicationFilterChain.internalDoFilter(ApplicationFilterChain.java:303)
	at org.apache.catalina.core.ApplicationFilterChain.doFilter(ApplicationFilterChain.java:208)
	at org.apache.tomcat.websocket.server.WsFilter.doFilter(WsFilter.java:52)
	at org.apache.catalina.core.ApplicationFilterChain.internalDoFilter(ApplicationFilterChain.java:241)
	at org.apache.catalina.core.ApplicationFilterChain.doFilter(ApplicationFilterChain.java:208)
	at com.ericsson.iptv.portal.fw.servlet.PortalServletFilter$FilterChainImpl.doFilter(PortalServletFilter.java:78)
	at com.ericsson.iptv.portal.fw.servlet.mbean.ServletFilterManager$FilterChainImpl.doFilter(ServletFilterManager.java:68)
	at com.ericsson.iptv.portal.fw.cors.AbstractCorsRequestFilter.doFilter(AbstractCorsRequestFilter.java:130)
	at com.ericsson.iptv.portal.mock.cors.CorsRequestFilter.doFilter(CorsRequestFilter.java:57)
	at sun.reflect.GeneratedMethodAccessor294.invoke(Unknown Source)
	at sun.reflect.DelegatingMethodAccessorImpl.invoke(DelegatingMethodAccessorImpl.java:43)
	at java.lang.reflect.Method.invoke(Method.java:498)
	at org.springframework.aop.support.AopUtils.invokeJoinpointUsingReflection(AopUtils.java:317)
	at org.springframework.aop.framework.ReflectiveMethodInvocation.invokeJoinpoint(ReflectiveMethodInvocation.java:183)
	at org.springframework.aop.framework.ReflectiveMethodInvocation.proceed(ReflectiveMethodInvocation.java:150)
	at org.springframework.aop.aspectj.MethodInvocationProceedingJoinPoint.proceed(MethodInvocationProceedingJoinPoint.java:80)
	at com.ericsson.iptv.portal.common.backend.mock.MockMBeanInterceptor.performAction(MockMBeanInterceptor.java:55)
	at sun.reflect.GeneratedMethodAccessor271.invoke(Unknown Source)
	at sun.reflect.DelegatingMethodAccessorImpl.invoke(DelegatingMethodAccessorImpl.java:43)
	at java.lang.reflect.Method.invoke(Method.java:498)
	at org.springframework.aop.aspectj.AbstractAspectJAdvice.invokeAdviceMethodWithGivenArgs(AbstractAspectJAdvice.java:621)
	at org.springframework.aop.aspectj.AbstractAspectJAdvice.invokeAdviceMethod(AbstractAspectJAdvice.java:610)
	at org.springframework.aop.aspectj.AspectJAroundAdvice.invoke(AspectJAroundAdvice.java:65)
	at org.springframework.aop.framework.ReflectiveMethodInvocation.proceed(ReflectiveMethodInvocation.java:161)
	at org.springframework.aop.interceptor.ExposeInvocationInterceptor.invoke(ExposeInvocationInterceptor.java:91)
	at org.springframework.aop.framework.ReflectiveMethodInvocation.proceed(ReflectiveMethodInvocation.java:172)
	at org.springframework.aop.framework.JdkDynamicAopProxy.invoke(JdkDynamicAopProxy.java:204)
	at com.sun.proxy.$Proxy59.doFilter(Unknown Source)
	at com.ericsson.iptv.portal.fw.servlet.mbean.ServletFilterManager$FilterChainImpl.doFilter(ServletFilterManager.java:66)
	at com.ericsson.iptv.portal.fw.servlet.mbean.ServletFilterManager.internalFilter(ServletFilterManager.java:80)
	at com.ericsson.iptv.portal.fw.servlet.mbean.ServletFilterManager.internalPerformAction(ServletFilterManager.java:89)
	at com.ericsson.iptv.portal.fw.mbean.MBeanManagerBase.performAction(MBeanManagerBase.java:536)
	at com.ericsson.iptv.portal.fw.mbean.MBeanManagerBase$1.compareTo(MBeanManagerBase.java:549)
	at com.ericsson.iptv.portal.fw.mbean.MBeanManagerBase$1.compareTo(MBeanManagerBase.java:546)
	at com.ericsson.iptv.portal.fw.mbean.MBeanManagerBase$Manager.invoke(MBeanManagerBase.java:318)
	at com.ericsson.iptv.portal.fw.servlet.PortalServletFilter$FilterChainImpl.doFilter(PortalServletFilter.java:76)
	at com.ericsson.iptv.portal.fw.servlet.mbean.ServletFilterManager$FilterChainImpl.doFilter(ServletFilterManager.java:68)
	at com.ericsson.iptv.portal.fw.backend.gzip.GZIPServletFilter.doFilter(GZIPServletFilter.java:88)
	at com.ericsson.iptv.portal.fw.servlet.mbean.ServletFilterManager$FilterChainImpl.doFilter(ServletFilterManager.java:66)
	at com.ericsson.iptv.portal.fw.backend.startup.DisableDirectoryListings.doFilter(DisableDirectoryListings.java:114)
	at com.ericsson.iptv.portal.fw.servlet.mbean.ServletFilterManager$FilterChainImpl.doFilter(ServletFilterManager.java:66)
	at com.ericsson.iptv.portal.fw.backend.cache.StaticDataCacheControl.doFilter(StaticDataCacheControl.java:83)
	at com.ericsson.iptv.portal.fw.servlet.mbean.ServletFilterManager$FilterChainImpl.doFilter(ServletFilterManager.java:66)
	at com.ericsson.iptv.portal.fw.servlet.mbean.ServletFilterManager.internalFilter(ServletFilterManager.java:80)
	at com.ericsson.iptv.portal.fw.servlet.mbean.ServletFilterManager.internalPerformAction(ServletFilterManager.java:89)
	at com.ericsson.iptv.portal.fw.mbean.MBeanManagerBase.performAction(MBeanManagerBase.java:536)
	at com.ericsson.iptv.portal.fw.mbean.MBeanManagerBase$1.compareTo(MBeanManagerBase.java:549)
	at com.ericsson.iptv.portal.fw.mbean.MBeanManagerBase$1.compareTo(MBeanManagerBase.java:546)
	at com.ericsson.iptv.portal.fw.mbean.MBeanManagerBase$Manager.invoke(MBeanManagerBase.java:318)
	at com.ericsson.iptv.portal.fw.servlet.PortalServletFilter$FilterChainImpl.doFilter(PortalServletFilter.java:76)
	at com.ericsson.iptv.portal.fw.servlet.PortalServletFilter.doFilter(PortalServletFilter.java:93)
	at org.apache.catalina.core.ApplicationFilterChain.internalDoFilter(ApplicationFilterChain.java:241)
	at org.apache.catalina.core.ApplicationFilterChain.doFilter(ApplicationFilterChain.java:208)
	at org.apache.catalina.core.ApplicationDispatcher.invoke(ApplicationDispatcher.java:743)
	at org.apache.catalina.core.ApplicationDispatcher.processRequest(ApplicationDispatcher.java:485)
	at org.apache.catalina.core.ApplicationDispatcher.doForward(ApplicationDispatcher.java:410)
	at org.apache.catalina.core.ApplicationDispatcher.forward(ApplicationDispatcher.java:337)
	at com.ericsson.iptv.portal.fw.artifact.ArtifactBase.internalForwardRequest(ArtifactBase.java:325)
	at com.ericsson.iptv.portal.fw.artifact.ArtifactBase.internalPerformAction(ArtifactBase.java:351)
	at com.ericsson.iptv.portal.fw.mbean.MBeanManagerBase.performAction(MBeanManagerBase.java:536)
	at com.ericsson.iptv.portal.fw.mbean.MBeanManagerBase$1.compareTo(MBeanManagerBase.java:549)
	at com.ericsson.iptv.portal.fw.mbean.MBeanManagerBase$1.compareTo(MBeanManagerBase.java:546)
	at com.ericsson.iptv.portal.fw.mbean.MBeanManagerBase$Manager.invoke(MBeanManagerBase.java:318)
	at com.ericsson.iptv.portal.fw.mbean.MBeanManagerBase$4.invokeOn(MBeanManagerBase.java:621)
	at com.ericsson.iptv.portal.fw.mbean.MBeanManagerBase.invokeOnSingleManager(MBeanManagerBase.java:516)
	at com.ericsson.iptv.portal.fw.mbean.MBeanManagerBase.broadcast(MBeanManagerBase.java:618)
	at com.ericsson.iptv.portal.fw.artifact.ArtifactBase.forwardRequest(ArtifactBase.java:424)
	at com.ericsson.iptv.portal.proxy.ProxyServlet.service(ProxyServlet.java:130)
	at javax.servlet.http.HttpServlet.service(HttpServlet.java:731)
	at org.apache.catalina.core.ApplicationFilterChain.internalDoFilter(ApplicationFilterChain.java:303)
	at org.apache.catalina.core.ApplicationFilterChain.doFilter(ApplicationFilterChain.java:208)
	at org.apache.tomcat.websocket.server.WsFilter.doFilter(WsFilter.java:52)
	at org.apache.catalina.core.ApplicationFilterChain.internalDoFilter(ApplicationFilterChain.java:241)
	at org.apache.catalina.core.ApplicationFilterChain.doFilter(ApplicationFilterChain.java:208)
	at org.apache.catalina.core.StandardWrapperValve.invoke(StandardWrapperValve.java:219)
	at org.apache.catalina.core.StandardContextValve.invoke(StandardContextValve.java:110)
	at org.apache.catalina.authenticator.AuthenticatorBase.invoke(AuthenticatorBase.java:506)
	at org.apache.catalina.core.StandardHostValve.invoke(StandardHostValve.java:169)
	at org.apache.catalina.valves.ErrorReportValve.invoke(ErrorReportValve.java:103)
	at org.apache.catalina.valves.AccessLogValve.invoke(AccessLogValve.java:962)
	at org.apache.catalina.core.StandardEngineValve.invoke(StandardEngineValve.java:116)
	at org.apache.catalina.connector.CoyoteAdapter.service(CoyoteAdapter.java:445)
	at org.apache.coyote.http11.AbstractHttp11Processor.process(AbstractHttp11Processor.java:1115)
	at org.apache.coyote.AbstractProtocol$AbstractConnectionHandler.process(AbstractProtocol.java:637)
	at org.apache.tomcat.util.net.JIoEndpoint$SocketProcessor.run(JIoEndpoint.java:318)
	at java.util.concurrent.ThreadPoolExecutor.runWorker(ThreadPoolExecutor.java:1149)
	at java.util.concurrent.ThreadPoolExecutor$Worker.run(ThreadPoolExecutor.java:624)
	at org.apache.tomcat.util.threads.TaskThread$WrappingRunnable.run(TaskThread.java:61)
	at java.lang.Thread.run(Thread.java:748)
Caused by: java.io.FileNotFoundException: http://localhost:8186/portal-coreapps-backend-mock-war-17.0.22/images/ProgramPoster.jpg
	at sun.net.www.protocol.http.HttpURLConnection.getInputStream0(HttpURLConnection.java:1890)
	at sun.net.www.protocol.http.HttpURLConnection.getInputStream(HttpURLConnection.java:1492)
	at sun.net.www.protocol.http.HttpURLConnection.getHeaderField(HttpURLConnection.java:3000)
	at java.net.URLConnection.getContentType(URLConnection.java:512)
	at com.ericsson.iptv.portal.common.imagescaler.ImageScalerBean.scaledImage(ImageScalerBean.java:168)
	... 120 more

Feb 09, 2018 1:30:33 PM com.ericsson.iptv.portal.fw.backend.log.controller.FwLogController log
INFO: [48 2018-02-08 15:30:09.789][OJme9a/ihAH4cAE6aejGjE99MWo=] [subscriber1000] [user1] [http://localhost:8186/portal-root-war/index_mock.html] com.ericsson.iptv.portal.ott.device.web.MediaPlayer: Video/Audio Buffering completed.
Feb 09, 2018 1:30:33 PM com.ericsson.iptv.portal.fw.backend.log.controller.FwLogController log
INFO: [49 2018-02-08 15:30:09.888][OJme9a/ihAH4cAE6aejGjE99MWo=] [subscriber1000] [user1] [http://localhost:8186/portal-root-war/index_mock.html] com.ericsson.iptv.portal.ott.device.web.MediaPlayer: Video/Audio Buffering completed.
Feb 09, 2018 1:36:15 PM com.ericsson.iptv.portal.fw.backend.log.controller.FwLogController log
INFO: [50 2018-02-08 15:35:51.467][OJme9a/ihAH4cAE6aejGjE99MWo=] [subscriber1000] [user1] [http://localhost:8186/portal-root-war/index_mock.html] com.ericsson.iptv.portal.ott.device.web.MediaPlayer: Start Audio Buffering...
Feb 09, 2018 1:36:15 PM com.ericsson.iptv.portal.fw.backend.log.controller.FwLogController log
INFO: [51 2018-02-08 15:35:51.972][OJme9a/ihAH4cAE6aejGjE99MWo=] [subscriber1000] [user1] [http://localhost:8186/portal-root-war/index_mock.html] com.ericsson.iptv.portal.ott.device.web.MediaPlayer: Start Video Buffering...
Feb 09, 2018 1:49:24 PM com.ericsson.iptv.portal.common.imagescaler.ImageScalerBean scaledImage
SEVERE: Error reading image: http://localhost:8186/portal-coreapps-backend-mock-war-17.0.22/images/ProgramPoster.jpg: http://localhost:8186/portal-coreapps-backend-mock-war-17.0.22/images/ProgramPoster.jpg
Feb 09, 2018 1:49:24 PM com.ericsson.iptv.portal.fw.spring.ExceptionView renderMergedOutputModel
WARNING: Exception: com.ericsson.iptv.portal.fw.exceptions.CommonFault.INTERNAL_FAULT caught in /portal-imageprocessor-war-17.0.22/static/imageScaler.ajax [http://localhost:8186/portal-root-war/index_mock.html] 
java.io.FileNotFoundException: http://localhost:8186/portal-coreapps-backend-mock-war-17.0.22/images/ProgramPoster.jpg
	at sun.reflect.NativeConstructorAccessorImpl.newInstance0(Native Method)
	at sun.reflect.NativeConstructorAccessorImpl.newInstance(NativeConstructorAccessorImpl.java:62)
	at sun.reflect.DelegatingConstructorAccessorImpl.newInstance(DelegatingConstructorAccessorImpl.java:45)
	at java.lang.reflect.Constructor.newInstance(Constructor.java:423)
	at sun.net.www.protocol.http.HttpURLConnection$10.run(HttpURLConnection.java:1944)
	at sun.net.www.protocol.http.HttpURLConnection$10.run(HttpURLConnection.java:1939)
	at java.security.AccessController.doPrivileged(Native Method)
	at sun.net.www.protocol.http.HttpURLConnection.getChainedException(HttpURLConnection.java:1938)
	at sun.net.www.protocol.http.HttpURLConnection.getInputStream0(HttpURLConnection.java:1508)
	at sun.net.www.protocol.http.HttpURLConnection.getInputStream(HttpURLConnection.java:1492)
	at com.ericsson.iptv.portal.common.imagescaler.ImageScalerBean.scaledImage(ImageScalerBean.java:171)
	at com.ericsson.iptv.portal.common.imagescaler.ImageScalerBean.getScaledImage(ImageScalerBean.java:146)
	at sun.reflect.NativeMethodAccessorImpl.invoke0(Native Method)
	at sun.reflect.NativeMethodAccessorImpl.invoke(NativeMethodAccessorImpl.java:62)
	at sun.reflect.DelegatingMethodAccessorImpl.invoke(DelegatingMethodAccessorImpl.java:43)
	at java.lang.reflect.Method.invoke(Method.java:498)
	at org.springframework.aop.support.AopUtils.invokeJoinpointUsingReflection(AopUtils.java:317)
	at org.springframework.aop.framework.ReflectiveMethodInvocation.invokeJoinpoint(ReflectiveMethodInvocation.java:183)
	at org.springframework.aop.framework.ReflectiveMethodInvocation.proceed(ReflectiveMethodInvocation.java:150)
	at org.springframework.transaction.interceptor.TransactionInterceptor$1.proceedWithInvocation(TransactionInterceptor.java:96)
	at org.springframework.transaction.interceptor.TransactionAspectSupport.invokeWithinTransaction(TransactionAspectSupport.java:260)
	at org.springframework.transaction.interceptor.TransactionInterceptor.invoke(TransactionInterceptor.java:94)
	at org.springframework.aop.framework.ReflectiveMethodInvocation.proceed(ReflectiveMethodInvocation.java:172)
	at org.springframework.aop.framework.JdkDynamicAopProxy.invoke(JdkDynamicAopProxy.java:204)
	at com.sun.proxy.$Proxy111.getScaledImage(Unknown Source)
	at sun.reflect.NativeMethodAccessorImpl.invoke0(Native Method)
	at sun.reflect.NativeMethodAccessorImpl.invoke(NativeMethodAccessorImpl.java:62)
	at sun.reflect.DelegatingMethodAccessorImpl.invoke(DelegatingMethodAccessorImpl.java:43)
	at java.lang.reflect.Method.invoke(Method.java:498)
	at org.springframework.web.method.support.InvocableHandlerMethod.invoke(InvocableHandlerMethod.java:215)
	at org.springframework.web.method.support.InvocableHandlerMethod.invokeForRequest(InvocableHandlerMethod.java:132)
	at org.springframework.web.servlet.mvc.method.annotation.ServletInvocableHandlerMethod.invokeAndHandle(ServletInvocableHandlerMethod.java:104)
	at org.springframework.web.servlet.mvc.method.annotation.RequestMappingHandlerAdapter.invokeHandleMethod(RequestMappingHandlerAdapter.java:743)
	at org.springframework.web.servlet.mvc.method.annotation.RequestMappingHandlerAdapter.handleInternal(RequestMappingHandlerAdapter.java:672)
	at org.springframework.web.servlet.mvc.method.AbstractHandlerMethodAdapter.handle(AbstractHandlerMethodAdapter.java:82)
	at org.springframework.web.servlet.DispatcherServlet.doDispatch(DispatcherServlet.java:919)
	at org.springframework.web.servlet.DispatcherServlet.doService(DispatcherServlet.java:851)
	at org.springframework.web.servlet.FrameworkServlet.processRequest(FrameworkServlet.java:953)
	at org.springframework.web.servlet.FrameworkServlet.doGet(FrameworkServlet.java:844)
	at javax.servlet.http.HttpServlet.service(HttpServlet.java:624)
	at org.springframework.web.servlet.FrameworkServlet.service(FrameworkServlet.java:829)
	at javax.servlet.http.HttpServlet.service(HttpServlet.java:731)
	at org.apache.catalina.core.ApplicationFilterChain.internalDoFilter(ApplicationFilterChain.java:303)
	at org.apache.catalina.core.ApplicationFilterChain.doFilter(ApplicationFilterChain.java:208)
	at org.apache.tomcat.websocket.server.WsFilter.doFilter(WsFilter.java:52)
	at org.apache.catalina.core.ApplicationFilterChain.internalDoFilter(ApplicationFilterChain.java:241)
	at org.apache.catalina.core.ApplicationFilterChain.doFilter(ApplicationFilterChain.java:208)
	at com.ericsson.iptv.portal.fw.servlet.PortalServletFilter$FilterChainImpl.doFilter(PortalServletFilter.java:78)
	at com.ericsson.iptv.portal.fw.servlet.mbean.ServletFilterManager$FilterChainImpl.doFilter(ServletFilterManager.java:68)
	at com.ericsson.iptv.portal.fw.cors.AbstractCorsRequestFilter.doFilter(AbstractCorsRequestFilter.java:130)
	at com.ericsson.iptv.portal.mock.cors.CorsRequestFilter.doFilter(CorsRequestFilter.java:57)
	at sun.reflect.GeneratedMethodAccessor294.invoke(Unknown Source)
	at sun.reflect.DelegatingMethodAccessorImpl.invoke(DelegatingMethodAccessorImpl.java:43)
	at java.lang.reflect.Method.invoke(Method.java:498)
	at org.springframework.aop.support.AopUtils.invokeJoinpointUsingReflection(AopUtils.java:317)
	at org.springframework.aop.framework.ReflectiveMethodInvocation.invokeJoinpoint(ReflectiveMethodInvocation.java:183)
	at org.springframework.aop.framework.ReflectiveMethodInvocation.proceed(ReflectiveMethodInvocation.java:150)
	at org.springframework.aop.aspectj.MethodInvocationProceedingJoinPoint.proceed(MethodInvocationProceedingJoinPoint.java:80)
	at com.ericsson.iptv.portal.common.backend.mock.MockMBeanInterceptor.performAction(MockMBeanInterceptor.java:55)
	at sun.reflect.GeneratedMethodAccessor271.invoke(Unknown Source)
	at sun.reflect.DelegatingMethodAccessorImpl.invoke(DelegatingMethodAccessorImpl.java:43)
	at java.lang.reflect.Method.invoke(Method.java:498)
	at org.springframework.aop.aspectj.AbstractAspectJAdvice.invokeAdviceMethodWithGivenArgs(AbstractAspectJAdvice.java:621)
	at org.springframework.aop.aspectj.AbstractAspectJAdvice.invokeAdviceMethod(AbstractAspectJAdvice.java:610)
	at org.springframework.aop.aspectj.AspectJAroundAdvice.invoke(AspectJAroundAdvice.java:65)
	at org.springframework.aop.framework.ReflectiveMethodInvocation.proceed(ReflectiveMethodInvocation.java:161)
	at org.springframework.aop.interceptor.ExposeInvocationInterceptor.invoke(ExposeInvocationInterceptor.java:91)
	at org.springframework.aop.framework.ReflectiveMethodInvocation.proceed(ReflectiveMethodInvocation.java:172)
	at org.springframework.aop.framework.JdkDynamicAopProxy.invoke(JdkDynamicAopProxy.java:204)
	at com.sun.proxy.$Proxy59.doFilter(Unknown Source)
	at com.ericsson.iptv.portal.fw.servlet.mbean.ServletFilterManager$FilterChainImpl.doFilter(ServletFilterManager.java:66)
	at com.ericsson.iptv.portal.fw.servlet.mbean.ServletFilterManager.internalFilter(ServletFilterManager.java:80)
	at com.ericsson.iptv.portal.fw.servlet.mbean.ServletFilterManager.internalPerformAction(ServletFilterManager.java:89)
	at com.ericsson.iptv.portal.fw.mbean.MBeanManagerBase.performAction(MBeanManagerBase.java:536)
	at com.ericsson.iptv.portal.fw.mbean.MBeanManagerBase$1.compareTo(MBeanManagerBase.java:549)
	at com.ericsson.iptv.portal.fw.mbean.MBeanManagerBase$1.compareTo(MBeanManagerBase.java:546)
	at com.ericsson.iptv.portal.fw.mbean.MBeanManagerBase$Manager.invoke(MBeanManagerBase.java:318)
	at com.ericsson.iptv.portal.fw.servlet.PortalServletFilter$FilterChainImpl.doFilter(PortalServletFilter.java:76)
	at com.ericsson.iptv.portal.fw.servlet.mbean.ServletFilterManager$FilterChainImpl.doFilter(ServletFilterManager.java:68)
	at com.ericsson.iptv.portal.fw.backend.gzip.GZIPServletFilter.doFilter(GZIPServletFilter.java:88)
	at com.ericsson.iptv.portal.fw.servlet.mbean.ServletFilterManager$FilterChainImpl.doFilter(ServletFilterManager.java:66)
	at com.ericsson.iptv.portal.fw.backend.startup.DisableDirectoryListings.doFilter(DisableDirectoryListings.java:114)
	at com.ericsson.iptv.portal.fw.servlet.mbean.ServletFilterManager$FilterChainImpl.doFilter(ServletFilterManager.java:66)
	at com.ericsson.iptv.portal.fw.backend.cache.StaticDataCacheControl.doFilter(StaticDataCacheControl.java:83)
	at com.ericsson.iptv.portal.fw.servlet.mbean.ServletFilterManager$FilterChainImpl.doFilter(ServletFilterManager.java:66)
	at com.ericsson.iptv.portal.fw.servlet.mbean.ServletFilterManager.internalFilter(ServletFilterManager.java:80)
	at com.ericsson.iptv.portal.fw.servlet.mbean.ServletFilterManager.internalPerformAction(ServletFilterManager.java:89)
	at com.ericsson.iptv.portal.fw.mbean.MBeanManagerBase.performAction(MBeanManagerBase.java:536)
	at com.ericsson.iptv.portal.fw.mbean.MBeanManagerBase$1.compareTo(MBeanManagerBase.java:549)
	at com.ericsson.iptv.portal.fw.mbean.MBeanManagerBase$1.compareTo(MBeanManagerBase.java:546)
	at com.ericsson.iptv.portal.fw.mbean.MBeanManagerBase$Manager.invoke(MBeanManagerBase.java:318)
	at com.ericsson.iptv.portal.fw.servlet.PortalServletFilter$FilterChainImpl.doFilter(PortalServletFilter.java:76)
	at com.ericsson.iptv.portal.fw.servlet.PortalServletFilter.doFilter(PortalServletFilter.java:93)
	at org.apache.catalina.core.ApplicationFilterChain.internalDoFilter(ApplicationFilterChain.java:241)
	at org.apache.catalina.core.ApplicationFilterChain.doFilter(ApplicationFilterChain.java:208)
	at org.apache.catalina.core.ApplicationDispatcher.invoke(ApplicationDispatcher.java:743)
	at org.apache.catalina.core.ApplicationDispatcher.processRequest(ApplicationDispatcher.java:485)
	at org.apache.catalina.core.ApplicationDispatcher.doForward(ApplicationDispatcher.java:410)
	at org.apache.catalina.core.ApplicationDispatcher.forward(ApplicationDispatcher.java:337)
	at com.ericsson.iptv.portal.fw.artifact.ArtifactBase.internalForwardRequest(ArtifactBase.java:325)
	at com.ericsson.iptv.portal.fw.artifact.ArtifactBase.internalPerformAction(ArtifactBase.java:351)
	at com.ericsson.iptv.portal.fw.mbean.MBeanManagerBase.performAction(MBeanManagerBase.java:536)
	at com.ericsson.iptv.portal.fw.mbean.MBeanManagerBase$1.compareTo(MBeanManagerBase.java:549)
	at com.ericsson.iptv.portal.fw.mbean.MBeanManagerBase$1.compareTo(MBeanManagerBase.java:546)
	at com.ericsson.iptv.portal.fw.mbean.MBeanManagerBase$Manager.invoke(MBeanManagerBase.java:318)
	at com.ericsson.iptv.portal.fw.mbean.MBeanManagerBase$4.invokeOn(MBeanManagerBase.java:621)
	at com.ericsson.iptv.portal.fw.mbean.MBeanManagerBase.invokeOnSingleManager(MBeanManagerBase.java:516)
	at com.ericsson.iptv.portal.fw.mbean.MBeanManagerBase.broadcast(MBeanManagerBase.java:618)
	at com.ericsson.iptv.portal.fw.artifact.ArtifactBase.forwardRequest(ArtifactBase.java:424)
	at com.ericsson.iptv.portal.proxy.ProxyServlet.service(ProxyServlet.java:130)
	at javax.servlet.http.HttpServlet.service(HttpServlet.java:731)
	at org.apache.catalina.core.ApplicationFilterChain.internalDoFilter(ApplicationFilterChain.java:303)
	at org.apache.catalina.core.ApplicationFilterChain.doFilter(ApplicationFilterChain.java:208)
	at org.apache.tomcat.websocket.server.WsFilter.doFilter(WsFilter.java:52)
	at org.apache.catalina.core.ApplicationFilterChain.internalDoFilter(ApplicationFilterChain.java:241)
	at org.apache.catalina.core.ApplicationFilterChain.doFilter(ApplicationFilterChain.java:208)
	at org.apache.catalina.core.StandardWrapperValve.invoke(StandardWrapperValve.java:219)
	at org.apache.catalina.core.StandardContextValve.invoke(StandardContextValve.java:110)
	at org.apache.catalina.authenticator.AuthenticatorBase.invoke(AuthenticatorBase.java:506)
	at org.apache.catalina.core.StandardHostValve.invoke(StandardHostValve.java:169)
	at org.apache.catalina.valves.ErrorReportValve.invoke(ErrorReportValve.java:103)
	at org.apache.catalina.valves.AccessLogValve.invoke(AccessLogValve.java:962)
	at org.apache.catalina.core.StandardEngineValve.invoke(StandardEngineValve.java:116)
	at org.apache.catalina.connector.CoyoteAdapter.service(CoyoteAdapter.java:445)
	at org.apache.coyote.http11.AbstractHttp11Processor.process(AbstractHttp11Processor.java:1115)
	at org.apache.coyote.AbstractProtocol$AbstractConnectionHandler.process(AbstractProtocol.java:637)
	at org.apache.tomcat.util.net.JIoEndpoint$SocketProcessor.run(JIoEndpoint.java:318)
	at java.util.concurrent.ThreadPoolExecutor.runWorker(ThreadPoolExecutor.java:1149)
	at java.util.concurrent.ThreadPoolExecutor$Worker.run(ThreadPoolExecutor.java:624)
	at org.apache.tomcat.util.threads.TaskThread$WrappingRunnable.run(TaskThread.java:61)
	at java.lang.Thread.run(Thread.java:748)
Caused by: java.io.FileNotFoundException: http://localhost:8186/portal-coreapps-backend-mock-war-17.0.22/images/ProgramPoster.jpg
	at sun.net.www.protocol.http.HttpURLConnection.getInputStream0(HttpURLConnection.java:1890)
	at sun.net.www.protocol.http.HttpURLConnection.getInputStream(HttpURLConnection.java:1492)
	at sun.net.www.protocol.http.HttpURLConnection.getHeaderField(HttpURLConnection.java:3000)
	at java.net.URLConnection.getContentType(URLConnection.java:512)
	at com.ericsson.iptv.portal.common.imagescaler.ImageScalerBean.scaledImage(ImageScalerBean.java:168)
	... 120 more

Feb 09, 2018 2:00:01 PM com.ericsson.iptv.portal.common.imagescaler.ImageScalerBean scaledImage
SEVERE: Error reading image: http://localhost:8186/portal-coreapps-backend-mock-war-17.0.22/images/ProgramPoster.jpg: http://localhost:8186/portal-coreapps-backend-mock-war-17.0.22/images/ProgramPoster.jpg
Feb 09, 2018 2:00:01 PM com.ericsson.iptv.portal.fw.spring.ExceptionView renderMergedOutputModel
WARNING: Exception: com.ericsson.iptv.portal.fw.exceptions.CommonFault.INTERNAL_FAULT caught in /portal-imageprocessor-war-17.0.22/static/imageScaler.ajax [http://localhost:8186/portal-root-war/index_mock.html] 
java.io.FileNotFoundException: http://localhost:8186/portal-coreapps-backend-mock-war-17.0.22/images/ProgramPoster.jpg
	at sun.reflect.NativeConstructorAccessorImpl.newInstance0(Native Method)
	at sun.reflect.NativeConstructorAccessorImpl.newInstance(NativeConstructorAccessorImpl.java:62)
	at sun.reflect.DelegatingConstructorAccessorImpl.newInstance(DelegatingConstructorAccessorImpl.java:45)
	at java.lang.reflect.Constructor.newInstance(Constructor.java:423)
	at sun.net.www.protocol.http.HttpURLConnection$10.run(HttpURLConnection.java:1944)
	at sun.net.www.protocol.http.HttpURLConnection$10.run(HttpURLConnection.java:1939)
	at java.security.AccessController.doPrivileged(Native Method)
	at sun.net.www.protocol.http.HttpURLConnection.getChainedException(HttpURLConnection.java:1938)
	at sun.net.www.protocol.http.HttpURLConnection.getInputStream0(HttpURLConnection.java:1508)
	at sun.net.www.protocol.http.HttpURLConnection.getInputStream(HttpURLConnection.java:1492)
	at com.ericsson.iptv.portal.common.imagescaler.ImageScalerBean.scaledImage(ImageScalerBean.java:171)
	at com.ericsson.iptv.portal.common.imagescaler.ImageScalerBean.getScaledImage(ImageScalerBean.java:146)
	at sun.reflect.NativeMethodAccessorImpl.invoke0(Native Method)
	at sun.reflect.NativeMethodAccessorImpl.invoke(NativeMethodAccessorImpl.java:62)
	at sun.reflect.DelegatingMethodAccessorImpl.invoke(DelegatingMethodAccessorImpl.java:43)
	at java.lang.reflect.Method.invoke(Method.java:498)
	at org.springframework.aop.support.AopUtils.invokeJoinpointUsingReflection(AopUtils.java:317)
	at org.springframework.aop.framework.ReflectiveMethodInvocation.invokeJoinpoint(ReflectiveMethodInvocation.java:183)
	at org.springframework.aop.framework.ReflectiveMethodInvocation.proceed(ReflectiveMethodInvocation.java:150)
	at org.springframework.transaction.interceptor.TransactionInterceptor$1.proceedWithInvocation(TransactionInterceptor.java:96)
	at org.springframework.transaction.interceptor.TransactionAspectSupport.invokeWithinTransaction(TransactionAspectSupport.java:260)
	at org.springframework.transaction.interceptor.TransactionInterceptor.invoke(TransactionInterceptor.java:94)
	at org.springframework.aop.framework.ReflectiveMethodInvocation.proceed(ReflectiveMethodInvocation.java:172)
	at org.springframework.aop.framework.JdkDynamicAopProxy.invoke(JdkDynamicAopProxy.java:204)
	at com.sun.proxy.$Proxy111.getScaledImage(Unknown Source)
	at sun.reflect.NativeMethodAccessorImpl.invoke0(Native Method)
	at sun.reflect.NativeMethodAccessorImpl.invoke(NativeMethodAccessorImpl.java:62)
	at sun.reflect.DelegatingMethodAccessorImpl.invoke(DelegatingMethodAccessorImpl.java:43)
	at java.lang.reflect.Method.invoke(Method.java:498)
	at org.springframework.web.method.support.InvocableHandlerMethod.invoke(InvocableHandlerMethod.java:215)
	at org.springframework.web.method.support.InvocableHandlerMethod.invokeForRequest(InvocableHandlerMethod.java:132)
	at org.springframework.web.servlet.mvc.method.annotation.ServletInvocableHandlerMethod.invokeAndHandle(ServletInvocableHandlerMethod.java:104)
	at org.springframework.web.servlet.mvc.method.annotation.RequestMappingHandlerAdapter.invokeHandleMethod(RequestMappingHandlerAdapter.java:743)
	at org.springframework.web.servlet.mvc.method.annotation.RequestMappingHandlerAdapter.handleInternal(RequestMappingHandlerAdapter.java:672)
	at org.springframework.web.servlet.mvc.method.AbstractHandlerMethodAdapter.handle(AbstractHandlerMethodAdapter.java:82)
	at org.springframework.web.servlet.DispatcherServlet.doDispatch(DispatcherServlet.java:919)
	at org.springframework.web.servlet.DispatcherServlet.doService(DispatcherServlet.java:851)
	at org.springframework.web.servlet.FrameworkServlet.processRequest(FrameworkServlet.java:953)
	at org.springframework.web.servlet.FrameworkServlet.doGet(FrameworkServlet.java:844)
	at javax.servlet.http.HttpServlet.service(HttpServlet.java:624)
	at org.springframework.web.servlet.FrameworkServlet.service(FrameworkServlet.java:829)
	at javax.servlet.http.HttpServlet.service(HttpServlet.java:731)
	at org.apache.catalina.core.ApplicationFilterChain.internalDoFilter(ApplicationFilterChain.java:303)
	at org.apache.catalina.core.ApplicationFilterChain.doFilter(ApplicationFilterChain.java:208)
	at org.apache.tomcat.websocket.server.WsFilter.doFilter(WsFilter.java:52)
	at org.apache.catalina.core.ApplicationFilterChain.internalDoFilter(ApplicationFilterChain.java:241)
	at org.apache.catalina.core.ApplicationFilterChain.doFilter(ApplicationFilterChain.java:208)
	at com.ericsson.iptv.portal.fw.servlet.PortalServletFilter$FilterChainImpl.doFilter(PortalServletFilter.java:78)
	at com.ericsson.iptv.portal.fw.servlet.mbean.ServletFilterManager$FilterChainImpl.doFilter(ServletFilterManager.java:68)
	at com.ericsson.iptv.portal.fw.cors.AbstractCorsRequestFilter.doFilter(AbstractCorsRequestFilter.java:130)
	at com.ericsson.iptv.portal.mock.cors.CorsRequestFilter.doFilter(CorsRequestFilter.java:57)
	at sun.reflect.GeneratedMethodAccessor294.invoke(Unknown Source)
	at sun.reflect.DelegatingMethodAccessorImpl.invoke(DelegatingMethodAccessorImpl.java:43)
	at java.lang.reflect.Method.invoke(Method.java:498)
	at org.springframework.aop.support.AopUtils.invokeJoinpointUsingReflection(AopUtils.java:317)
	at org.springframework.aop.framework.ReflectiveMethodInvocation.invokeJoinpoint(ReflectiveMethodInvocation.java:183)
	at org.springframework.aop.framework.ReflectiveMethodInvocation.proceed(ReflectiveMethodInvocation.java:150)
	at org.springframework.aop.aspectj.MethodInvocationProceedingJoinPoint.proceed(MethodInvocationProceedingJoinPoint.java:80)
	at com.ericsson.iptv.portal.common.backend.mock.MockMBeanInterceptor.performAction(MockMBeanInterceptor.java:55)
	at sun.reflect.GeneratedMethodAccessor271.invoke(Unknown Source)
	at sun.reflect.DelegatingMethodAccessorImpl.invoke(DelegatingMethodAccessorImpl.java:43)
	at java.lang.reflect.Method.invoke(Method.java:498)
	at org.springframework.aop.aspectj.AbstractAspectJAdvice.invokeAdviceMethodWithGivenArgs(AbstractAspectJAdvice.java:621)
	at org.springframework.aop.aspectj.AbstractAspectJAdvice.invokeAdviceMethod(AbstractAspectJAdvice.java:610)
	at org.springframework.aop.aspectj.AspectJAroundAdvice.invoke(AspectJAroundAdvice.java:65)
	at org.springframework.aop.framework.ReflectiveMethodInvocation.proceed(ReflectiveMethodInvocation.java:161)
	at org.springframework.aop.interceptor.ExposeInvocationInterceptor.invoke(ExposeInvocationInterceptor.java:91)
	at org.springframework.aop.framework.ReflectiveMethodInvocation.proceed(ReflectiveMethodInvocation.java:172)
	at org.springframework.aop.framework.JdkDynamicAopProxy.invoke(JdkDynamicAopProxy.java:204)
	at com.sun.proxy.$Proxy59.doFilter(Unknown Source)
	at com.ericsson.iptv.portal.fw.servlet.mbean.ServletFilterManager$FilterChainImpl.doFilter(ServletFilterManager.java:66)
	at com.ericsson.iptv.portal.fw.servlet.mbean.ServletFilterManager.internalFilter(ServletFilterManager.java:80)
	at com.ericsson.iptv.portal.fw.servlet.mbean.ServletFilterManager.internalPerformAction(ServletFilterManager.java:89)
	at com.ericsson.iptv.portal.fw.mbean.MBeanManagerBase.performAction(MBeanManagerBase.java:536)
	at com.ericsson.iptv.portal.fw.mbean.MBeanManagerBase$1.compareTo(MBeanManagerBase.java:549)
	at com.ericsson.iptv.portal.fw.mbean.MBeanManagerBase$1.compareTo(MBeanManagerBase.java:546)
	at com.ericsson.iptv.portal.fw.mbean.MBeanManagerBase$Manager.invoke(MBeanManagerBase.java:318)
	at com.ericsson.iptv.portal.fw.servlet.PortalServletFilter$FilterChainImpl.doFilter(PortalServletFilter.java:76)
	at com.ericsson.iptv.portal.fw.servlet.mbean.ServletFilterManager$FilterChainImpl.doFilter(ServletFilterManager.java:68)
	at com.ericsson.iptv.portal.fw.backend.gzip.GZIPServletFilter.doFilter(GZIPServletFilter.java:88)
	at com.ericsson.iptv.portal.fw.servlet.mbean.ServletFilterManager$FilterChainImpl.doFilter(ServletFilterManager.java:66)
	at com.ericsson.iptv.portal.fw.backend.startup.DisableDirectoryListings.doFilter(DisableDirectoryListings.java:114)
	at com.ericsson.iptv.portal.fw.servlet.mbean.ServletFilterManager$FilterChainImpl.doFilter(ServletFilterManager.java:66)
	at com.ericsson.iptv.portal.fw.backend.cache.StaticDataCacheControl.doFilter(StaticDataCacheControl.java:83)
	at com.ericsson.iptv.portal.fw.servlet.mbean.ServletFilterManager$FilterChainImpl.doFilter(ServletFilterManager.java:66)
	at com.ericsson.iptv.portal.fw.servlet.mbean.ServletFilterManager.internalFilter(ServletFilterManager.java:80)
	at com.ericsson.iptv.portal.fw.servlet.mbean.ServletFilterManager.internalPerformAction(ServletFilterManager.java:89)
	at com.ericsson.iptv.portal.fw.mbean.MBeanManagerBase.performAction(MBeanManagerBase.java:536)
	at com.ericsson.iptv.portal.fw.mbean.MBeanManagerBase$1.compareTo(MBeanManagerBase.java:549)
	at com.ericsson.iptv.portal.fw.mbean.MBeanManagerBase$1.compareTo(MBeanManagerBase.java:546)
	at com.ericsson.iptv.portal.fw.mbean.MBeanManagerBase$Manager.invoke(MBeanManagerBase.java:318)
	at com.ericsson.iptv.portal.fw.servlet.PortalServletFilter$FilterChainImpl.doFilter(PortalServletFilter.java:76)
	at com.ericsson.iptv.portal.fw.servlet.PortalServletFilter.doFilter(PortalServletFilter.java:93)
	at org.apache.catalina.core.ApplicationFilterChain.internalDoFilter(ApplicationFilterChain.java:241)
	at org.apache.catalina.core.ApplicationFilterChain.doFilter(ApplicationFilterChain.java:208)
	at org.apache.catalina.core.ApplicationDispatcher.invoke(ApplicationDispatcher.java:743)
	at org.apache.catalina.core.ApplicationDispatcher.processRequest(ApplicationDispatcher.java:485)
	at org.apache.catalina.core.ApplicationDispatcher.doForward(ApplicationDispatcher.java:410)
	at org.apache.catalina.core.ApplicationDispatcher.forward(ApplicationDispatcher.java:337)
	at com.ericsson.iptv.portal.fw.artifact.ArtifactBase.internalForwardRequest(ArtifactBase.java:325)
	at com.ericsson.iptv.portal.fw.artifact.ArtifactBase.internalPerformAction(ArtifactBase.java:351)
	at com.ericsson.iptv.portal.fw.mbean.MBeanManagerBase.performAction(MBeanManagerBase.java:536)
	at com.ericsson.iptv.portal.fw.mbean.MBeanManagerBase$1.compareTo(MBeanManagerBase.java:549)
	at com.ericsson.iptv.portal.fw.mbean.MBeanManagerBase$1.compareTo(MBeanManagerBase.java:546)
	at com.ericsson.iptv.portal.fw.mbean.MBeanManagerBase$Manager.invoke(MBeanManagerBase.java:318)
	at com.ericsson.iptv.portal.fw.mbean.MBeanManagerBase$4.invokeOn(MBeanManagerBase.java:621)
	at com.ericsson.iptv.portal.fw.mbean.MBeanManagerBase.invokeOnSingleManager(MBeanManagerBase.java:516)
	at com.ericsson.iptv.portal.fw.mbean.MBeanManagerBase.broadcast(MBeanManagerBase.java:618)
	at com.ericsson.iptv.portal.fw.artifact.ArtifactBase.forwardRequest(ArtifactBase.java:424)
	at com.ericsson.iptv.portal.proxy.ProxyServlet.service(ProxyServlet.java:130)
	at javax.servlet.http.HttpServlet.service(HttpServlet.java:731)
	at org.apache.catalina.core.ApplicationFilterChain.internalDoFilter(ApplicationFilterChain.java:303)
	at org.apache.catalina.core.ApplicationFilterChain.doFilter(ApplicationFilterChain.java:208)
	at org.apache.tomcat.websocket.server.WsFilter.doFilter(WsFilter.java:52)
	at org.apache.catalina.core.ApplicationFilterChain.internalDoFilter(ApplicationFilterChain.java:241)
	at org.apache.catalina.core.ApplicationFilterChain.doFilter(ApplicationFilterChain.java:208)
	at org.apache.catalina.core.StandardWrapperValve.invoke(StandardWrapperValve.java:219)
	at org.apache.catalina.core.StandardContextValve.invoke(StandardContextValve.java:110)
	at org.apache.catalina.authenticator.AuthenticatorBase.invoke(AuthenticatorBase.java:506)
	at org.apache.catalina.core.StandardHostValve.invoke(StandardHostValve.java:169)
	at org.apache.catalina.valves.ErrorReportValve.invoke(ErrorReportValve.java:103)
	at org.apache.catalina.valves.AccessLogValve.invoke(AccessLogValve.java:962)
	at org.apache.catalina.core.StandardEngineValve.invoke(StandardEngineValve.java:116)
	at org.apache.catalina.connector.CoyoteAdapter.service(CoyoteAdapter.java:445)
	at org.apache.coyote.http11.AbstractHttp11Processor.process(AbstractHttp11Processor.java:1115)
	at org.apache.coyote.AbstractProtocol$AbstractConnectionHandler.process(AbstractProtocol.java:637)
	at org.apache.tomcat.util.net.JIoEndpoint$SocketProcessor.run(JIoEndpoint.java:318)
	at java.util.concurrent.ThreadPoolExecutor.runWorker(ThreadPoolExecutor.java:1149)
	at java.util.concurrent.ThreadPoolExecutor$Worker.run(ThreadPoolExecutor.java:624)
	at org.apache.tomcat.util.threads.TaskThread$WrappingRunnable.run(TaskThread.java:61)
	at java.lang.Thread.run(Thread.java:748)
Caused by: java.io.FileNotFoundException: http://localhost:8186/portal-coreapps-backend-mock-war-17.0.22/images/ProgramPoster.jpg
	at sun.net.www.protocol.http.HttpURLConnection.getInputStream0(HttpURLConnection.java:1890)
	at sun.net.www.protocol.http.HttpURLConnection.getInputStream(HttpURLConnection.java:1492)
	at sun.net.www.protocol.http.HttpURLConnection.getHeaderField(HttpURLConnection.java:3000)
	at java.net.URLConnection.getContentType(URLConnection.java:512)
	at com.ericsson.iptv.portal.common.imagescaler.ImageScalerBean.scaledImage(ImageScalerBean.java:168)
	... 120 more

Feb 09, 2018 2:30:37 PM com.ericsson.iptv.portal.fw.backend.log.controller.FwLogController log
INFO: [52 2018-02-09 14:30:37.076][OJme9a/ihAH4cAE6aejGjE99MWo=] [subscriber1000] [user1] [http://localhost:8186/portal-root-war/index_mock.html] com.ericsson.iptv.portal.ott.device.web.MediaPlayer: Video/Audio Buffering completed.
Feb 09, 2018 2:30:37 PM com.ericsson.iptv.portal.fw.backend.log.controller.FwLogController log
INFO: [53 2018-02-09 14:30:37.493][OJme9a/ihAH4cAE6aejGjE99MWo=] [subscriber1000] [user1] [http://localhost:8186/portal-root-war/index_mock.html] com.ericsson.iptv.portal.ott.device.web.MediaPlayer: Video/Audio Buffering completed.
Feb 09, 2018 2:36:18 PM com.ericsson.iptv.portal.fw.backend.log.controller.FwLogController log
INFO: [54 2018-02-09 14:36:18.914][OJme9a/ihAH4cAE6aejGjE99MWo=] [subscriber1000] [user1] [http://localhost:8186/portal-root-war/index_mock.html] com.ericsson.iptv.portal.ott.device.web.MediaPlayer: Start Video Buffering...
Feb 09, 2018 2:36:18 PM com.ericsson.iptv.portal.fw.backend.log.controller.FwLogController log
INFO: [55 2018-02-09 14:36:18.918][OJme9a/ihAH4cAE6aejGjE99MWo=] [subscriber1000] [user1] [http://localhost:8186/portal-root-war/index_mock.html] com.ericsson.iptv.portal.ott.device.web.MediaPlayer: Start Audio Buffering...
Feb 09, 2018 3:00:01 PM com.ericsson.iptv.portal.common.imagescaler.ImageScalerBean scaledImage
SEVERE: Error reading image: http://localhost:8186/portal-coreapps-backend-mock-war-17.0.22/images/ProgramPoster.jpg: http://localhost:8186/portal-coreapps-backend-mock-war-17.0.22/images/ProgramPoster.jpg
Feb 09, 2018 3:00:01 PM com.ericsson.iptv.portal.fw.spring.ExceptionView renderMergedOutputModel
WARNING: Exception: com.ericsson.iptv.portal.fw.exceptions.CommonFault.INTERNAL_FAULT caught in /portal-imageprocessor-war-17.0.22/static/imageScaler.ajax [http://localhost:8186/portal-root-war/index_mock.html] 
java.io.FileNotFoundException: http://localhost:8186/portal-coreapps-backend-mock-war-17.0.22/images/ProgramPoster.jpg
	at sun.reflect.NativeConstructorAccessorImpl.newInstance0(Native Method)
	at sun.reflect.NativeConstructorAccessorImpl.newInstance(NativeConstructorAccessorImpl.java:62)
	at sun.reflect.DelegatingConstructorAccessorImpl.newInstance(DelegatingConstructorAccessorImpl.java:45)
	at java.lang.reflect.Constructor.newInstance(Constructor.java:423)
	at sun.net.www.protocol.http.HttpURLConnection$10.run(HttpURLConnection.java:1944)
	at sun.net.www.protocol.http.HttpURLConnection$10.run(HttpURLConnection.java:1939)
	at java.security.AccessController.doPrivileged(Native Method)
	at sun.net.www.protocol.http.HttpURLConnection.getChainedException(HttpURLConnection.java:1938)
	at sun.net.www.protocol.http.HttpURLConnection.getInputStream0(HttpURLConnection.java:1508)
	at sun.net.www.protocol.http.HttpURLConnection.getInputStream(HttpURLConnection.java:1492)
	at com.ericsson.iptv.portal.common.imagescaler.ImageScalerBean.scaledImage(ImageScalerBean.java:171)
	at com.ericsson.iptv.portal.common.imagescaler.ImageScalerBean.getScaledImage(ImageScalerBean.java:146)
	at sun.reflect.NativeMethodAccessorImpl.invoke0(Native Method)
	at sun.reflect.NativeMethodAccessorImpl.invoke(NativeMethodAccessorImpl.java:62)
	at sun.reflect.DelegatingMethodAccessorImpl.invoke(DelegatingMethodAccessorImpl.java:43)
	at java.lang.reflect.Method.invoke(Method.java:498)
	at org.springframework.aop.support.AopUtils.invokeJoinpointUsingReflection(AopUtils.java:317)
	at org.springframework.aop.framework.ReflectiveMethodInvocation.invokeJoinpoint(ReflectiveMethodInvocation.java:183)
	at org.springframework.aop.framework.ReflectiveMethodInvocation.proceed(ReflectiveMethodInvocation.java:150)
	at org.springframework.transaction.interceptor.TransactionInterceptor$1.proceedWithInvocation(TransactionInterceptor.java:96)
	at org.springframework.transaction.interceptor.TransactionAspectSupport.invokeWithinTransaction(TransactionAspectSupport.java:260)
	at org.springframework.transaction.interceptor.TransactionInterceptor.invoke(TransactionInterceptor.java:94)
	at org.springframework.aop.framework.ReflectiveMethodInvocation.proceed(ReflectiveMethodInvocation.java:172)
	at org.springframework.aop.framework.JdkDynamicAopProxy.invoke(JdkDynamicAopProxy.java:204)
	at com.sun.proxy.$Proxy111.getScaledImage(Unknown Source)
	at sun.reflect.NativeMethodAccessorImpl.invoke0(Native Method)
	at sun.reflect.NativeMethodAccessorImpl.invoke(NativeMethodAccessorImpl.java:62)
	at sun.reflect.DelegatingMethodAccessorImpl.invoke(DelegatingMethodAccessorImpl.java:43)
	at java.lang.reflect.Method.invoke(Method.java:498)
	at org.springframework.web.method.support.InvocableHandlerMethod.invoke(InvocableHandlerMethod.java:215)
	at org.springframework.web.method.support.InvocableHandlerMethod.invokeForRequest(InvocableHandlerMethod.java:132)
	at org.springframework.web.servlet.mvc.method.annotation.ServletInvocableHandlerMethod.invokeAndHandle(ServletInvocableHandlerMethod.java:104)
	at org.springframework.web.servlet.mvc.method.annotation.RequestMappingHandlerAdapter.invokeHandleMethod(RequestMappingHandlerAdapter.java:743)
	at org.springframework.web.servlet.mvc.method.annotation.RequestMappingHandlerAdapter.handleInternal(RequestMappingHandlerAdapter.java:672)
	at org.springframework.web.servlet.mvc.method.AbstractHandlerMethodAdapter.handle(AbstractHandlerMethodAdapter.java:82)
	at org.springframework.web.servlet.DispatcherServlet.doDispatch(DispatcherServlet.java:919)
	at org.springframework.web.servlet.DispatcherServlet.doService(DispatcherServlet.java:851)
	at org.springframework.web.servlet.FrameworkServlet.processRequest(FrameworkServlet.java:953)
	at org.springframework.web.servlet.FrameworkServlet.doGet(FrameworkServlet.java:844)
	at javax.servlet.http.HttpServlet.service(HttpServlet.java:624)
	at org.springframework.web.servlet.FrameworkServlet.service(FrameworkServlet.java:829)
	at javax.servlet.http.HttpServlet.service(HttpServlet.java:731)
	at org.apache.catalina.core.ApplicationFilterChain.internalDoFilter(ApplicationFilterChain.java:303)
	at org.apache.catalina.core.ApplicationFilterChain.doFilter(ApplicationFilterChain.java:208)
	at org.apache.tomcat.websocket.server.WsFilter.doFilter(WsFilter.java:52)
	at org.apache.catalina.core.ApplicationFilterChain.internalDoFilter(ApplicationFilterChain.java:241)
	at org.apache.catalina.core.ApplicationFilterChain.doFilter(ApplicationFilterChain.java:208)
	at com.ericsson.iptv.portal.fw.servlet.PortalServletFilter$FilterChainImpl.doFilter(PortalServletFilter.java:78)
	at com.ericsson.iptv.portal.fw.servlet.mbean.ServletFilterManager$FilterChainImpl.doFilter(ServletFilterManager.java:68)
	at com.ericsson.iptv.portal.fw.cors.AbstractCorsRequestFilter.doFilter(AbstractCorsRequestFilter.java:130)
	at com.ericsson.iptv.portal.mock.cors.CorsRequestFilter.doFilter(CorsRequestFilter.java:57)
	at sun.reflect.GeneratedMethodAccessor294.invoke(Unknown Source)
	at sun.reflect.DelegatingMethodAccessorImpl.invoke(DelegatingMethodAccessorImpl.java:43)
	at java.lang.reflect.Method.invoke(Method.java:498)
	at org.springframework.aop.support.AopUtils.invokeJoinpointUsingReflection(AopUtils.java:317)
	at org.springframework.aop.framework.ReflectiveMethodInvocation.invokeJoinpoint(ReflectiveMethodInvocation.java:183)
	at org.springframework.aop.framework.ReflectiveMethodInvocation.proceed(ReflectiveMethodInvocation.java:150)
	at org.springframework.aop.aspectj.MethodInvocationProceedingJoinPoint.proceed(MethodInvocationProceedingJoinPoint.java:80)
	at com.ericsson.iptv.portal.common.backend.mock.MockMBeanInterceptor.performAction(MockMBeanInterceptor.java:55)
	at sun.reflect.GeneratedMethodAccessor271.invoke(Unknown Source)
	at sun.reflect.DelegatingMethodAccessorImpl.invoke(DelegatingMethodAccessorImpl.java:43)
	at java.lang.reflect.Method.invoke(Method.java:498)
	at org.springframework.aop.aspectj.AbstractAspectJAdvice.invokeAdviceMethodWithGivenArgs(AbstractAspectJAdvice.java:621)
	at org.springframework.aop.aspectj.AbstractAspectJAdvice.invokeAdviceMethod(AbstractAspectJAdvice.java:610)
	at org.springframework.aop.aspectj.AspectJAroundAdvice.invoke(AspectJAroundAdvice.java:65)
	at org.springframework.aop.framework.ReflectiveMethodInvocation.proceed(ReflectiveMethodInvocation.java:161)
	at org.springframework.aop.interceptor.ExposeInvocationInterceptor.invoke(ExposeInvocationInterceptor.java:91)
	at org.springframework.aop.framework.ReflectiveMethodInvocation.proceed(ReflectiveMethodInvocation.java:172)
	at org.springframework.aop.framework.JdkDynamicAopProxy.invoke(JdkDynamicAopProxy.java:204)
	at com.sun.proxy.$Proxy59.doFilter(Unknown Source)
	at com.ericsson.iptv.portal.fw.servlet.mbean.ServletFilterManager$FilterChainImpl.doFilter(ServletFilterManager.java:66)
	at com.ericsson.iptv.portal.fw.servlet.mbean.ServletFilterManager.internalFilter(ServletFilterManager.java:80)
	at com.ericsson.iptv.portal.fw.servlet.mbean.ServletFilterManager.internalPerformAction(ServletFilterManager.java:89)
	at com.ericsson.iptv.portal.fw.mbean.MBeanManagerBase.performAction(MBeanManagerBase.java:536)
	at com.ericsson.iptv.portal.fw.mbean.MBeanManagerBase$1.compareTo(MBeanManagerBase.java:549)
	at com.ericsson.iptv.portal.fw.mbean.MBeanManagerBase$1.compareTo(MBeanManagerBase.java:546)
	at com.ericsson.iptv.portal.fw.mbean.MBeanManagerBase$Manager.invoke(MBeanManagerBase.java:318)
	at com.ericsson.iptv.portal.fw.servlet.PortalServletFilter$FilterChainImpl.doFilter(PortalServletFilter.java:76)
	at com.ericsson.iptv.portal.fw.servlet.mbean.ServletFilterManager$FilterChainImpl.doFilter(ServletFilterManager.java:68)
	at com.ericsson.iptv.portal.fw.backend.gzip.GZIPServletFilter.doFilter(GZIPServletFilter.java:88)
	at com.ericsson.iptv.portal.fw.servlet.mbean.ServletFilterManager$FilterChainImpl.doFilter(ServletFilterManager.java:66)
	at com.ericsson.iptv.portal.fw.backend.startup.DisableDirectoryListings.doFilter(DisableDirectoryListings.java:114)
	at com.ericsson.iptv.portal.fw.servlet.mbean.ServletFilterManager$FilterChainImpl.doFilter(ServletFilterManager.java:66)
	at com.ericsson.iptv.portal.fw.backend.cache.StaticDataCacheControl.doFilter(StaticDataCacheControl.java:83)
	at com.ericsson.iptv.portal.fw.servlet.mbean.ServletFilterManager$FilterChainImpl.doFilter(ServletFilterManager.java:66)
	at com.ericsson.iptv.portal.fw.servlet.mbean.ServletFilterManager.internalFilter(ServletFilterManager.java:80)
	at com.ericsson.iptv.portal.fw.servlet.mbean.ServletFilterManager.internalPerformAction(ServletFilterManager.java:89)
	at com.ericsson.iptv.portal.fw.mbean.MBeanManagerBase.performAction(MBeanManagerBase.java:536)
	at com.ericsson.iptv.portal.fw.mbean.MBeanManagerBase$1.compareTo(MBeanManagerBase.java:549)
	at com.ericsson.iptv.portal.fw.mbean.MBeanManagerBase$1.compareTo(MBeanManagerBase.java:546)
	at com.ericsson.iptv.portal.fw.mbean.MBeanManagerBase$Manager.invoke(MBeanManagerBase.java:318)
	at com.ericsson.iptv.portal.fw.servlet.PortalServletFilter$FilterChainImpl.doFilter(PortalServletFilter.java:76)
	at com.ericsson.iptv.portal.fw.servlet.PortalServletFilter.doFilter(PortalServletFilter.java:93)
	at org.apache.catalina.core.ApplicationFilterChain.internalDoFilter(ApplicationFilterChain.java:241)
	at org.apache.catalina.core.ApplicationFilterChain.doFilter(ApplicationFilterChain.java:208)
	at org.apache.catalina.core.ApplicationDispatcher.invoke(ApplicationDispatcher.java:743)
	at org.apache.catalina.core.ApplicationDispatcher.processRequest(ApplicationDispatcher.java:485)
	at org.apache.catalina.core.ApplicationDispatcher.doForward(ApplicationDispatcher.java:410)
	at org.apache.catalina.core.ApplicationDispatcher.forward(ApplicationDispatcher.java:337)
	at com.ericsson.iptv.portal.fw.artifact.ArtifactBase.internalForwardRequest(ArtifactBase.java:325)
	at com.ericsson.iptv.portal.fw.artifact.ArtifactBase.internalPerformAction(ArtifactBase.java:351)
	at com.ericsson.iptv.portal.fw.mbean.MBeanManagerBase.performAction(MBeanManagerBase.java:536)
	at com.ericsson.iptv.portal.fw.mbean.MBeanManagerBase$1.compareTo(MBeanManagerBase.java:549)
	at com.ericsson.iptv.portal.fw.mbean.MBeanManagerBase$1.compareTo(MBeanManagerBase.java:546)
	at com.ericsson.iptv.portal.fw.mbean.MBeanManagerBase$Manager.invoke(MBeanManagerBase.java:318)
	at com.ericsson.iptv.portal.fw.mbean.MBeanManagerBase$4.invokeOn(MBeanManagerBase.java:621)
	at com.ericsson.iptv.portal.fw.mbean.MBeanManagerBase.invokeOnSingleManager(MBeanManagerBase.java:516)
	at com.ericsson.iptv.portal.fw.mbean.MBeanManagerBase.broadcast(MBeanManagerBase.java:618)
	at com.ericsson.iptv.portal.fw.artifact.ArtifactBase.forwardRequest(ArtifactBase.java:424)
	at com.ericsson.iptv.portal.proxy.ProxyServlet.service(ProxyServlet.java:130)
	at javax.servlet.http.HttpServlet.service(HttpServlet.java:731)
	at org.apache.catalina.core.ApplicationFilterChain.internalDoFilter(ApplicationFilterChain.java:303)
	at org.apache.catalina.core.ApplicationFilterChain.doFilter(ApplicationFilterChain.java:208)
	at org.apache.tomcat.websocket.server.WsFilter.doFilter(WsFilter.java:52)
	at org.apache.catalina.core.ApplicationFilterChain.internalDoFilter(ApplicationFilterChain.java:241)
	at org.apache.catalina.core.ApplicationFilterChain.doFilter(ApplicationFilterChain.java:208)
	at org.apache.catalina.core.StandardWrapperValve.invoke(StandardWrapperValve.java:219)
	at org.apache.catalina.core.StandardContextValve.invoke(StandardContextValve.java:110)
	at org.apache.catalina.authenticator.AuthenticatorBase.invoke(AuthenticatorBase.java:506)
	at org.apache.catalina.core.StandardHostValve.invoke(StandardHostValve.java:169)
	at org.apache.catalina.valves.ErrorReportValve.invoke(ErrorReportValve.java:103)
	at org.apache.catalina.valves.AccessLogValve.invoke(AccessLogValve.java:962)
	at org.apache.catalina.core.StandardEngineValve.invoke(StandardEngineValve.java:116)
	at org.apache.catalina.connector.CoyoteAdapter.service(CoyoteAdapter.java:445)
	at org.apache.coyote.http11.AbstractHttp11Processor.process(AbstractHttp11Processor.java:1115)
	at org.apache.coyote.AbstractProtocol$AbstractConnectionHandler.process(AbstractProtocol.java:637)
	at org.apache.tomcat.util.net.JIoEndpoint$SocketProcessor.run(JIoEndpoint.java:318)
	at java.util.concurrent.ThreadPoolExecutor.runWorker(ThreadPoolExecutor.java:1149)
	at java.util.concurrent.ThreadPoolExecutor$Worker.run(ThreadPoolExecutor.java:624)
	at org.apache.tomcat.util.threads.TaskThread$WrappingRunnable.run(TaskThread.java:61)
	at java.lang.Thread.run(Thread.java:748)
Caused by: java.io.FileNotFoundException: http://localhost:8186/portal-coreapps-backend-mock-war-17.0.22/images/ProgramPoster.jpg
	at sun.net.www.protocol.http.HttpURLConnection.getInputStream0(HttpURLConnection.java:1890)
	at sun.net.www.protocol.http.HttpURLConnection.getInputStream(HttpURLConnection.java:1492)
	at sun.net.www.protocol.http.HttpURLConnection.getHeaderField(HttpURLConnection.java:3000)
	at java.net.URLConnection.getContentType(URLConnection.java:512)
	at com.ericsson.iptv.portal.common.imagescaler.ImageScalerBean.scaledImage(ImageScalerBean.java:168)
	... 120 more

Feb 09, 2018 4:39:59 PM com.ericsson.iptv.portal.common.imagescaler.ImageScalerBean scaledImage
SEVERE: Error reading image: http://localhost:8186/portal-coreapps-backend-mock-war-17.0.22/images/ProgramPoster.jpg: http://localhost:8186/portal-coreapps-backend-mock-war-17.0.22/images/ProgramPoster.jpg
Feb 09, 2018 4:39:59 PM com.ericsson.iptv.portal.fw.spring.ExceptionView renderMergedOutputModel
WARNING: Exception: com.ericsson.iptv.portal.fw.exceptions.CommonFault.INTERNAL_FAULT caught in /portal-imageprocessor-war-17.0.22/static/imageScaler.ajax [http://localhost:8186/portal-root-war/index_mock.html] 
java.io.FileNotFoundException: http://localhost:8186/portal-coreapps-backend-mock-war-17.0.22/images/ProgramPoster.jpg
	at sun.reflect.NativeConstructorAccessorImpl.newInstance0(Native Method)
	at sun.reflect.NativeConstructorAccessorImpl.newInstance(NativeConstructorAccessorImpl.java:62)
	at sun.reflect.DelegatingConstructorAccessorImpl.newInstance(DelegatingConstructorAccessorImpl.java:45)
	at java.lang.reflect.Constructor.newInstance(Constructor.java:423)
	at sun.net.www.protocol.http.HttpURLConnection$10.run(HttpURLConnection.java:1944)
	at sun.net.www.protocol.http.HttpURLConnection$10.run(HttpURLConnection.java:1939)
	at java.security.AccessController.doPrivileged(Native Method)
	at sun.net.www.protocol.http.HttpURLConnection.getChainedException(HttpURLConnection.java:1938)
	at sun.net.www.protocol.http.HttpURLConnection.getInputStream0(HttpURLConnection.java:1508)
	at sun.net.www.protocol.http.HttpURLConnection.getInputStream(HttpURLConnection.java:1492)
	at com.ericsson.iptv.portal.common.imagescaler.ImageScalerBean.scaledImage(ImageScalerBean.java:171)
	at com.ericsson.iptv.portal.common.imagescaler.ImageScalerBean.getScaledImage(ImageScalerBean.java:146)
	at sun.reflect.NativeMethodAccessorImpl.invoke0(Native Method)
	at sun.reflect.NativeMethodAccessorImpl.invoke(NativeMethodAccessorImpl.java:62)
	at sun.reflect.DelegatingMethodAccessorImpl.invoke(DelegatingMethodAccessorImpl.java:43)
	at java.lang.reflect.Method.invoke(Method.java:498)
	at org.springframework.aop.support.AopUtils.invokeJoinpointUsingReflection(AopUtils.java:317)
	at org.springframework.aop.framework.ReflectiveMethodInvocation.invokeJoinpoint(ReflectiveMethodInvocation.java:183)
	at org.springframework.aop.framework.ReflectiveMethodInvocation.proceed(ReflectiveMethodInvocation.java:150)
	at org.springframework.transaction.interceptor.TransactionInterceptor$1.proceedWithInvocation(TransactionInterceptor.java:96)
	at org.springframework.transaction.interceptor.TransactionAspectSupport.invokeWithinTransaction(TransactionAspectSupport.java:260)
	at org.springframework.transaction.interceptor.TransactionInterceptor.invoke(TransactionInterceptor.java:94)
	at org.springframework.aop.framework.ReflectiveMethodInvocation.proceed(ReflectiveMethodInvocation.java:172)
	at org.springframework.aop.framework.JdkDynamicAopProxy.invoke(JdkDynamicAopProxy.java:204)
	at com.sun.proxy.$Proxy111.getScaledImage(Unknown Source)
	at sun.reflect.NativeMethodAccessorImpl.invoke0(Native Method)
	at sun.reflect.NativeMethodAccessorImpl.invoke(NativeMethodAccessorImpl.java:62)
	at sun.reflect.DelegatingMethodAccessorImpl.invoke(DelegatingMethodAccessorImpl.java:43)
	at java.lang.reflect.Method.invoke(Method.java:498)
	at org.springframework.web.method.support.InvocableHandlerMethod.invoke(InvocableHandlerMethod.java:215)
	at org.springframework.web.method.support.InvocableHandlerMethod.invokeForRequest(InvocableHandlerMethod.java:132)
	at org.springframework.web.servlet.mvc.method.annotation.ServletInvocableHandlerMethod.invokeAndHandle(ServletInvocableHandlerMethod.java:104)
	at org.springframework.web.servlet.mvc.method.annotation.RequestMappingHandlerAdapter.invokeHandleMethod(RequestMappingHandlerAdapter.java:743)
	at org.springframework.web.servlet.mvc.method.annotation.RequestMappingHandlerAdapter.handleInternal(RequestMappingHandlerAdapter.java:672)
	at org.springframework.web.servlet.mvc.method.AbstractHandlerMethodAdapter.handle(AbstractHandlerMethodAdapter.java:82)
	at org.springframework.web.servlet.DispatcherServlet.doDispatch(DispatcherServlet.java:919)
	at org.springframework.web.servlet.DispatcherServlet.doService(DispatcherServlet.java:851)
	at org.springframework.web.servlet.FrameworkServlet.processRequest(FrameworkServlet.java:953)
	at org.springframework.web.servlet.FrameworkServlet.doGet(FrameworkServlet.java:844)
	at javax.servlet.http.HttpServlet.service(HttpServlet.java:624)
	at org.springframework.web.servlet.FrameworkServlet.service(FrameworkServlet.java:829)
	at javax.servlet.http.HttpServlet.service(HttpServlet.java:731)
	at org.apache.catalina.core.ApplicationFilterChain.internalDoFilter(ApplicationFilterChain.java:303)
	at org.apache.catalina.core.ApplicationFilterChain.doFilter(ApplicationFilterChain.java:208)
	at org.apache.tomcat.websocket.server.WsFilter.doFilter(WsFilter.java:52)
	at org.apache.catalina.core.ApplicationFilterChain.internalDoFilter(ApplicationFilterChain.java:241)
	at org.apache.catalina.core.ApplicationFilterChain.doFilter(ApplicationFilterChain.java:208)
	at com.ericsson.iptv.portal.fw.servlet.PortalServletFilter$FilterChainImpl.doFilter(PortalServletFilter.java:78)
	at com.ericsson.iptv.portal.fw.servlet.mbean.ServletFilterManager$FilterChainImpl.doFilter(ServletFilterManager.java:68)
	at com.ericsson.iptv.portal.fw.cors.AbstractCorsRequestFilter.doFilter(AbstractCorsRequestFilter.java:130)
	at com.ericsson.iptv.portal.mock.cors.CorsRequestFilter.doFilter(CorsRequestFilter.java:57)
	at sun.reflect.GeneratedMethodAccessor294.invoke(Unknown Source)
	at sun.reflect.DelegatingMethodAccessorImpl.invoke(DelegatingMethodAccessorImpl.java:43)
	at java.lang.reflect.Method.invoke(Method.java:498)
	at org.springframework.aop.support.AopUtils.invokeJoinpointUsingReflection(AopUtils.java:317)
	at org.springframework.aop.framework.ReflectiveMethodInvocation.invokeJoinpoint(ReflectiveMethodInvocation.java:183)
	at org.springframework.aop.framework.ReflectiveMethodInvocation.proceed(ReflectiveMethodInvocation.java:150)
	at org.springframework.aop.aspectj.MethodInvocationProceedingJoinPoint.proceed(MethodInvocationProceedingJoinPoint.java:80)
	at com.ericsson.iptv.portal.common.backend.mock.MockMBeanInterceptor.performAction(MockMBeanInterceptor.java:55)
	at sun.reflect.GeneratedMethodAccessor271.invoke(Unknown Source)
	at sun.reflect.DelegatingMethodAccessorImpl.invoke(DelegatingMethodAccessorImpl.java:43)
	at java.lang.reflect.Method.invoke(Method.java:498)
	at org.springframework.aop.aspectj.AbstractAspectJAdvice.invokeAdviceMethodWithGivenArgs(AbstractAspectJAdvice.java:621)
	at org.springframework.aop.aspectj.AbstractAspectJAdvice.invokeAdviceMethod(AbstractAspectJAdvice.java:610)
	at org.springframework.aop.aspectj.AspectJAroundAdvice.invoke(AspectJAroundAdvice.java:65)
	at org.springframework.aop.framework.ReflectiveMethodInvocation.proceed(ReflectiveMethodInvocation.java:161)
	at org.springframework.aop.interceptor.ExposeInvocationInterceptor.invoke(ExposeInvocationInterceptor.java:91)
	at org.springframework.aop.framework.ReflectiveMethodInvocation.proceed(ReflectiveMethodInvocation.java:172)
	at org.springframework.aop.framework.JdkDynamicAopProxy.invoke(JdkDynamicAopProxy.java:204)
	at com.sun.proxy.$Proxy59.doFilter(Unknown Source)
	at com.ericsson.iptv.portal.fw.servlet.mbean.ServletFilterManager$FilterChainImpl.doFilter(ServletFilterManager.java:66)
	at com.ericsson.iptv.portal.fw.servlet.mbean.ServletFilterManager.internalFilter(ServletFilterManager.java:80)
	at com.ericsson.iptv.portal.fw.servlet.mbean.ServletFilterManager.internalPerformAction(ServletFilterManager.java:89)
	at com.ericsson.iptv.portal.fw.mbean.MBeanManagerBase.performAction(MBeanManagerBase.java:536)
	at com.ericsson.iptv.portal.fw.mbean.MBeanManagerBase$1.compareTo(MBeanManagerBase.java:549)
	at com.ericsson.iptv.portal.fw.mbean.MBeanManagerBase$1.compareTo(MBeanManagerBase.java:546)
	at com.ericsson.iptv.portal.fw.mbean.MBeanManagerBase$Manager.invoke(MBeanManagerBase.java:318)
	at com.ericsson.iptv.portal.fw.servlet.PortalServletFilter$FilterChainImpl.doFilter(PortalServletFilter.java:76)
	at com.ericsson.iptv.portal.fw.servlet.mbean.ServletFilterManager$FilterChainImpl.doFilter(ServletFilterManager.java:68)
	at com.ericsson.iptv.portal.fw.backend.gzip.GZIPServletFilter.doFilter(GZIPServletFilter.java:88)
	at com.ericsson.iptv.portal.fw.servlet.mbean.ServletFilterManager$FilterChainImpl.doFilter(ServletFilterManager.java:66)
	at com.ericsson.iptv.portal.fw.backend.startup.DisableDirectoryListings.doFilter(DisableDirectoryListings.java:114)
	at com.ericsson.iptv.portal.fw.servlet.mbean.ServletFilterManager$FilterChainImpl.doFilter(ServletFilterManager.java:66)
	at com.ericsson.iptv.portal.fw.backend.cache.StaticDataCacheControl.doFilter(StaticDataCacheControl.java:83)
	at com.ericsson.iptv.portal.fw.servlet.mbean.ServletFilterManager$FilterChainImpl.doFilter(ServletFilterManager.java:66)
	at com.ericsson.iptv.portal.fw.servlet.mbean.ServletFilterManager.internalFilter(ServletFilterManager.java:80)
	at com.ericsson.iptv.portal.fw.servlet.mbean.ServletFilterManager.internalPerformAction(ServletFilterManager.java:89)
	at com.ericsson.iptv.portal.fw.mbean.MBeanManagerBase.performAction(MBeanManagerBase.java:536)
	at com.ericsson.iptv.portal.fw.mbean.MBeanManagerBase$1.compareTo(MBeanManagerBase.java:549)
	at com.ericsson.iptv.portal.fw.mbean.MBeanManagerBase$1.compareTo(MBeanManagerBase.java:546)
	at com.ericsson.iptv.portal.fw.mbean.MBeanManagerBase$Manager.invoke(MBeanManagerBase.java:318)
	at com.ericsson.iptv.portal.fw.servlet.PortalServletFilter$FilterChainImpl.doFilter(PortalServletFilter.java:76)
	at com.ericsson.iptv.portal.fw.servlet.PortalServletFilter.doFilter(PortalServletFilter.java:93)
	at org.apache.catalina.core.ApplicationFilterChain.internalDoFilter(ApplicationFilterChain.java:241)
	at org.apache.catalina.core.ApplicationFilterChain.doFilter(ApplicationFilterChain.java:208)
	at org.apache.catalina.core.ApplicationDispatcher.invoke(ApplicationDispatcher.java:743)
	at org.apache.catalina.core.ApplicationDispatcher.processRequest(ApplicationDispatcher.java:485)
	at org.apache.catalina.core.ApplicationDispatcher.doForward(ApplicationDispatcher.java:410)
	at org.apache.catalina.core.ApplicationDispatcher.forward(ApplicationDispatcher.java:337)
	at com.ericsson.iptv.portal.fw.artifact.ArtifactBase.internalForwardRequest(ArtifactBase.java:325)
	at com.ericsson.iptv.portal.fw.artifact.ArtifactBase.internalPerformAction(ArtifactBase.java:351)
	at com.ericsson.iptv.portal.fw.mbean.MBeanManagerBase.performAction(MBeanManagerBase.java:536)
	at com.ericsson.iptv.portal.fw.mbean.MBeanManagerBase$1.compareTo(MBeanManagerBase.java:549)
	at com.ericsson.iptv.portal.fw.mbean.MBeanManagerBase$1.compareTo(MBeanManagerBase.java:546)
	at com.ericsson.iptv.portal.fw.mbean.MBeanManagerBase$Manager.invoke(MBeanManagerBase.java:318)
	at com.ericsson.iptv.portal.fw.mbean.MBeanManagerBase$4.invokeOn(MBeanManagerBase.java:621)
	at com.ericsson.iptv.portal.fw.mbean.MBeanManagerBase.invokeOnSingleManager(MBeanManagerBase.java:516)
	at com.ericsson.iptv.portal.fw.mbean.MBeanManagerBase.broadcast(MBeanManagerBase.java:618)
	at com.ericsson.iptv.portal.fw.artifact.ArtifactBase.forwardRequest(ArtifactBase.java:424)
	at com.ericsson.iptv.portal.proxy.ProxyServlet.service(ProxyServlet.java:130)
	at javax.servlet.http.HttpServlet.service(HttpServlet.java:731)
	at org.apache.catalina.core.ApplicationFilterChain.internalDoFilter(ApplicationFilterChain.java:303)
	at org.apache.catalina.core.ApplicationFilterChain.doFilter(ApplicationFilterChain.java:208)
	at org.apache.tomcat.websocket.server.WsFilter.doFilter(WsFilter.java:52)
	at org.apache.catalina.core.ApplicationFilterChain.internalDoFilter(ApplicationFilterChain.java:241)
	at org.apache.catalina.core.ApplicationFilterChain.doFilter(ApplicationFilterChain.java:208)
	at org.apache.catalina.core.StandardWrapperValve.invoke(StandardWrapperValve.java:219)
	at org.apache.catalina.core.StandardContextValve.invoke(StandardContextValve.java:110)
	at org.apache.catalina.authenticator.AuthenticatorBase.invoke(AuthenticatorBase.java:506)
	at org.apache.catalina.core.StandardHostValve.invoke(StandardHostValve.java:169)
	at org.apache.catalina.valves.ErrorReportValve.invoke(ErrorReportValve.java:103)
	at org.apache.catalina.valves.AccessLogValve.invoke(AccessLogValve.java:962)
	at org.apache.catalina.core.StandardEngineValve.invoke(StandardEngineValve.java:116)
	at org.apache.catalina.connector.CoyoteAdapter.service(CoyoteAdapter.java:445)
	at org.apache.coyote.http11.AbstractHttp11Processor.process(AbstractHttp11Processor.java:1115)
	at org.apache.coyote.AbstractProtocol$AbstractConnectionHandler.process(AbstractProtocol.java:637)
	at org.apache.tomcat.util.net.JIoEndpoint$SocketProcessor.run(JIoEndpoint.java:318)
	at java.util.concurrent.ThreadPoolExecutor.runWorker(ThreadPoolExecutor.java:1149)
	at java.util.concurrent.ThreadPoolExecutor$Worker.run(ThreadPoolExecutor.java:624)
	at org.apache.tomcat.util.threads.TaskThread$WrappingRunnable.run(TaskThread.java:61)
	at java.lang.Thread.run(Thread.java:748)
Caused by: java.io.FileNotFoundException: http://localhost:8186/portal-coreapps-backend-mock-war-17.0.22/images/ProgramPoster.jpg
	at sun.net.www.protocol.http.HttpURLConnection.getInputStream0(HttpURLConnection.java:1890)
	at sun.net.www.protocol.http.HttpURLConnection.getInputStream(HttpURLConnection.java:1492)
	at sun.net.www.protocol.http.HttpURLConnection.getHeaderField(HttpURLConnection.java:3000)
	at java.net.URLConnection.getContentType(URLConnection.java:512)
	at com.ericsson.iptv.portal.common.imagescaler.ImageScalerBean.scaledImage(ImageScalerBean.java:168)
	... 120 more

