Feb 27, 2018 10:06:15 AM com.ericsson.iptv.portal.fw.constraint.mbean.ConstraintManager getDeviceConstraints
INFO: cookie.value=90AFBC8D83145AD612728F6C91837C4D
Feb 27, 2018 10:06:15 AM com.ericsson.iptv.portal.fw.backend.log.controller.FwLogController log
INFO: [37 2018-02-26 19:56:02.103][OJme9a/ihAH4cAE6aejGjE99MWo=] [subscriber1000] [user1] [http://localhost:8186/portal-root-war/index_mock.html] com.ericsson.iptv.portal.ott.device.web.Info: Portal Application Visibility status changed to ON_REMOVE
Feb 27, 2018 10:06:16 AM com.ericsson.iptv.portal.fw.backend.sw.FwSwBean getSwList
WARNING: Missing dependency to com.ericsson.iptv.portal.avalanche.second.main.plugin.MissingPluginListener referred from com.ericsson.iptv.portal.avalanche.second.common.popup.view.MissingPluginPopup
Feb 27, 2018 10:06:16 AM com.ericsson.iptv.portal.fw.backend.log.controller.FwLogController log
INFO: [0 2018-02-27 10:06:16.191][subscriber1000] [http://localhost:8186/portal-root-war/index_mock.html] com.ericsson.iptv.portal.ott.device.web.vo.BrowserPluginInjector: initPluginType, user agent [ Mozilla/5.0 (Macintosh; Intel Mac OS X 10_12_6) AppleWebKit/537.36 (KHTML, like Gecko) Chrome/64.0.3282.167 Safari/537.36 ]
Feb 27, 2018 10:06:16 AM com.ericsson.iptv.portal.fw.backend.log.controller.FwLogController log
INFO: [1 2018-02-27 10:06:16.192][subscriber1000] [http://localhost:8186/portal-root-war/index_mock.html] com.ericsson.iptv.portal.ott.device.web.vo.BrowserPluginInjector: You're running in single tenant mode
Feb 27, 2018 10:06:16 AM com.ericsson.iptv.portal.fw.backend.log.controller.FwLogController log
INFO: [2 2018-02-27 10:06:16.193][subscriber1000] [http://localhost:8186/portal-root-war/index_mock.html] com.ericsson.iptv.portal.ott.device.web.AsyncDiscovery: you're running at platform {browser:{name:Chrome,version:64.0.3282.167},os:{name:Mac,version:10_12_6}}
Feb 27, 2018 10:06:16 AM com.ericsson.iptv.portal.fw.backend.log.controller.FwLogController log
WARNING: [3 2018-02-27 10:06:16.203][subscriber1000] [http://localhost:8186/portal-root-war/index_mock.html] com.ericsson.iptv.portal.multiscreenapps.device.ott.Discovery: Can't be identified as an Android or iOS device!
Feb 27, 2018 10:06:16 AM com.ericsson.iptv.portal.fw.backend.log.controller.FwLogController log
INFO: [4 2018-02-27 10:06:16.978][subscriber1000] [http://localhost:8186/portal-root-war/index_mock.html] com.ericsson.iptv.portal.ott.device.web.AsyncDiscovery: getClientId from DRM: OJme9a/ihAH4cAE6aejGjE99MWo=
Feb 27, 2018 10:06:17 AM com.ericsson.iptv.portal.fw.backend.log.controller.FwLogController log
INFO: [5 2018-02-27 10:06:17.036][subscriber1000] [http://localhost:8186/portal-root-war/index_mock.html] com.ericsson.iptv.portal.ott.device.web.vo.BrowserPluginInjector: initPluginType, user agent [ Mozilla/5.0 (Macintosh; Intel Mac OS X 10_12_6) AppleWebKit/537.36 (KHTML, like Gecko) Chrome/64.0.3282.167 Safari/537.36 ]
Feb 27, 2018 10:06:17 AM com.ericsson.iptv.portal.fw.backend.log.controller.FwLogController log
INFO: [6 2018-02-27 10:06:17.036][subscriber1000] [http://localhost:8186/portal-root-war/index_mock.html] com.ericsson.iptv.portal.ott.device.web.vo.BrowserPluginInjector: You're running in single tenant mode
Feb 27, 2018 10:06:17 AM com.ericsson.iptv.portal.fw.backend.log.controller.FwLogController log
WARNING: [7 2018-02-27 10:06:17.060][subscriber1000] [http://localhost:8186/portal-root-war/index_mock.html] com.ericsson.iptv.portal.ott.device.web.Info: getIpAddress() not implemented on ott-pc!
Feb 27, 2018 10:06:17 AM com.ericsson.iptv.portal.fw.backend.log.controller.FwLogController log
INFO: [8 2018-02-27 10:06:17.138][subscriber1000] [http://localhost:8186/portal-root-war/index_mock.html] com.ericsson.iptv.portal.ott.device.web.vo.BrowserPluginInjector: plugin element in dom {data:,type:,name:,useMap:,form:null,width:1px,height:1px,contentDocument:null,contentWindow:null,willValidate:false,validity:{valueMissing:false,typeMismatch:false,patternMismatch:false,tooLong:false,tooShort:false,rangeUnderflow:false,rangeOverflow:false,stepMismatch:false,badInput:false,customError:false,valid:true},validationMessage:,align:,archive:,code:,declare:false,hspace:0,standby:,vspace:0,codeBase:,codeType:,border:,getSVGDocument:function(){},checkValidity:function(){},reportValidity:function(){},setCustomValidity:function(){},title:,lang:,translate:true,dir:,dataset:{},hidden:false,tabIndex:0,accessKey:,draggable:false,spellcheck:true,contentEditable:inherit,isContentEditable:false,offsetParent:{text:,link:,vLink:,aLink:,bgColor:,background:,onblur:null,onerror:null,onfocus:null,onload:null,onresize:function(){},onscroll:null,onafterprint:null,onbeforeprint:null,onbeforeunload:null,onhashchange:function(){},onlanguagechange:null,onmessage:null,onmessageerror:null,onoffline:null,ononline:null,onpagehide:null,onpageshow:null,onpopstate:null,onrejectionhandled:null,onstorage:null,onunhandledrejection:null,onunload:null,title:,lang:,translate:true,dir:,dataset:{},hidden:false,tabIndex:-1,accessKey:,draggable:false,spellcheck:true,contentEditable:inherit,isContentEditable:false,offsetParent:null,offsetTop:0,offsetLeft:0,offsetWidth:1673,offsetHeight:152,style:[background-color],innerText:
,outerText:
,onabort:null,oncancel:null,oncanplay:null,oncanplaythrough:null,onchange:null,onclick:null,onclose:null,oncontextmenu:null,oncuechange:null,ondblclick:null,ondrag:null,ondragend:null,ondragenter:null,ondragleave:null,ondragover:null,ondragstart:null,ondrop:null,ondurationchange:null,onemptied:null,onended:null,oninput:null,oninvalid:null,onkeydown:null,onkeypress:null,onkeyup:null,onloadeddata:null,onloadedmetadata:null,onloadstart:null,onmousedown:null,onmouseenter:null,onmouseleave:null,onmousemove:null,onmouseout:null,onmouseover:null,onmouseup:null,onmousewheel:null,onpause:null,onplay:null,onplaying:null,onprogress:null,onratechange:null,onreset:null,onseeked:null,onseeking:null,onselect:null,onstalled:null,onsubmit:null,onsuspend:null,ontimeupdate:null,ontoggle:null,onvolumechange:null,onwaiting:null,onwheel:null,onauxclick:null,ongotpointercapture:null,onlostpointercapture:null,onpointerdown:null,onpointermove:null,onpointerup:null,onpointercancel:null,onpointerover:null,onpointerout:null,onpointerenter:null,onpointerleave:null,nonce:,click:function(){},focus:function(){},blur:function(){},namespaceURI:http://www.w3.org/1999/xhtml,prefix:null,localName:body,tagName:BODY,id:main,className:,classList:[],slot:,attributes:[{...},{...}],shadowRoot:null,assignedSlot:null,innerHTML:<object id="OSMPPlayerPlugin" width="1px" height="1px"><embed helper-port="9002" helper-rpc-schema="ws" name="nacl_module" id="nacl_module" width="100%" height="100%" path="/PNaCl" src="/PNaCl/BrowserPluginPNaCl.nmf" type="application/x-pnacl"></object>

    <style>@font-face {font-family: Open Sans;font-weight:300;font-style:normal;src: url('/portal-avalanche-common-init-war-0.0.2/OpenSans-Light-webfont.eot');src: url('/portal-avalanche-common-init-war-0.0.2/OpenSans-Light-webfont.eot?#iefix') format('embedded-opentype'),url('/portal-avalanche-common-init-war-0.0.2/OpenSans-Light-webfont.woff2') format('woff2'), url('/portal-avalanche-common-init-war-0.0.2/OpenSans-Light-webfont.woff') format('woff'), url('/portal-avalanche-common-init-war-0.0.2/OpenSans-Light-webfont.ttf') format('truetype');}@font-face {font-family: Open Sans;font-weight:400;font-style:normal;src: url('/portal-avalanche-common-init-war-0.0.2/OpenSans-Regular-webfont.eot');src: url('/portal-avalanche-common-init-war-0.0.2/OpenSans-Regular-webfont.eot?#iefix') format('embedded-opentype'),url('/portal-avalanche-common-init-war-0.0.2/OpenSans-Regular-webfont.woff2') format('woff2'), url('/portal-avalanche-common-init-war-0.0.2/OpenSans-Regular-webfont.woff') format('woff'), url('/portal-avalanche-common-init-war-0.0.2/OpenSans-Regular-webfont.ttf') format('truetype');}@fon...
Feb 27, 2018 4:57:28 PM com.ericsson.iptv.portal.fw.backend.sw.FwSwBean getSwList
WARNING: Missing dependency to com.ericsson.iptv.portal.avalanche.second.main.plugin.MissingPluginListener referred from com.ericsson.iptv.portal.avalanche.second.common.popup.view.MissingPluginPopup
Feb 27, 2018 4:57:29 PM com.ericsson.iptv.portal.fw.backend.log.controller.FwLogController log
INFO: [0 2018-02-27 16:57:29.009][subscriber1000] [http://localhost:8186/portal-root-war/index_mock.html] com.ericsson.iptv.portal.ott.device.web.vo.BrowserPluginInjector: initPluginType, user agent [ Mozilla/5.0 (Macintosh; Intel Mac OS X 10_12_6) AppleWebKit/604.5.6 (KHTML, like Gecko) Version/11.0.3 Safari/604.5.6 ]
Feb 27, 2018 4:57:29 PM com.ericsson.iptv.portal.fw.backend.log.controller.FwLogController log
INFO: [1 2018-02-27 16:57:29.010][subscriber1000] [http://localhost:8186/portal-root-war/index_mock.html] com.ericsson.iptv.portal.ott.device.web.vo.BrowserPluginInjector: You're running in single tenant mode
Feb 27, 2018 4:57:29 PM com.ericsson.iptv.portal.fw.backend.log.controller.FwLogController log
INFO: [2 2018-02-27 16:57:29.010][subscriber1000] [http://localhost:8186/portal-root-war/index_mock.html] com.ericsson.iptv.portal.ott.device.web.AsyncDiscovery: you're running at platform {browser:{name:Safari,version:11.0.3},os:{name:Mac,version:10_12_6}}
Feb 27, 2018 4:57:29 PM com.ericsson.iptv.portal.fw.backend.log.controller.FwLogController log
WARNING: [3 2018-02-27 16:57:29.016][subscriber1000] [http://localhost:8186/portal-root-war/index_mock.html] com.ericsson.iptv.portal.multiscreenapps.device.ott.Discovery: Can't be identified as an Android or iOS device!
Feb 27, 2018 4:57:38 PM com.ericsson.iptv.portal.fw.backend.log.controller.FwLogController log
INFO: [4 2018-02-27 16:57:29.915][subscriber1000] [http://localhost:8186/portal-root-war/index_mock.html] com.ericsson.iptv.portal.ott.device.web.vo.BrowserPluginInjector: plugin branded version: 3.21.0, SDK version:3.21.0-B96087/release
Feb 27, 2018 4:57:38 PM com.ericsson.iptv.portal.fw.backend.log.controller.FwLogController log
INFO: [5 2018-02-27 16:57:29.915][subscriber1000] [http://localhost:8186/portal-root-war/index_mock.html] com.ericsson.iptv.portal.ott.device.web.vo.BrowserPluginInjector: init media player plugin
Feb 27, 2018 4:57:38 PM com.ericsson.iptv.portal.fw.backend.log.controller.FwLogController log
INFO: [6 2018-02-27 16:57:38.001][subscriber1000] [http://localhost:8186/portal-root-war/index_mock.html] com.ericsson.iptv.portal.ott.device.web.AsyncDiscovery: getClientId from DRM: OJme9a/ihAH4cAE6aejGjE99MWo=
Feb 27, 2018 4:57:38 PM com.ericsson.iptv.portal.fw.backend.log.controller.FwLogController log
INFO: [7 2018-02-27 16:57:38.075][subscriber1000] [http://localhost:8186/portal-root-war/index_mock.html] com.ericsson.iptv.portal.ott.device.web.vo.BrowserPluginInjector: initPluginType, user agent [ Mozilla/5.0 (Macintosh; Intel Mac OS X 10_12_6) AppleWebKit/604.5.6 (KHTML, like Gecko) Version/11.0.3 Safari/604.5.6 ]
Feb 27, 2018 4:57:38 PM com.ericsson.iptv.portal.fw.backend.log.controller.FwLogController log
INFO: [8 2018-02-27 16:57:38.075][subscriber1000] [http://localhost:8186/portal-root-war/index_mock.html] com.ericsson.iptv.portal.ott.device.web.vo.BrowserPluginInjector: You're running in single tenant mode
Feb 27, 2018 4:57:38 PM com.ericsson.iptv.portal.fw.backend.log.controller.FwLogController log
WARNING: [9 2018-02-27 16:57:38.099][subscriber1000] [http://localhost:8186/portal-root-war/index_mock.html] com.ericsson.iptv.portal.fw.core.DynamicLoad: Interval not cleared: 13 ( 100 ) function(){}
Feb 27, 2018 4:57:38 PM com.ericsson.iptv.portal.fw.backend.log.controller.FwLogController log
INFO: [10 2018-02-27 16:57:38.128][subscriber1000] [http://localhost:8186/portal-root-war/index_mock.html] com.ericsson.iptv.portal.ott.device.web.vo.BrowserPluginInjector: initPluginType, user agent [ Mozilla/5.0 (Macintosh; Intel Mac OS X 10_12_6) AppleWebKit/604.5.6 (KHTML, like Gecko) Version/11.0.3 Safari/604.5.6 ]
Feb 27, 2018 4:57:38 PM com.ericsson.iptv.portal.fw.backend.log.controller.FwLogController log
INFO: [11 2018-02-27 16:57:38.128][subscriber1000] [http://localhost:8186/portal-root-war/index_mock.html] com.ericsson.iptv.portal.ott.device.web.vo.BrowserPluginInjector: You're running in single tenant mode
Feb 27, 2018 4:57:38 PM com.ericsson.iptv.portal.fw.backend.log.controller.FwLogController log
WARNING: [12 2018-02-27 16:57:38.138][subscriber1000] [http://localhost:8186/portal-root-war/index_mock.html] com.ericsson.iptv.portal.ott.device.web.Info: getIpAddress() not implemented on ott-pc!
Feb 27, 2018 4:57:38 PM com.ericsson.iptv.portal.fw.backend.log.controller.FwLogController log
INFO: [13 2018-02-27 16:57:38.230][subscriber1000] [http://localhost:8186/portal-root-war/index_mock.html] com.ericsson.iptv.portal.ott.device.web.vo.BrowserPluginInjector: plugin element in dom function(){}
Feb 27, 2018 4:57:40 PM com.ericsson.iptv.portal.fw.backend.log.controller.FwLogController log
INFO: [14 2018-02-27 16:57:40.570][OJme9a/ihAH4cAE6aejGjE99MWo=] [subscriber1000] [user1] [http://localhost:8186/portal-root-war/index_mock.html] com.ericsson.iptv.portal.ott.device.web.vo.BrowserPluginInjector: initPluginType, user agent [ Mozilla/5.0 (Macintosh; Intel Mac OS X 10_12_6) AppleWebKit/604.5.6 (KHTML, like Gecko) Version/11.0.3 Safari/604.5.6 ]
Feb 27, 2018 4:57:40 PM com.ericsson.iptv.portal.fw.backend.log.controller.FwLogController log
INFO: [15 2018-02-27 16:57:40.570][OJme9a/ihAH4cAE6aejGjE99MWo=] [subscriber1000] [user1] [http://localhost:8186/portal-root-war/index_mock.html] com.ericsson.iptv.portal.ott.device.web.vo.BrowserPluginInjector: You're running in single tenant mode
Feb 27, 2018 4:57:40 PM com.ericsson.iptv.portal.fw.backend.log.controller.FwLogController log
WARNING: [16 2018-02-27 16:57:40.581][OJme9a/ihAH4cAE6aejGjE99MWo=] [subscriber1000] [user1] [http://localhost:8186/portal-root-war/index_mock.html] com.ericsson.iptv.portal.fw.core.DynamicLoad: Several implementations found for abstraction com.ericsson.iptv.portal.coreapps.common.data.interfaces.ServerSidePushIF
Feb 27, 2018 4:57:40 PM com.ericsson.iptv.portal.fw.backend.log.controller.FwLogController log
WARNING: [17 2018-02-27 16:57:40.582][OJme9a/ihAH4cAE6aejGjE99MWo=] [subscriber1000] [user1] [http://localhost:8186/portal-root-war/index_mock.html] com.ericsson.iptv.portal.ott.device.web.Info: getIpAddress() not implemented on ott-pc!
Feb 27, 2018 4:57:40 PM com.ericsson.iptv.portal.fw.backend.log.controller.FwLogController log
INFO: [18 2018-02-27 16:57:40.668][OJme9a/ihAH4cAE6aejGjE99MWo=] [subscriber1000] [user1] [http://localhost:8186/portal-root-war/index_mock.html] com.ericsson.iptv.portal.ott.device.web.Pig: mediaPlayer activate:false
Feb 27, 2018 4:57:40 PM com.ericsson.iptv.portal.fw.backend.log.controller.FwLogController log
INFO: [19 2018-02-27 16:57:40.671][OJme9a/ihAH4cAE6aejGjE99MWo=] [subscriber1000] [user1] [http://localhost:8186/portal-root-war/index_mock.html] com.ericsson.iptv.portal.ott.device.web.VCAS: set vcas info success
Feb 27, 2018 4:57:40 PM com.ericsson.iptv.portal.fw.backend.log.controller.FwLogController log
INFO: [20 2018-02-27 16:57:40.672][OJme9a/ihAH4cAE6aejGjE99MWo=] [subscriber1000] [user1] [http://localhost:8186/portal-root-war/index_mock.html] com.ericsson.iptv.portal.ott.device.web.vo.BrowserPluginInjector: plugin element in dom function(){}
Feb 27, 2018 4:57:40 PM com.ericsson.iptv.portal.common.imagescaler.ImageScalerBean scaledImage
SEVERE: Error reading image: http://localhost:8186/portal-coreapps-backend-mock-war-17.0.22/images/ProgramPoster.jpg: http://localhost:8186/portal-coreapps-backend-mock-war-17.0.22/images/ProgramPoster.jpg
Feb 27, 2018 4:57:40 PM com.ericsson.iptv.portal.fw.spring.ExceptionView renderMergedOutputModel
WARNING: Exception: com.ericsson.iptv.portal.fw.exceptions.CommonFault.INTERNAL_FAULT caught in /portal-imageprocessor-war-17.0.22/static/imageScaler.ajax [http://localhost:8186/portal-root-war/index_mock.html] 
java.io.FileNotFoundException: http://localhost:8186/portal-coreapps-backend-mock-war-17.0.22/images/ProgramPoster.jpg
	at sun.reflect.NativeConstructorAccessorImpl.newInstance0(Native Method)
	at sun.reflect.NativeConstructorAccessorImpl.newInstance(NativeConstructorAccessorImpl.java:62)
	at sun.reflect.DelegatingConstructorAccessorImpl.newInstance(DelegatingConstructorAccessorImpl.java:45)
	at java.lang.reflect.Constructor.newInstance(Constructor.java:423)
	at sun.net.www.protocol.http.HttpURLConnection$10.run(HttpURLConnection.java:1944)
	at sun.net.www.protocol.http.HttpURLConnection$10.run(HttpURLConnection.java:1939)
	at java.security.AccessController.doPrivileged(Native Method)
	at sun.net.www.protocol.http.HttpURLConnection.getChainedException(HttpURLConnection.java:1938)
	at sun.net.www.protocol.http.HttpURLConnection.getInputStream0(HttpURLConnection.java:1508)
	at sun.net.www.protocol.http.HttpURLConnection.getInputStream(HttpURLConnection.java:1492)
	at com.ericsson.iptv.portal.common.imagescaler.ImageScalerBean.scaledImage(ImageScalerBean.java:171)
	at com.ericsson.iptv.portal.common.imagescaler.ImageScalerBean.getScaledImage(ImageScalerBean.java:146)
	at sun.reflect.NativeMethodAccessorImpl.invoke0(Native Method)
	at sun.reflect.NativeMethodAccessorImpl.invoke(NativeMethodAccessorImpl.java:62)
	at sun.reflect.DelegatingMethodAccessorImpl.invoke(DelegatingMethodAccessorImpl.java:43)
	at java.lang.reflect.Method.invoke(Method.java:498)
	at org.springframework.aop.support.AopUtils.invokeJoinpointUsingReflection(AopUtils.java:317)
	at org.springframework.aop.framework.ReflectiveMethodInvocation.invokeJoinpoint(ReflectiveMethodInvocation.java:183)
	at org.springframework.aop.framework.ReflectiveMethodInvocation.proceed(ReflectiveMethodInvocation.java:150)
	at org.springframework.transaction.interceptor.TransactionInterceptor$1.proceedWithInvocation(TransactionInterceptor.java:96)
	at org.springframework.transaction.interceptor.TransactionAspectSupport.invokeWithinTransaction(TransactionAspectSupport.java:260)
	at org.springframework.transaction.interceptor.TransactionInterceptor.invoke(TransactionInterceptor.java:94)
	at org.springframework.aop.framework.ReflectiveMethodInvocation.proceed(ReflectiveMethodInvocation.java:172)
	at org.springframework.aop.framework.JdkDynamicAopProxy.invoke(JdkDynamicAopProxy.java:204)
	at com.sun.proxy.$Proxy111.getScaledImage(Unknown Source)
	at sun.reflect.NativeMethodAccessorImpl.invoke0(Native Method)
	at sun.reflect.NativeMethodAccessorImpl.invoke(NativeMethodAccessorImpl.java:62)
	at sun.reflect.DelegatingMethodAccessorImpl.invoke(DelegatingMethodAccessorImpl.java:43)
	at java.lang.reflect.Method.invoke(Method.java:498)
	at org.springframework.web.method.support.InvocableHandlerMethod.invoke(InvocableHandlerMethod.java:215)
	at org.springframework.web.method.support.InvocableHandlerMethod.invokeForRequest(InvocableHandlerMethod.java:132)
	at org.springframework.web.servlet.mvc.method.annotation.ServletInvocableHandlerMethod.invokeAndHandle(ServletInvocableHandlerMethod.java:104)
	at org.springframework.web.servlet.mvc.method.annotation.RequestMappingHandlerAdapter.invokeHandleMethod(RequestMappingHandlerAdapter.java:743)
	at org.springframework.web.servlet.mvc.method.annotation.RequestMappingHandlerAdapter.handleInternal(RequestMappingHandlerAdapter.java:672)
	at org.springframework.web.servlet.mvc.method.AbstractHandlerMethodAdapter.handle(AbstractHandlerMethodAdapter.java:82)
	at org.springframework.web.servlet.DispatcherServlet.doDispatch(DispatcherServlet.java:919)
	at org.springframework.web.servlet.DispatcherServlet.doService(DispatcherServlet.java:851)
	at org.springframework.web.servlet.FrameworkServlet.processRequest(FrameworkServlet.java:953)
	at org.springframework.web.servlet.FrameworkServlet.doGet(FrameworkServlet.java:844)
	at javax.servlet.http.HttpServlet.service(HttpServlet.java:624)
	at org.springframework.web.servlet.FrameworkServlet.service(FrameworkServlet.java:829)
	at javax.servlet.http.HttpServlet.service(HttpServlet.java:731)
	at org.apache.catalina.core.ApplicationFilterChain.internalDoFilter(ApplicationFilterChain.java:303)
	at org.apache.catalina.core.ApplicationFilterChain.doFilter(ApplicationFilterChain.java:208)
	at org.apache.tomcat.websocket.server.WsFilter.doFilter(WsFilter.java:52)
	at org.apache.catalina.core.ApplicationFilterChain.internalDoFilter(ApplicationFilterChain.java:241)
	at org.apache.catalina.core.ApplicationFilterChain.doFilter(ApplicationFilterChain.java:208)
	at com.ericsson.iptv.portal.fw.servlet.PortalServletFilter$FilterChainImpl.doFilter(PortalServletFilter.java:78)
	at com.ericsson.iptv.portal.fw.servlet.mbean.ServletFilterManager$FilterChainImpl.doFilter(ServletFilterManager.java:68)
	at com.ericsson.iptv.portal.fw.cors.AbstractCorsRequestFilter.doFilter(AbstractCorsRequestFilter.java:130)
	at com.ericsson.iptv.portal.mock.cors.CorsRequestFilter.doFilter(CorsRequestFilter.java:57)
	at sun.reflect.GeneratedMethodAccessor280.invoke(Unknown Source)
	at sun.reflect.DelegatingMethodAccessorImpl.invoke(DelegatingMethodAccessorImpl.java:43)
	at java.lang.reflect.Method.invoke(Method.java:498)
	at org.springframework.aop.support.AopUtils.invokeJoinpointUsingReflection(AopUtils.java:317)
	at org.springframework.aop.framework.ReflectiveMethodInvocation.invokeJoinpoint(ReflectiveMethodInvocation.java:183)
	at org.springframework.aop.framework.ReflectiveMethodInvocation.proceed(ReflectiveMethodInvocation.java:150)
	at org.springframework.aop.aspectj.MethodInvocationProceedingJoinPoint.proceed(MethodInvocationProceedingJoinPoint.java:80)
	at com.ericsson.iptv.portal.common.backend.mock.MockMBeanInterceptor.performAction(MockMBeanInterceptor.java:55)
	at sun.reflect.GeneratedMethodAccessor258.invoke(Unknown Source)
	at sun.reflect.DelegatingMethodAccessorImpl.invoke(DelegatingMethodAccessorImpl.java:43)
	at java.lang.reflect.Method.invoke(Method.java:498)
	at org.springframework.aop.aspectj.AbstractAspectJAdvice.invokeAdviceMethodWithGivenArgs(AbstractAspectJAdvice.java:621)
	at org.springframework.aop.aspectj.AbstractAspectJAdvice.invokeAdviceMethod(AbstractAspectJAdvice.java:610)
	at org.springframework.aop.aspectj.AspectJAroundAdvice.invoke(AspectJAroundAdvice.java:65)
	at org.springframework.aop.framework.ReflectiveMethodInvocation.proceed(ReflectiveMethodInvocation.java:161)
	at org.springframework.aop.interceptor.ExposeInvocationInterceptor.invoke(ExposeInvocationInterceptor.java:91)
	at org.springframework.aop.framework.ReflectiveMethodInvocation.proceed(ReflectiveMethodInvocation.java:172)
	at org.springframework.aop.framework.JdkDynamicAopProxy.invoke(JdkDynamicAopProxy.java:204)
	at com.sun.proxy.$Proxy59.doFilter(Unknown Source)
	at com.ericsson.iptv.portal.fw.servlet.mbean.ServletFilterManager$FilterChainImpl.doFilter(ServletFilterManager.java:66)
	at com.ericsson.iptv.portal.fw.servlet.mbean.ServletFilterManager.internalFilter(ServletFilterManager.java:80)
	at com.ericsson.iptv.portal.fw.servlet.mbean.ServletFilterManager.internalPerformAction(ServletFilterManager.java:89)
	at com.ericsson.iptv.portal.fw.mbean.MBeanManagerBase.performAction(MBeanManagerBase.java:536)
	at com.ericsson.iptv.portal.fw.mbean.MBeanManagerBase$1.compareTo(MBeanManagerBase.java:549)
	at com.ericsson.iptv.portal.fw.mbean.MBeanManagerBase$1.compareTo(MBeanManagerBase.java:546)
	at com.ericsson.iptv.portal.fw.mbean.MBeanManagerBase$Manager.invoke(MBeanManagerBase.java:318)
	at com.ericsson.iptv.portal.fw.servlet.PortalServletFilter$FilterChainImpl.doFilter(PortalServletFilter.java:76)
	at com.ericsson.iptv.portal.fw.servlet.mbean.ServletFilterManager$FilterChainImpl.doFilter(ServletFilterManager.java:68)
	at com.ericsson.iptv.portal.fw.backend.gzip.GZIPServletFilter.doFilter(GZIPServletFilter.java:88)
	at com.ericsson.iptv.portal.fw.servlet.mbean.ServletFilterManager$FilterChainImpl.doFilter(ServletFilterManager.java:66)
	at com.ericsson.iptv.portal.fw.backend.startup.DisableDirectoryListings.doFilter(DisableDirectoryListings.java:114)
	at com.ericsson.iptv.portal.fw.servlet.mbean.ServletFilterManager$FilterChainImpl.doFilter(ServletFilterManager.java:66)
	at com.ericsson.iptv.portal.fw.backend.cache.StaticDataCacheControl.doFilter(StaticDataCacheControl.java:83)
	at com.ericsson.iptv.portal.fw.servlet.mbean.ServletFilterManager$FilterChainImpl.doFilter(ServletFilterManager.java:66)
	at com.ericsson.iptv.portal.fw.servlet.mbean.ServletFilterManager.internalFilter(ServletFilterManager.java:80)
	at com.ericsson.iptv.portal.fw.servlet.mbean.ServletFilterManager.internalPerformAction(ServletFilterManager.java:89)
	at com.ericsson.iptv.portal.fw.mbean.MBeanManagerBase.performAction(MBeanManagerBase.java:536)
	at com.ericsson.iptv.portal.fw.mbean.MBeanManagerBase$1.compareTo(MBeanManagerBase.java:549)
	at com.ericsson.iptv.portal.fw.mbean.MBeanManagerBase$1.compareTo(MBeanManagerBase.java:546)
	at com.ericsson.iptv.portal.fw.mbean.MBeanManagerBase$Manager.invoke(MBeanManagerBase.java:318)
	at com.ericsson.iptv.portal.fw.servlet.PortalServletFilter$FilterChainImpl.doFilter(PortalServletFilter.java:76)
	at com.ericsson.iptv.portal.fw.servlet.PortalServletFilter.doFilter(PortalServletFilter.java:93)
	at org.apache.catalina.core.ApplicationFilterChain.internalDoFilter(ApplicationFilterChain.java:241)
	at org.apache.catalina.core.ApplicationFilterChain.doFilter(ApplicationFilterChain.java:208)
	at org.apache.catalina.core.ApplicationDispatcher.invoke(ApplicationDispatcher.java:743)
	at org.apache.catalina.core.ApplicationDispatcher.processRequest(ApplicationDispatcher.java:485)
	at org.apache.catalina.core.ApplicationDispatcher.doForward(ApplicationDispatcher.java:410)
	at org.apache.catalina.core.ApplicationDispatcher.forward(ApplicationDispatcher.java:337)
	at com.ericsson.iptv.portal.fw.artifact.ArtifactBase.internalForwardRequest(ArtifactBase.java:325)
	at com.ericsson.iptv.portal.fw.artifact.ArtifactBase.internalPerformAction(ArtifactBase.java:351)
	at com.ericsson.iptv.portal.fw.mbean.MBeanManagerBase.performAction(MBeanManagerBase.java:536)
	at com.ericsson.iptv.portal.fw.mbean.MBeanManagerBase$1.compareTo(MBeanManagerBase.java:549)
	at com.ericsson.iptv.portal.fw.mbean.MBeanManagerBase$1.compareTo(MBeanManagerBase.java:546)
	at com.ericsson.iptv.portal.fw.mbean.MBeanManagerBase$Manager.invoke(MBeanManagerBase.java:318)
	at com.ericsson.iptv.portal.fw.mbean.MBeanManagerBase$4.invokeOn(MBeanManagerBase.java:621)
	at com.ericsson.iptv.portal.fw.mbean.MBeanManagerBase.invokeOnSingleManager(MBeanManagerBase.java:516)
	at com.ericsson.iptv.portal.fw.mbean.MBeanManagerBase.broadcast(MBeanManagerBase.java:618)
	at com.ericsson.iptv.portal.fw.artifact.ArtifactBase.forwardRequest(ArtifactBase.java:424)
	at com.ericsson.iptv.portal.proxy.ProxyServlet.service(ProxyServlet.java:130)
	at javax.servlet.http.HttpServlet.service(HttpServlet.java:731)
	at org.apache.catalina.core.ApplicationFilterChain.internalDoFilter(ApplicationFilterChain.java:303)
	at org.apache.catalina.core.ApplicationFilterChain.doFilter(ApplicationFilterChain.java:208)
	at org.apache.tomcat.websocket.server.WsFilter.doFilter(WsFilter.java:52)
	at org.apache.catalina.core.ApplicationFilterChain.internalDoFilter(ApplicationFilterChain.java:241)
	at org.apache.catalina.core.ApplicationFilterChain.doFilter(ApplicationFilterChain.java:208)
	at org.apache.catalina.core.StandardWrapperValve.invoke(StandardWrapperValve.java:219)
	at org.apache.catalina.core.StandardContextValve.invoke(StandardContextValve.java:110)
	at org.apache.catalina.authenticator.AuthenticatorBase.invoke(AuthenticatorBase.java:506)
	at org.apache.catalina.core.StandardHostValve.invoke(StandardHostValve.java:169)
	at org.apache.catalina.valves.ErrorReportValve.invoke(ErrorReportValve.java:103)
	at org.apache.catalina.valves.AccessLogValve.invoke(AccessLogValve.java:962)
	at org.apache.catalina.core.StandardEngineValve.invoke(StandardEngineValve.java:116)
	at org.apache.catalina.connector.CoyoteAdapter.service(CoyoteAdapter.java:445)
	at org.apache.coyote.http11.AbstractHttp11Processor.process(AbstractHttp11Processor.java:1115)
	at org.apache.coyote.AbstractProtocol$AbstractConnectionHandler.process(AbstractProtocol.java:637)
	at org.apache.tomcat.util.net.JIoEndpoint$SocketProcessor.run(JIoEndpoint.java:318)
	at java.util.concurrent.ThreadPoolExecutor.runWorker(ThreadPoolExecutor.java:1149)
	at java.util.concurrent.ThreadPoolExecutor$Worker.run(ThreadPoolExecutor.java:624)
	at org.apache.tomcat.util.threads.TaskThread$WrappingRunnable.run(TaskThread.java:61)
	at java.lang.Thread.run(Thread.java:748)
Caused by: java.io.FileNotFoundException: http://localhost:8186/portal-coreapps-backend-mock-war-17.0.22/images/ProgramPoster.jpg
	at sun.net.www.protocol.http.HttpURLConnection.getInputStream0(HttpURLConnection.java:1890)
	at sun.net.www.protocol.http.HttpURLConnection.getInputStream(HttpURLConnection.java:1492)
	at sun.net.www.protocol.http.HttpURLConnection.getHeaderField(HttpURLConnection.java:3000)
	at java.net.URLConnection.getContentType(URLConnection.java:512)
	at com.ericsson.iptv.portal.common.imagescaler.ImageScalerBean.scaledImage(ImageScalerBean.java:168)
	... 120 more

Feb 27, 2018 4:57:42 PM com.ericsson.iptv.portal.common.imagescaler.ImageScalerBean scaledImage
SEVERE: Error reading image: http://localhost:8186/portal-coreapps-backend-mock-war-17.0.22/images/ChannelLogo.png: http://localhost:8186/portal-coreapps-backend-mock-war-17.0.22/images/ChannelLogo.png
Feb 27, 2018 4:57:42 PM com.ericsson.iptv.portal.fw.spring.ExceptionView renderMergedOutputModel
WARNING: Exception: com.ericsson.iptv.portal.fw.exceptions.CommonFault.INTERNAL_FAULT caught in /portal-imageprocessor-war-17.0.22/static/imageScaler.ajax [http://localhost:8186/portal-root-war/index_mock.html] 
java.io.FileNotFoundException: http://localhost:8186/portal-coreapps-backend-mock-war-17.0.22/images/ChannelLogo.png
	at sun.reflect.NativeConstructorAccessorImpl.newInstance0(Native Method)
	at sun.reflect.NativeConstructorAccessorImpl.newInstance(NativeConstructorAccessorImpl.java:62)
	at sun.reflect.DelegatingConstructorAccessorImpl.newInstance(DelegatingConstructorAccessorImpl.java:45)
	at java.lang.reflect.Constructor.newInstance(Constructor.java:423)
	at sun.net.www.protocol.http.HttpURLConnection$10.run(HttpURLConnection.java:1944)
	at sun.net.www.protocol.http.HttpURLConnection$10.run(HttpURLConnection.java:1939)
	at java.security.AccessController.doPrivileged(Native Method)
	at sun.net.www.protocol.http.HttpURLConnection.getChainedException(HttpURLConnection.java:1938)
	at sun.net.www.protocol.http.HttpURLConnection.getInputStream0(HttpURLConnection.java:1508)
	at sun.net.www.protocol.http.HttpURLConnection.getInputStream(HttpURLConnection.java:1492)
	at com.ericsson.iptv.portal.common.imagescaler.ImageScalerBean.scaledImage(ImageScalerBean.java:171)
	at com.ericsson.iptv.portal.common.imagescaler.ImageScalerBean.getScaledImage(ImageScalerBean.java:146)
	at sun.reflect.NativeMethodAccessorImpl.invoke0(Native Method)
	at sun.reflect.NativeMethodAccessorImpl.invoke(NativeMethodAccessorImpl.java:62)
	at sun.reflect.DelegatingMethodAccessorImpl.invoke(DelegatingMethodAccessorImpl.java:43)
	at java.lang.reflect.Method.invoke(Method.java:498)
	at org.springframework.aop.support.AopUtils.invokeJoinpointUsingReflection(AopUtils.java:317)
	at org.springframework.aop.framework.ReflectiveMethodInvocation.invokeJoinpoint(ReflectiveMethodInvocation.java:183)
	at org.springframework.aop.framework.ReflectiveMethodInvocation.proceed(ReflectiveMethodInvocation.java:150)
	at org.springframework.transaction.interceptor.TransactionInterceptor$1.proceedWithInvocation(TransactionInterceptor.java:96)
	at org.springframework.transaction.interceptor.TransactionAspectSupport.invokeWithinTransaction(TransactionAspectSupport.java:260)
	at org.springframework.transaction.interceptor.TransactionInterceptor.invoke(TransactionInterceptor.java:94)
	at org.springframework.aop.framework.ReflectiveMethodInvocation.proceed(ReflectiveMethodInvocation.java:172)
	at org.springframework.aop.framework.JdkDynamicAopProxy.invoke(JdkDynamicAopProxy.java:204)
	at com.sun.proxy.$Proxy111.getScaledImage(Unknown Source)
	at sun.reflect.NativeMethodAccessorImpl.invoke0(Native Method)
	at sun.reflect.NativeMethodAccessorImpl.invoke(NativeMethodAccessorImpl.java:62)
	at sun.reflect.DelegatingMethodAccessorImpl.invoke(DelegatingMethodAccessorImpl.java:43)
	at java.lang.reflect.Method.invoke(Method.java:498)
	at org.springframework.web.method.support.InvocableHandlerMethod.invoke(InvocableHandlerMethod.java:215)
	at org.springframework.web.method.support.InvocableHandlerMethod.invokeForRequest(InvocableHandlerMethod.java:132)
	at org.springframework.web.servlet.mvc.method.annotation.ServletInvocableHandlerMethod.invokeAndHandle(ServletInvocableHandlerMethod.java:104)
	at org.springframework.web.servlet.mvc.method.annotation.RequestMappingHandlerAdapter.invokeHandleMethod(RequestMappingHandlerAdapter.java:743)
	at org.springframework.web.servlet.mvc.method.annotation.RequestMappingHandlerAdapter.handleInternal(RequestMappingHandlerAdapter.java:672)
	at org.springframework.web.servlet.mvc.method.AbstractHandlerMethodAdapter.handle(AbstractHandlerMethodAdapter.java:82)
	at org.springframework.web.servlet.DispatcherServlet.doDispatch(DispatcherServlet.java:919)
	at org.springframework.web.servlet.DispatcherServlet.doService(DispatcherServlet.java:851)
	at org.springframework.web.servlet.FrameworkServlet.processRequest(FrameworkServlet.java:953)
	at org.springframework.web.servlet.FrameworkServlet.doGet(FrameworkServlet.java:844)
	at javax.servlet.http.HttpServlet.service(HttpServlet.java:624)
	at org.springframework.web.servlet.FrameworkServlet.service(FrameworkServlet.java:829)
	at javax.servlet.http.HttpServlet.service(HttpServlet.java:731)
	at org.apache.catalina.core.ApplicationFilterChain.internalDoFilter(ApplicationFilterChain.java:303)
	at org.apache.catalina.core.ApplicationFilterChain.doFilter(ApplicationFilterChain.java:208)
	at org.apache.tomcat.websocket.server.WsFilter.doFilter(WsFilter.java:52)
	at org.apache.catalina.core.ApplicationFilterChain.internalDoFilter(ApplicationFilterChain.java:241)
	at org.apache.catalina.core.ApplicationFilterChain.doFilter(ApplicationFilterChain.java:208)
	at com.ericsson.iptv.portal.fw.servlet.PortalServletFilter$FilterChainImpl.doFilter(PortalServletFilter.java:78)
	at com.ericsson.iptv.portal.fw.servlet.mbean.ServletFilterManager$FilterChainImpl.doFilter(ServletFilterManager.java:68)
	at com.ericsson.iptv.portal.fw.cors.AbstractCorsRequestFilter.doFilter(AbstractCorsRequestFilter.java:130)
	at com.ericsson.iptv.portal.mock.cors.CorsRequestFilter.doFilter(CorsRequestFilter.java:57)
	at sun.reflect.GeneratedMethodAccessor280.invoke(Unknown Source)
	at sun.reflect.DelegatingMethodAccessorImpl.invoke(DelegatingMethodAccessorImpl.java:43)
	at java.lang.reflect.Method.invoke(Method.java:498)
	at org.springframework.aop.support.AopUtils.invokeJoinpointUsingReflection(AopUtils.java:317)
	at org.springframework.aop.framework.ReflectiveMethodInvocation.invokeJoinpoint(ReflectiveMethodInvocation.java:183)
	at org.springframework.aop.framework.ReflectiveMethodInvocation.proceed(ReflectiveMethodInvocation.java:150)
	at org.springframework.aop.aspectj.MethodInvocationProceedingJoinPoint.proceed(MethodInvocationProceedingJoinPoint.java:80)
	at com.ericsson.iptv.portal.common.backend.mock.MockMBeanInterceptor.performAction(MockMBeanInterceptor.java:55)
	at sun.reflect.GeneratedMethodAccessor258.invoke(Unknown Source)
	at sun.reflect.DelegatingMethodAccessorImpl.invoke(DelegatingMethodAccessorImpl.java:43)
	at java.lang.reflect.Method.invoke(Method.java:498)
	at org.springframework.aop.aspectj.AbstractAspectJAdvice.invokeAdviceMethodWithGivenArgs(AbstractAspectJAdvice.java:621)
	at org.springframework.aop.aspectj.AbstractAspectJAdvice.invokeAdviceMethod(AbstractAspectJAdvice.java:610)
	at org.springframework.aop.aspectj.AspectJAroundAdvice.invoke(AspectJAroundAdvice.java:65)
	at org.springframework.aop.framework.ReflectiveMethodInvocation.proceed(ReflectiveMethodInvocation.java:161)
	at org.springframework.aop.interceptor.ExposeInvocationInterceptor.invoke(ExposeInvocationInterceptor.java:91)
	at org.springframework.aop.framework.ReflectiveMethodInvocation.proceed(ReflectiveMethodInvocation.java:172)
	at org.springframework.aop.framework.JdkDynamicAopProxy.invoke(JdkDynamicAopProxy.java:204)
	at com.sun.proxy.$Proxy59.doFilter(Unknown Source)
	at com.ericsson.iptv.portal.fw.servlet.mbean.ServletFilterManager$FilterChainImpl.doFilter(ServletFilterManager.java:66)
	at com.ericsson.iptv.portal.fw.servlet.mbean.ServletFilterManager.internalFilter(ServletFilterManager.java:80)
	at com.ericsson.iptv.portal.fw.servlet.mbean.ServletFilterManager.internalPerformAction(ServletFilterManager.java:89)
	at com.ericsson.iptv.portal.fw.mbean.MBeanManagerBase.performAction(MBeanManagerBase.java:536)
	at com.ericsson.iptv.portal.fw.mbean.MBeanManagerBase$1.compareTo(MBeanManagerBase.java:549)
	at com.ericsson.iptv.portal.fw.mbean.MBeanManagerBase$1.compareTo(MBeanManagerBase.java:546)
	at com.ericsson.iptv.portal.fw.mbean.MBeanManagerBase$Manager.invoke(MBeanManagerBase.java:318)
	at com.ericsson.iptv.portal.fw.servlet.PortalServletFilter$FilterChainImpl.doFilter(PortalServletFilter.java:76)
	at com.ericsson.iptv.portal.fw.servlet.mbean.ServletFilterManager$FilterChainImpl.doFilter(ServletFilterManager.java:68)
	at com.ericsson.iptv.portal.fw.backend.gzip.GZIPServletFilter.doFilter(GZIPServletFilter.java:88)
	at com.ericsson.iptv.portal.fw.servlet.mbean.ServletFilterManager$FilterChainImpl.doFilter(ServletFilterManager.java:66)
	at com.ericsson.iptv.portal.fw.backend.startup.DisableDirectoryListings.doFilter(DisableDirectoryListings.java:114)
	at com.ericsson.iptv.portal.fw.servlet.mbean.ServletFilterManager$FilterChainImpl.doFilter(ServletFilterManager.java:66)
	at com.ericsson.iptv.portal.fw.backend.cache.StaticDataCacheControl.doFilter(StaticDataCacheControl.java:83)
	at com.ericsson.iptv.portal.fw.servlet.mbean.ServletFilterManager$FilterChainImpl.doFilter(ServletFilterManager.java:66)
	at com.ericsson.iptv.portal.fw.servlet.mbean.ServletFilterManager.internalFilter(ServletFilterManager.java:80)
	at com.ericsson.iptv.portal.fw.servlet.mbean.ServletFilterManager.internalPerformAction(ServletFilterManager.java:89)
	at com.ericsson.iptv.portal.fw.mbean.MBeanManagerBase.performAction(MBeanManagerBase.java:536)
	at com.ericsson.iptv.portal.fw.mbean.MBeanManagerBase$1.compareTo(MBeanManagerBase.java:549)
	at com.ericsson.iptv.portal.fw.mbean.MBeanManagerBase$1.compareTo(MBeanManagerBase.java:546)
	at com.ericsson.iptv.portal.fw.mbean.MBeanManagerBase$Manager.invoke(MBeanManagerBase.java:318)
	at com.ericsson.iptv.portal.fw.servlet.PortalServletFilter$FilterChainImpl.doFilter(PortalServletFilter.java:76)
	at com.ericsson.iptv.portal.fw.servlet.PortalServletFilter.doFilter(PortalServletFilter.java:93)
	at org.apache.catalina.core.ApplicationFilterChain.internalDoFilter(ApplicationFilterChain.java:241)
	at org.apache.catalina.core.ApplicationFilterChain.doFilter(ApplicationFilterChain.java:208)
	at org.apache.catalina.core.ApplicationDispatcher.invoke(ApplicationDispatcher.java:743)
	at org.apache.catalina.core.ApplicationDispatcher.processRequest(ApplicationDispatcher.java:485)
	at org.apache.catalina.core.ApplicationDispatcher.doForward(ApplicationDispatcher.java:410)
	at org.apache.catalina.core.ApplicationDispatcher.forward(ApplicationDispatcher.java:337)
	at com.ericsson.iptv.portal.fw.artifact.ArtifactBase.internalForwardRequest(ArtifactBase.java:325)
	at com.ericsson.iptv.portal.fw.artifact.ArtifactBase.internalPerformAction(ArtifactBase.java:351)
	at com.ericsson.iptv.portal.fw.mbean.MBeanManagerBase.performAction(MBeanManagerBase.java:536)
	at com.ericsson.iptv.portal.fw.mbean.MBeanManagerBase$1.compareTo(MBeanManagerBase.java:549)
	at com.ericsson.iptv.portal.fw.mbean.MBeanManagerBase$1.compareTo(MBeanManagerBase.java:546)
	at com.ericsson.iptv.portal.fw.mbean.MBeanManagerBase$Manager.invoke(MBeanManagerBase.java:318)
	at com.ericsson.iptv.portal.fw.mbean.MBeanManagerBase$4.invokeOn(MBeanManagerBase.java:621)
	at com.ericsson.iptv.portal.fw.mbean.MBeanManagerBase.invokeOnSingleManager(MBeanManagerBase.java:516)
	at com.ericsson.iptv.portal.fw.mbean.MBeanManagerBase.broadcast(MBeanManagerBase.java:618)
	at com.ericsson.iptv.portal.fw.artifact.ArtifactBase.forwardRequest(ArtifactBase.java:424)
	at com.ericsson.iptv.portal.proxy.ProxyServlet.service(ProxyServlet.java:130)
	at javax.servlet.http.HttpServlet.service(HttpServlet.java:731)
	at org.apache.catalina.core.ApplicationFilterChain.internalDoFilter(ApplicationFilterChain.java:303)
	at org.apache.catalina.core.ApplicationFilterChain.doFilter(ApplicationFilterChain.java:208)
	at org.apache.tomcat.websocket.server.WsFilter.doFilter(WsFilter.java:52)
	at org.apache.catalina.core.ApplicationFilterChain.internalDoFilter(ApplicationFilterChain.java:241)
	at org.apache.catalina.core.ApplicationFilterChain.doFilter(ApplicationFilterChain.java:208)
	at org.apache.catalina.core.StandardWrapperValve.invoke(StandardWrapperValve.java:219)
	at org.apache.catalina.core.StandardContextValve.invoke(StandardContextValve.java:110)
	at org.apache.catalina.authenticator.AuthenticatorBase.invoke(AuthenticatorBase.java:506)
	at org.apache.catalina.core.StandardHostValve.invoke(StandardHostValve.java:169)
	at org.apache.catalina.valves.ErrorReportValve.invoke(ErrorReportValve.java:103)
	at org.apache.catalina.valves.AccessLogValve.invoke(AccessLogValve.java:962)
	at org.apache.catalina.core.StandardEngineValve.invoke(StandardEngineValve.java:116)
	at org.apache.catalina.connector.CoyoteAdapter.service(CoyoteAdapter.java:445)
	at org.apache.coyote.http11.AbstractHttp11Processor.process(AbstractHttp11Processor.java:1115)
	at org.apache.coyote.AbstractProtocol$AbstractConnectionHandler.process(AbstractProtocol.java:637)
	at org.apache.tomcat.util.net.JIoEndpoint$SocketProcessor.run(JIoEndpoint.java:318)
	at java.util.concurrent.ThreadPoolExecutor.runWorker(ThreadPoolExecutor.java:1149)
	at java.util.concurrent.ThreadPoolExecutor$Worker.run(ThreadPoolExecutor.java:624)
	at org.apache.tomcat.util.threads.TaskThread$WrappingRunnable.run(TaskThread.java:61)
	at java.lang.Thread.run(Thread.java:748)
Caused by: java.io.FileNotFoundException: http://localhost:8186/portal-coreapps-backend-mock-war-17.0.22/images/ChannelLogo.png
	at sun.net.www.protocol.http.HttpURLConnection.getInputStream0(HttpURLConnection.java:1890)
	at sun.net.www.protocol.http.HttpURLConnection.getInputStream(HttpURLConnection.java:1492)
	at sun.net.www.protocol.http.HttpURLConnection.getHeaderField(HttpURLConnection.java:3000)
	at java.net.URLConnection.getContentType(URLConnection.java:512)
	at com.ericsson.iptv.portal.common.imagescaler.ImageScalerBean.scaledImage(ImageScalerBean.java:168)
	... 120 more

Feb 27, 2018 4:57:42 PM com.ericsson.iptv.portal.fw.backend.log.controller.FwLogController log
INFO: [21 2018-02-27 16:57:42.738][OJme9a/ihAH4cAE6aejGjE99MWo=] [subscriber1000] [user1] [http://localhost:8186/portal-root-war/index_mock.html] com.ericsson.iptv.portal.ott.device.web.MediaPlayer: MediaPlayerMiniIF->setUrl with url:http://172.16.124.16/webdav/content/gl_clear_live/index.m3u8, live:true, mediaInfo:
Feb 27, 2018 4:57:42 PM com.ericsson.iptv.portal.fw.backend.log.controller.FwLogController log
INFO: [22 2018-02-27 16:57:42.738][OJme9a/ihAH4cAE6aejGjE99MWo=] [subscriber1000] [user1] [http://localhost:8186/portal-root-war/index_mock.html] com.ericsson.iptv.portal.ott.device.web.MediaPlayer: {audioTrack:{iso_639_2bt_code:eng}}
Feb 27, 2018 4:57:42 PM com.ericsson.iptv.portal.fw.backend.log.controller.FwLogController log
INFO: [23 2018-02-27 16:57:42.742][OJme9a/ihAH4cAE6aejGjE99MWo=] [subscriber1000] [user1] [http://localhost:8186/portal-root-war/index_mock.html] com.ericsson.iptv.portal.ott.device.web.MediaPlayer: Apply user selected audio language:eng
Feb 27, 2018 4:57:42 PM com.ericsson.iptv.portal.fw.backend.log.controller.FwLogController log
WARNING: [24 2018-02-27 16:57:42.751][OJme9a/ihAH4cAE6aejGjE99MWo=] [subscriber1000] [user1] [http://localhost:8186/portal-root-war/index_mock.html] com.ericsson.iptv.portal.ott.device.web.Base: No plugin is configured in the backend!
Feb 27, 2018 4:57:43 PM com.ericsson.iptv.portal.fw.backend.log.controller.FwLogController log
INFO: [25 2018-02-27 16:57:43.325][OJme9a/ihAH4cAE6aejGjE99MWo=] [subscriber1000] [user1] [http://localhost:8186/portal-root-war/index_mock.html] com.ericsson.iptv.portal.ott.device.web.MediaPlayer: Content Open Finished!
Feb 27, 2018 4:57:43 PM com.ericsson.iptv.portal.fw.backend.log.controller.FwLogController log
INFO: [26 2018-02-27 16:57:43.416][OJme9a/ihAH4cAE6aejGjE99MWo=] [subscriber1000] [user1] [http://localhost:8186/portal-root-war/index_mock.html] com.ericsson.iptv.portal.ott.device.web.MediaPlayer: Start Video Buffering...
Feb 27, 2018 4:57:45 PM com.ericsson.iptv.portal.fw.backend.log.controller.FwLogController log
INFO: [27 2018-02-27 16:57:45.189][OJme9a/ihAH4cAE6aejGjE99MWo=] [subscriber1000] [user1] [http://localhost:8186/portal-root-war/index_mock.html] com.ericsson.iptv.portal.ott.device.web.MediaPlayer: Video Size changed to 640 x 480
Feb 27, 2018 4:57:45 PM com.ericsson.iptv.portal.fw.backend.log.controller.FwLogController log
INFO: [28 2018-02-27 16:57:45.261][OJme9a/ihAH4cAE6aejGjE99MWo=] [subscriber1000] [user1] [http://localhost:8186/portal-root-war/index_mock.html] com.ericsson.iptv.portal.ott.device.web.MediaPlayer: Video/Audio Buffering completed.
Feb 27, 2018 4:57:45 PM com.ericsson.iptv.portal.fw.backend.log.controller.FwLogController log
INFO: [29 2018-02-27 16:57:45.265][OJme9a/ihAH4cAE6aejGjE99MWo=] [subscriber1000] [user1] [http://localhost:8186/portal-root-war/index_mock.html] com.ericsson.iptv.portal.ott.device.web.MediaPlayer: Playback started!
Feb 27, 2018 5:00:01 PM com.ericsson.iptv.portal.common.imagescaler.ImageScalerBean scaledImage
SEVERE: Error reading image: http://localhost:8186/portal-coreapps-backend-mock-war-17.0.22/images/ProgramPoster.jpg: http://localhost:8186/portal-coreapps-backend-mock-war-17.0.22/images/ProgramPoster.jpg
Feb 27, 2018 5:00:01 PM com.ericsson.iptv.portal.fw.spring.ExceptionView renderMergedOutputModel
WARNING: Exception: com.ericsson.iptv.portal.fw.exceptions.CommonFault.INTERNAL_FAULT caught in /portal-imageprocessor-war-17.0.22/static/imageScaler.ajax [http://localhost:8186/portal-root-war/index_mock.html] 
java.io.FileNotFoundException: http://localhost:8186/portal-coreapps-backend-mock-war-17.0.22/images/ProgramPoster.jpg
	at sun.reflect.NativeConstructorAccessorImpl.newInstance0(Native Method)
	at sun.reflect.NativeConstructorAccessorImpl.newInstance(NativeConstructorAccessorImpl.java:62)
	at sun.reflect.DelegatingConstructorAccessorImpl.newInstance(DelegatingConstructorAccessorImpl.java:45)
	at java.lang.reflect.Constructor.newInstance(Constructor.java:423)
	at sun.net.www.protocol.http.HttpURLConnection$10.run(HttpURLConnection.java:1944)
	at sun.net.www.protocol.http.HttpURLConnection$10.run(HttpURLConnection.java:1939)
	at java.security.AccessController.doPrivileged(Native Method)
	at sun.net.www.protocol.http.HttpURLConnection.getChainedException(HttpURLConnection.java:1938)
	at sun.net.www.protocol.http.HttpURLConnection.getInputStream0(HttpURLConnection.java:1508)
	at sun.net.www.protocol.http.HttpURLConnection.getInputStream(HttpURLConnection.java:1492)
	at com.ericsson.iptv.portal.common.imagescaler.ImageScalerBean.scaledImage(ImageScalerBean.java:171)
	at com.ericsson.iptv.portal.common.imagescaler.ImageScalerBean.getScaledImage(ImageScalerBean.java:146)
	at sun.reflect.NativeMethodAccessorImpl.invoke0(Native Method)
	at sun.reflect.NativeMethodAccessorImpl.invoke(NativeMethodAccessorImpl.java:62)
	at sun.reflect.DelegatingMethodAccessorImpl.invoke(DelegatingMethodAccessorImpl.java:43)
	at java.lang.reflect.Method.invoke(Method.java:498)
	at org.springframework.aop.support.AopUtils.invokeJoinpointUsingReflection(AopUtils.java:317)
	at org.springframework.aop.framework.ReflectiveMethodInvocation.invokeJoinpoint(ReflectiveMethodInvocation.java:183)
	at org.springframework.aop.framework.ReflectiveMethodInvocation.proceed(ReflectiveMethodInvocation.java:150)
	at org.springframework.transaction.interceptor.TransactionInterceptor$1.proceedWithInvocation(TransactionInterceptor.java:96)
	at org.springframework.transaction.interceptor.TransactionAspectSupport.invokeWithinTransaction(TransactionAspectSupport.java:260)
	at org.springframework.transaction.interceptor.TransactionInterceptor.invoke(TransactionInterceptor.java:94)
	at org.springframework.aop.framework.ReflectiveMethodInvocation.proceed(ReflectiveMethodInvocation.java:172)
	at org.springframework.aop.framework.JdkDynamicAopProxy.invoke(JdkDynamicAopProxy.java:204)
	at com.sun.proxy.$Proxy111.getScaledImage(Unknown Source)
	at sun.reflect.NativeMethodAccessorImpl.invoke0(Native Method)
	at sun.reflect.NativeMethodAccessorImpl.invoke(NativeMethodAccessorImpl.java:62)
	at sun.reflect.DelegatingMethodAccessorImpl.invoke(DelegatingMethodAccessorImpl.java:43)
	at java.lang.reflect.Method.invoke(Method.java:498)
	at org.springframework.web.method.support.InvocableHandlerMethod.invoke(InvocableHandlerMethod.java:215)
	at org.springframework.web.method.support.InvocableHandlerMethod.invokeForRequest(InvocableHandlerMethod.java:132)
	at org.springframework.web.servlet.mvc.method.annotation.ServletInvocableHandlerMethod.invokeAndHandle(ServletInvocableHandlerMethod.java:104)
	at org.springframework.web.servlet.mvc.method.annotation.RequestMappingHandlerAdapter.invokeHandleMethod(RequestMappingHandlerAdapter.java:743)
	at org.springframework.web.servlet.mvc.method.annotation.RequestMappingHandlerAdapter.handleInternal(RequestMappingHandlerAdapter.java:672)
	at org.springframework.web.servlet.mvc.method.AbstractHandlerMethodAdapter.handle(AbstractHandlerMethodAdapter.java:82)
	at org.springframework.web.servlet.DispatcherServlet.doDispatch(DispatcherServlet.java:919)
	at org.springframework.web.servlet.DispatcherServlet.doService(DispatcherServlet.java:851)
	at org.springframework.web.servlet.FrameworkServlet.processRequest(FrameworkServlet.java:953)
	at org.springframework.web.servlet.FrameworkServlet.doGet(FrameworkServlet.java:844)
	at javax.servlet.http.HttpServlet.service(HttpServlet.java:624)
	at org.springframework.web.servlet.FrameworkServlet.service(FrameworkServlet.java:829)
	at javax.servlet.http.HttpServlet.service(HttpServlet.java:731)
	at org.apache.catalina.core.ApplicationFilterChain.internalDoFilter(ApplicationFilterChain.java:303)
	at org.apache.catalina.core.ApplicationFilterChain.doFilter(ApplicationFilterChain.java:208)
	at org.apache.tomcat.websocket.server.WsFilter.doFilter(WsFilter.java:52)
	at org.apache.catalina.core.ApplicationFilterChain.internalDoFilter(ApplicationFilterChain.java:241)
	at org.apache.catalina.core.ApplicationFilterChain.doFilter(ApplicationFilterChain.java:208)
	at com.ericsson.iptv.portal.fw.servlet.PortalServletFilter$FilterChainImpl.doFilter(PortalServletFilter.java:78)
	at com.ericsson.iptv.portal.fw.servlet.mbean.ServletFilterManager$FilterChainImpl.doFilter(ServletFilterManager.java:68)
	at com.ericsson.iptv.portal.fw.cors.AbstractCorsRequestFilter.doFilter(AbstractCorsRequestFilter.java:130)
	at com.ericsson.iptv.portal.mock.cors.CorsRequestFilter.doFilter(CorsRequestFilter.java:57)
	at sun.reflect.GeneratedMethodAccessor280.invoke(Unknown Source)
	at sun.reflect.DelegatingMethodAccessorImpl.invoke(DelegatingMethodAccessorImpl.java:43)
	at java.lang.reflect.Method.invoke(Method.java:498)
	at org.springframework.aop.support.AopUtils.invokeJoinpointUsingReflection(AopUtils.java:317)
	at org.springframework.aop.framework.ReflectiveMethodInvocation.invokeJoinpoint(ReflectiveMethodInvocation.java:183)
	at org.springframework.aop.framework.ReflectiveMethodInvocation.proceed(ReflectiveMethodInvocation.java:150)
	at org.springframework.aop.aspectj.MethodInvocationProceedingJoinPoint.proceed(MethodInvocationProceedingJoinPoint.java:80)
	at com.ericsson.iptv.portal.common.backend.mock.MockMBeanInterceptor.performAction(MockMBeanInterceptor.java:55)
	at sun.reflect.GeneratedMethodAccessor258.invoke(Unknown Source)
	at sun.reflect.DelegatingMethodAccessorImpl.invoke(DelegatingMethodAccessorImpl.java:43)
	at java.lang.reflect.Method.invoke(Method.java:498)
	at org.springframework.aop.aspectj.AbstractAspectJAdvice.invokeAdviceMethodWithGivenArgs(AbstractAspectJAdvice.java:621)
	at org.springframework.aop.aspectj.AbstractAspectJAdvice.invokeAdviceMethod(AbstractAspectJAdvice.java:610)
	at org.springframework.aop.aspectj.AspectJAroundAdvice.invoke(AspectJAroundAdvice.java:65)
	at org.springframework.aop.framework.ReflectiveMethodInvocation.proceed(ReflectiveMethodInvocation.java:161)
	at org.springframework.aop.interceptor.ExposeInvocationInterceptor.invoke(ExposeInvocationInterceptor.java:91)
	at org.springframework.aop.framework.ReflectiveMethodInvocation.proceed(ReflectiveMethodInvocation.java:172)
	at org.springframework.aop.framework.JdkDynamicAopProxy.invoke(JdkDynamicAopProxy.java:204)
	at com.sun.proxy.$Proxy59.doFilter(Unknown Source)
	at com.ericsson.iptv.portal.fw.servlet.mbean.ServletFilterManager$FilterChainImpl.doFilter(ServletFilterManager.java:66)
	at com.ericsson.iptv.portal.fw.servlet.mbean.ServletFilterManager.internalFilter(ServletFilterManager.java:80)
	at com.ericsson.iptv.portal.fw.servlet.mbean.ServletFilterManager.internalPerformAction(ServletFilterManager.java:89)
	at com.ericsson.iptv.portal.fw.mbean.MBeanManagerBase.performAction(MBeanManagerBase.java:536)
	at com.ericsson.iptv.portal.fw.mbean.MBeanManagerBase$1.compareTo(MBeanManagerBase.java:549)
	at com.ericsson.iptv.portal.fw.mbean.MBeanManagerBase$1.compareTo(MBeanManagerBase.java:546)
	at com.ericsson.iptv.portal.fw.mbean.MBeanManagerBase$Manager.invoke(MBeanManagerBase.java:318)
	at com.ericsson.iptv.portal.fw.servlet.PortalServletFilter$FilterChainImpl.doFilter(PortalServletFilter.java:76)
	at com.ericsson.iptv.portal.fw.servlet.mbean.ServletFilterManager$FilterChainImpl.doFilter(ServletFilterManager.java:68)
	at com.ericsson.iptv.portal.fw.backend.gzip.GZIPServletFilter.doFilter(GZIPServletFilter.java:88)
	at com.ericsson.iptv.portal.fw.servlet.mbean.ServletFilterManager$FilterChainImpl.doFilter(ServletFilterManager.java:66)
	at com.ericsson.iptv.portal.fw.backend.startup.DisableDirectoryListings.doFilter(DisableDirectoryListings.java:114)
	at com.ericsson.iptv.portal.fw.servlet.mbean.ServletFilterManager$FilterChainImpl.doFilter(ServletFilterManager.java:66)
	at com.ericsson.iptv.portal.fw.backend.cache.StaticDataCacheControl.doFilter(StaticDataCacheControl.java:83)
	at com.ericsson.iptv.portal.fw.servlet.mbean.ServletFilterManager$FilterChainImpl.doFilter(ServletFilterManager.java:66)
	at com.ericsson.iptv.portal.fw.servlet.mbean.ServletFilterManager.internalFilter(ServletFilterManager.java:80)
	at com.ericsson.iptv.portal.fw.servlet.mbean.ServletFilterManager.internalPerformAction(ServletFilterManager.java:89)
	at com.ericsson.iptv.portal.fw.mbean.MBeanManagerBase.performAction(MBeanManagerBase.java:536)
	at com.ericsson.iptv.portal.fw.mbean.MBeanManagerBase$1.compareTo(MBeanManagerBase.java:549)
	at com.ericsson.iptv.portal.fw.mbean.MBeanManagerBase$1.compareTo(MBeanManagerBase.java:546)
	at com.ericsson.iptv.portal.fw.mbean.MBeanManagerBase$Manager.invoke(MBeanManagerBase.java:318)
	at com.ericsson.iptv.portal.fw.servlet.PortalServletFilter$FilterChainImpl.doFilter(PortalServletFilter.java:76)
	at com.ericsson.iptv.portal.fw.servlet.PortalServletFilter.doFilter(PortalServletFilter.java:93)
	at org.apache.catalina.core.ApplicationFilterChain.internalDoFilter(ApplicationFilterChain.java:241)
	at org.apache.catalina.core.ApplicationFilterChain.doFilter(ApplicationFilterChain.java:208)
	at org.apache.catalina.core.ApplicationDispatcher.invoke(ApplicationDispatcher.java:743)
	at org.apache.catalina.core.ApplicationDispatcher.processRequest(ApplicationDispatcher.java:485)
	at org.apache.catalina.core.ApplicationDispatcher.doForward(ApplicationDispatcher.java:410)
	at org.apache.catalina.core.ApplicationDispatcher.forward(ApplicationDispatcher.java:337)
	at com.ericsson.iptv.portal.fw.artifact.ArtifactBase.internalForwardRequest(ArtifactBase.java:325)
	at com.ericsson.iptv.portal.fw.artifact.ArtifactBase.internalPerformAction(ArtifactBase.java:351)
	at com.ericsson.iptv.portal.fw.mbean.MBeanManagerBase.performAction(MBeanManagerBase.java:536)
	at com.ericsson.iptv.portal.fw.mbean.MBeanManagerBase$1.compareTo(MBeanManagerBase.java:549)
	at com.ericsson.iptv.portal.fw.mbean.MBeanManagerBase$1.compareTo(MBeanManagerBase.java:546)
	at com.ericsson.iptv.portal.fw.mbean.MBeanManagerBase$Manager.invoke(MBeanManagerBase.java:318)
	at com.ericsson.iptv.portal.fw.mbean.MBeanManagerBase$4.invokeOn(MBeanManagerBase.java:621)
	at com.ericsson.iptv.portal.fw.mbean.MBeanManagerBase.invokeOnSingleManager(MBeanManagerBase.java:516)
	at com.ericsson.iptv.portal.fw.mbean.MBeanManagerBase.broadcast(MBeanManagerBase.java:618)
	at com.ericsson.iptv.portal.fw.artifact.ArtifactBase.forwardRequest(ArtifactBase.java:424)
	at com.ericsson.iptv.portal.proxy.ProxyServlet.service(ProxyServlet.java:130)
	at javax.servlet.http.HttpServlet.service(HttpServlet.java:731)
	at org.apache.catalina.core.ApplicationFilterChain.internalDoFilter(ApplicationFilterChain.java:303)
	at org.apache.catalina.core.ApplicationFilterChain.doFilter(ApplicationFilterChain.java:208)
	at org.apache.tomcat.websocket.server.WsFilter.doFilter(WsFilter.java:52)
	at org.apache.catalina.core.ApplicationFilterChain.internalDoFilter(ApplicationFilterChain.java:241)
	at org.apache.catalina.core.ApplicationFilterChain.doFilter(ApplicationFilterChain.java:208)
	at org.apache.catalina.core.StandardWrapperValve.invoke(StandardWrapperValve.java:219)
	at org.apache.catalina.core.StandardContextValve.invoke(StandardContextValve.java:110)
	at org.apache.catalina.authenticator.AuthenticatorBase.invoke(AuthenticatorBase.java:506)
	at org.apache.catalina.core.StandardHostValve.invoke(StandardHostValve.java:169)
	at org.apache.catalina.valves.ErrorReportValve.invoke(ErrorReportValve.java:103)
	at org.apache.catalina.valves.AccessLogValve.invoke(AccessLogValve.java:962)
	at org.apache.catalina.core.StandardEngineValve.invoke(StandardEngineValve.java:116)
	at org.apache.catalina.connector.CoyoteAdapter.service(CoyoteAdapter.java:445)
	at org.apache.coyote.http11.AbstractHttp11Processor.process(AbstractHttp11Processor.java:1115)
	at org.apache.coyote.AbstractProtocol$AbstractConnectionHandler.process(AbstractProtocol.java:637)
	at org.apache.tomcat.util.net.JIoEndpoint$SocketProcessor.run(JIoEndpoint.java:318)
	at java.util.concurrent.ThreadPoolExecutor.runWorker(ThreadPoolExecutor.java:1149)
	at java.util.concurrent.ThreadPoolExecutor$Worker.run(ThreadPoolExecutor.java:624)
	at org.apache.tomcat.util.threads.TaskThread$WrappingRunnable.run(TaskThread.java:61)
	at java.lang.Thread.run(Thread.java:748)
Caused by: java.io.FileNotFoundException: http://localhost:8186/portal-coreapps-backend-mock-war-17.0.22/images/ProgramPoster.jpg
	at sun.net.www.protocol.http.HttpURLConnection.getInputStream0(HttpURLConnection.java:1890)
	at sun.net.www.protocol.http.HttpURLConnection.getInputStream(HttpURLConnection.java:1492)
	at sun.net.www.protocol.http.HttpURLConnection.getHeaderField(HttpURLConnection.java:3000)
	at java.net.URLConnection.getContentType(URLConnection.java:512)
	at com.ericsson.iptv.portal.common.imagescaler.ImageScalerBean.scaledImage(ImageScalerBean.java:168)
	... 120 more

Feb 27, 2018 6:24:39 PM com.ericsson.iptv.portal.common.imagescaler.ImageScalerBean scaledImage
SEVERE: Error reading image: http://localhost:8186/portal-coreapps-backend-mock-war-17.0.22/images/ProgramPoster.jpg: http://localhost:8186/portal-coreapps-backend-mock-war-17.0.22/images/ProgramPoster.jpg
Feb 27, 2018 6:24:39 PM com.ericsson.iptv.portal.fw.spring.ExceptionView renderMergedOutputModel
WARNING: Exception: com.ericsson.iptv.portal.fw.exceptions.CommonFault.INTERNAL_FAULT caught in /portal-imageprocessor-war-17.0.22/static/imageScaler.ajax [http://localhost:8186/portal-root-war/index_mock.html] 
java.io.FileNotFoundException: http://localhost:8186/portal-coreapps-backend-mock-war-17.0.22/images/ProgramPoster.jpg
	at sun.reflect.NativeConstructorAccessorImpl.newInstance0(Native Method)
	at sun.reflect.NativeConstructorAccessorImpl.newInstance(NativeConstructorAccessorImpl.java:62)
	at sun.reflect.DelegatingConstructorAccessorImpl.newInstance(DelegatingConstructorAccessorImpl.java:45)
	at java.lang.reflect.Constructor.newInstance(Constructor.java:423)
	at sun.net.www.protocol.http.HttpURLConnection$10.run(HttpURLConnection.java:1944)
	at sun.net.www.protocol.http.HttpURLConnection$10.run(HttpURLConnection.java:1939)
	at java.security.AccessController.doPrivileged(Native Method)
	at sun.net.www.protocol.http.HttpURLConnection.getChainedException(HttpURLConnection.java:1938)
	at sun.net.www.protocol.http.HttpURLConnection.getInputStream0(HttpURLConnection.java:1508)
	at sun.net.www.protocol.http.HttpURLConnection.getInputStream(HttpURLConnection.java:1492)
	at com.ericsson.iptv.portal.common.imagescaler.ImageScalerBean.scaledImage(ImageScalerBean.java:171)
	at com.ericsson.iptv.portal.common.imagescaler.ImageScalerBean.getScaledImage(ImageScalerBean.java:146)
	at sun.reflect.NativeMethodAccessorImpl.invoke0(Native Method)
	at sun.reflect.NativeMethodAccessorImpl.invoke(NativeMethodAccessorImpl.java:62)
	at sun.reflect.DelegatingMethodAccessorImpl.invoke(DelegatingMethodAccessorImpl.java:43)
	at java.lang.reflect.Method.invoke(Method.java:498)
	at org.springframework.aop.support.AopUtils.invokeJoinpointUsingReflection(AopUtils.java:317)
	at org.springframework.aop.framework.ReflectiveMethodInvocation.invokeJoinpoint(ReflectiveMethodInvocation.java:183)
	at org.springframework.aop.framework.ReflectiveMethodInvocation.proceed(ReflectiveMethodInvocation.java:150)
	at org.springframework.transaction.interceptor.TransactionInterceptor$1.proceedWithInvocation(TransactionInterceptor.java:96)
	at org.springframework.transaction.interceptor.TransactionAspectSupport.invokeWithinTransaction(TransactionAspectSupport.java:260)
	at org.springframework.transaction.interceptor.TransactionInterceptor.invoke(TransactionInterceptor.java:94)
	at org.springframework.aop.framework.ReflectiveMethodInvocation.proceed(ReflectiveMethodInvocation.java:172)
	at org.springframework.aop.framework.JdkDynamicAopProxy.invoke(JdkDynamicAopProxy.java:204)
	at com.sun.proxy.$Proxy111.getScaledImage(Unknown Source)
	at sun.reflect.NativeMethodAccessorImpl.invoke0(Native Method)
	at sun.reflect.NativeMethodAccessorImpl.invoke(NativeMethodAccessorImpl.java:62)
	at sun.reflect.DelegatingMethodAccessorImpl.invoke(DelegatingMethodAccessorImpl.java:43)
	at java.lang.reflect.Method.invoke(Method.java:498)
	at org.springframework.web.method.support.InvocableHandlerMethod.invoke(InvocableHandlerMethod.java:215)
	at org.springframework.web.method.support.InvocableHandlerMethod.invokeForRequest(InvocableHandlerMethod.java:132)
	at org.springframework.web.servlet.mvc.method.annotation.ServletInvocableHandlerMethod.invokeAndHandle(ServletInvocableHandlerMethod.java:104)
	at org.springframework.web.servlet.mvc.method.annotation.RequestMappingHandlerAdapter.invokeHandleMethod(RequestMappingHandlerAdapter.java:743)
	at org.springframework.web.servlet.mvc.method.annotation.RequestMappingHandlerAdapter.handleInternal(RequestMappingHandlerAdapter.java:672)
	at org.springframework.web.servlet.mvc.method.AbstractHandlerMethodAdapter.handle(AbstractHandlerMethodAdapter.java:82)
	at org.springframework.web.servlet.DispatcherServlet.doDispatch(DispatcherServlet.java:919)
	at org.springframework.web.servlet.DispatcherServlet.doService(DispatcherServlet.java:851)
	at org.springframework.web.servlet.FrameworkServlet.processRequest(FrameworkServlet.java:953)
	at org.springframework.web.servlet.FrameworkServlet.doGet(FrameworkServlet.java:844)
	at javax.servlet.http.HttpServlet.service(HttpServlet.java:624)
	at org.springframework.web.servlet.FrameworkServlet.service(FrameworkServlet.java:829)
	at javax.servlet.http.HttpServlet.service(HttpServlet.java:731)
	at org.apache.catalina.core.ApplicationFilterChain.internalDoFilter(ApplicationFilterChain.java:303)
	at org.apache.catalina.core.ApplicationFilterChain.doFilter(ApplicationFilterChain.java:208)
	at org.apache.tomcat.websocket.server.WsFilter.doFilter(WsFilter.java:52)
	at org.apache.catalina.core.ApplicationFilterChain.internalDoFilter(ApplicationFilterChain.java:241)
	at org.apache.catalina.core.ApplicationFilterChain.doFilter(ApplicationFilterChain.java:208)
	at com.ericsson.iptv.portal.fw.servlet.PortalServletFilter$FilterChainImpl.doFilter(PortalServletFilter.java:78)
	at com.ericsson.iptv.portal.fw.servlet.mbean.ServletFilterManager$FilterChainImpl.doFilter(ServletFilterManager.java:68)
	at com.ericsson.iptv.portal.fw.cors.AbstractCorsRequestFilter.doFilter(AbstractCorsRequestFilter.java:130)
	at com.ericsson.iptv.portal.mock.cors.CorsRequestFilter.doFilter(CorsRequestFilter.java:57)
	at sun.reflect.GeneratedMethodAccessor280.invoke(Unknown Source)
	at sun.reflect.DelegatingMethodAccessorImpl.invoke(DelegatingMethodAccessorImpl.java:43)
	at java.lang.reflect.Method.invoke(Method.java:498)
	at org.springframework.aop.support.AopUtils.invokeJoinpointUsingReflection(AopUtils.java:317)
	at org.springframework.aop.framework.ReflectiveMethodInvocation.invokeJoinpoint(ReflectiveMethodInvocation.java:183)
	at org.springframework.aop.framework.ReflectiveMethodInvocation.proceed(ReflectiveMethodInvocation.java:150)
	at org.springframework.aop.aspectj.MethodInvocationProceedingJoinPoint.proceed(MethodInvocationProceedingJoinPoint.java:80)
	at com.ericsson.iptv.portal.common.backend.mock.MockMBeanInterceptor.performAction(MockMBeanInterceptor.java:55)
	at sun.reflect.GeneratedMethodAccessor258.invoke(Unknown Source)
	at sun.reflect.DelegatingMethodAccessorImpl.invoke(DelegatingMethodAccessorImpl.java:43)
	at java.lang.reflect.Method.invoke(Method.java:498)
	at org.springframework.aop.aspectj.AbstractAspectJAdvice.invokeAdviceMethodWithGivenArgs(AbstractAspectJAdvice.java:621)
	at org.springframework.aop.aspectj.AbstractAspectJAdvice.invokeAdviceMethod(AbstractAspectJAdvice.java:610)
	at org.springframework.aop.aspectj.AspectJAroundAdvice.invoke(AspectJAroundAdvice.java:65)
	at org.springframework.aop.framework.ReflectiveMethodInvocation.proceed(ReflectiveMethodInvocation.java:161)
	at org.springframework.aop.interceptor.ExposeInvocationInterceptor.invoke(ExposeInvocationInterceptor.java:91)
	at org.springframework.aop.framework.ReflectiveMethodInvocation.proceed(ReflectiveMethodInvocation.java:172)
	at org.springframework.aop.framework.JdkDynamicAopProxy.invoke(JdkDynamicAopProxy.java:204)
	at com.sun.proxy.$Proxy59.doFilter(Unknown Source)
	at com.ericsson.iptv.portal.fw.servlet.mbean.ServletFilterManager$FilterChainImpl.doFilter(ServletFilterManager.java:66)
	at com.ericsson.iptv.portal.fw.servlet.mbean.ServletFilterManager.internalFilter(ServletFilterManager.java:80)
	at com.ericsson.iptv.portal.fw.servlet.mbean.ServletFilterManager.internalPerformAction(ServletFilterManager.java:89)
	at com.ericsson.iptv.portal.fw.mbean.MBeanManagerBase.performAction(MBeanManagerBase.java:536)
	at com.ericsson.iptv.portal.fw.mbean.MBeanManagerBase$1.compareTo(MBeanManagerBase.java:549)
	at com.ericsson.iptv.portal.fw.mbean.MBeanManagerBase$1.compareTo(MBeanManagerBase.java:546)
	at com.ericsson.iptv.portal.fw.mbean.MBeanManagerBase$Manager.invoke(MBeanManagerBase.java:318)
	at com.ericsson.iptv.portal.fw.servlet.PortalServletFilter$FilterChainImpl.doFilter(PortalServletFilter.java:76)
	at com.ericsson.iptv.portal.fw.servlet.mbean.ServletFilterManager$FilterChainImpl.doFilter(ServletFilterManager.java:68)
	at com.ericsson.iptv.portal.fw.backend.gzip.GZIPServletFilter.doFilter(GZIPServletFilter.java:88)
	at com.ericsson.iptv.portal.fw.servlet.mbean.ServletFilterManager$FilterChainImpl.doFilter(ServletFilterManager.java:66)
	at com.ericsson.iptv.portal.fw.backend.startup.DisableDirectoryListings.doFilter(DisableDirectoryListings.java:114)
	at com.ericsson.iptv.portal.fw.servlet.mbean.ServletFilterManager$FilterChainImpl.doFilter(ServletFilterManager.java:66)
	at com.ericsson.iptv.portal.fw.backend.cache.StaticDataCacheControl.doFilter(StaticDataCacheControl.java:83)
	at com.ericsson.iptv.portal.fw.servlet.mbean.ServletFilterManager$FilterChainImpl.doFilter(ServletFilterManager.java:66)
	at com.ericsson.iptv.portal.fw.servlet.mbean.ServletFilterManager.internalFilter(ServletFilterManager.java:80)
	at com.ericsson.iptv.portal.fw.servlet.mbean.ServletFilterManager.internalPerformAction(ServletFilterManager.java:89)
	at com.ericsson.iptv.portal.fw.mbean.MBeanManagerBase.performAction(MBeanManagerBase.java:536)
	at com.ericsson.iptv.portal.fw.mbean.MBeanManagerBase$1.compareTo(MBeanManagerBase.java:549)
	at com.ericsson.iptv.portal.fw.mbean.MBeanManagerBase$1.compareTo(MBeanManagerBase.java:546)
	at com.ericsson.iptv.portal.fw.mbean.MBeanManagerBase$Manager.invoke(MBeanManagerBase.java:318)
	at com.ericsson.iptv.portal.fw.servlet.PortalServletFilter$FilterChainImpl.doFilter(PortalServletFilter.java:76)
	at com.ericsson.iptv.portal.fw.servlet.PortalServletFilter.doFilter(PortalServletFilter.java:93)
	at org.apache.catalina.core.ApplicationFilterChain.internalDoFilter(ApplicationFilterChain.java:241)
	at org.apache.catalina.core.ApplicationFilterChain.doFilter(ApplicationFilterChain.java:208)
	at org.apache.catalina.core.ApplicationDispatcher.invoke(ApplicationDispatcher.java:743)
	at org.apache.catalina.core.ApplicationDispatcher.processRequest(ApplicationDispatcher.java:485)
	at org.apache.catalina.core.ApplicationDispatcher.doForward(ApplicationDispatcher.java:410)
	at org.apache.catalina.core.ApplicationDispatcher.forward(ApplicationDispatcher.java:337)
	at com.ericsson.iptv.portal.fw.artifact.ArtifactBase.internalForwardRequest(ArtifactBase.java:325)
	at com.ericsson.iptv.portal.fw.artifact.ArtifactBase.internalPerformAction(ArtifactBase.java:351)
	at com.ericsson.iptv.portal.fw.mbean.MBeanManagerBase.performAction(MBeanManagerBase.java:536)
	at com.ericsson.iptv.portal.fw.mbean.MBeanManagerBase$1.compareTo(MBeanManagerBase.java:549)
	at com.ericsson.iptv.portal.fw.mbean.MBeanManagerBase$1.compareTo(MBeanManagerBase.java:546)
	at com.ericsson.iptv.portal.fw.mbean.MBeanManagerBase$Manager.invoke(MBeanManagerBase.java:318)
	at com.ericsson.iptv.portal.fw.mbean.MBeanManagerBase$4.invokeOn(MBeanManagerBase.java:621)
	at com.ericsson.iptv.portal.fw.mbean.MBeanManagerBase.invokeOnSingleManager(MBeanManagerBase.java:516)
	at com.ericsson.iptv.portal.fw.mbean.MBeanManagerBase.broadcast(MBeanManagerBase.java:618)
	at com.ericsson.iptv.portal.fw.artifact.ArtifactBase.forwardRequest(ArtifactBase.java:424)
	at com.ericsson.iptv.portal.proxy.ProxyServlet.service(ProxyServlet.java:130)
	at javax.servlet.http.HttpServlet.service(HttpServlet.java:731)
	at org.apache.catalina.core.ApplicationFilterChain.internalDoFilter(ApplicationFilterChain.java:303)
	at org.apache.catalina.core.ApplicationFilterChain.doFilter(ApplicationFilterChain.java:208)
	at org.apache.tomcat.websocket.server.WsFilter.doFilter(WsFilter.java:52)
	at org.apache.catalina.core.ApplicationFilterChain.internalDoFilter(ApplicationFilterChain.java:241)
	at org.apache.catalina.core.ApplicationFilterChain.doFilter(ApplicationFilterChain.java:208)
	at org.apache.catalina.core.StandardWrapperValve.invoke(StandardWrapperValve.java:219)
	at org.apache.catalina.core.StandardContextValve.invoke(StandardContextValve.java:110)
	at org.apache.catalina.authenticator.AuthenticatorBase.invoke(AuthenticatorBase.java:506)
	at org.apache.catalina.core.StandardHostValve.invoke(StandardHostValve.java:169)
	at org.apache.catalina.valves.ErrorReportValve.invoke(ErrorReportValve.java:103)
	at org.apache.catalina.valves.AccessLogValve.invoke(AccessLogValve.java:962)
	at org.apache.catalina.core.StandardEngineValve.invoke(StandardEngineValve.java:116)
	at org.apache.catalina.connector.CoyoteAdapter.service(CoyoteAdapter.java:445)
	at org.apache.coyote.http11.AbstractHttp11Processor.process(AbstractHttp11Processor.java:1115)
	at org.apache.coyote.AbstractProtocol$AbstractConnectionHandler.process(AbstractProtocol.java:637)
	at org.apache.tomcat.util.net.JIoEndpoint$SocketProcessor.run(JIoEndpoint.java:318)
	at java.util.concurrent.ThreadPoolExecutor.runWorker(ThreadPoolExecutor.java:1149)
	at java.util.concurrent.ThreadPoolExecutor$Worker.run(ThreadPoolExecutor.java:624)
	at org.apache.tomcat.util.threads.TaskThread$WrappingRunnable.run(TaskThread.java:61)
	at java.lang.Thread.run(Thread.java:748)
Caused by: java.io.FileNotFoundException: http://localhost:8186/portal-coreapps-backend-mock-war-17.0.22/images/ProgramPoster.jpg
	at sun.net.www.protocol.http.HttpURLConnection.getInputStream0(HttpURLConnection.java:1890)
	at sun.net.www.protocol.http.HttpURLConnection.getInputStream(HttpURLConnection.java:1492)
	at sun.net.www.protocol.http.HttpURLConnection.getHeaderField(HttpURLConnection.java:3000)
	at java.net.URLConnection.getContentType(URLConnection.java:512)
	at com.ericsson.iptv.portal.common.imagescaler.ImageScalerBean.scaledImage(ImageScalerBean.java:168)
	... 120 more

Feb 27, 2018 7:16:43 PM com.ericsson.iptv.portal.common.imagescaler.ImageScalerBean scaledImage
SEVERE: Error reading image: http://localhost:8186/portal-coreapps-backend-mock-war-17.0.22/images/ProgramPoster.jpg: http://localhost:8186/portal-coreapps-backend-mock-war-17.0.22/images/ProgramPoster.jpg
Feb 27, 2018 7:16:43 PM com.ericsson.iptv.portal.fw.spring.ExceptionView renderMergedOutputModel
WARNING: Exception: com.ericsson.iptv.portal.fw.exceptions.CommonFault.INTERNAL_FAULT caught in /portal-imageprocessor-war-17.0.22/static/imageScaler.ajax [http://localhost:8186/portal-root-war/index_mock.html] 
java.io.FileNotFoundException: http://localhost:8186/portal-coreapps-backend-mock-war-17.0.22/images/ProgramPoster.jpg
	at sun.reflect.NativeConstructorAccessorImpl.newInstance0(Native Method)
	at sun.reflect.NativeConstructorAccessorImpl.newInstance(NativeConstructorAccessorImpl.java:62)
	at sun.reflect.DelegatingConstructorAccessorImpl.newInstance(DelegatingConstructorAccessorImpl.java:45)
	at java.lang.reflect.Constructor.newInstance(Constructor.java:423)
	at sun.net.www.protocol.http.HttpURLConnection$10.run(HttpURLConnection.java:1944)
	at sun.net.www.protocol.http.HttpURLConnection$10.run(HttpURLConnection.java:1939)
	at java.security.AccessController.doPrivileged(Native Method)
	at sun.net.www.protocol.http.HttpURLConnection.getChainedException(HttpURLConnection.java:1938)
	at sun.net.www.protocol.http.HttpURLConnection.getInputStream0(HttpURLConnection.java:1508)
	at sun.net.www.protocol.http.HttpURLConnection.getInputStream(HttpURLConnection.java:1492)
	at com.ericsson.iptv.portal.common.imagescaler.ImageScalerBean.scaledImage(ImageScalerBean.java:171)
	at com.ericsson.iptv.portal.common.imagescaler.ImageScalerBean.getScaledImage(ImageScalerBean.java:146)
	at sun.reflect.NativeMethodAccessorImpl.invoke0(Native Method)
	at sun.reflect.NativeMethodAccessorImpl.invoke(NativeMethodAccessorImpl.java:62)
	at sun.reflect.DelegatingMethodAccessorImpl.invoke(DelegatingMethodAccessorImpl.java:43)
	at java.lang.reflect.Method.invoke(Method.java:498)
	at org.springframework.aop.support.AopUtils.invokeJoinpointUsingReflection(AopUtils.java:317)
	at org.springframework.aop.framework.ReflectiveMethodInvocation.invokeJoinpoint(ReflectiveMethodInvocation.java:183)
	at org.springframework.aop.framework.ReflectiveMethodInvocation.proceed(ReflectiveMethodInvocation.java:150)
	at org.springframework.transaction.interceptor.TransactionInterceptor$1.proceedWithInvocation(TransactionInterceptor.java:96)
	at org.springframework.transaction.interceptor.TransactionAspectSupport.invokeWithinTransaction(TransactionAspectSupport.java:260)
	at org.springframework.transaction.interceptor.TransactionInterceptor.invoke(TransactionInterceptor.java:94)
	at org.springframework.aop.framework.ReflectiveMethodInvocation.proceed(ReflectiveMethodInvocation.java:172)
	at org.springframework.aop.framework.JdkDynamicAopProxy.invoke(JdkDynamicAopProxy.java:204)
	at com.sun.proxy.$Proxy111.getScaledImage(Unknown Source)
	at sun.reflect.NativeMethodAccessorImpl.invoke0(Native Method)
	at sun.reflect.NativeMethodAccessorImpl.invoke(NativeMethodAccessorImpl.java:62)
	at sun.reflect.DelegatingMethodAccessorImpl.invoke(DelegatingMethodAccessorImpl.java:43)
	at java.lang.reflect.Method.invoke(Method.java:498)
	at org.springframework.web.method.support.InvocableHandlerMethod.invoke(InvocableHandlerMethod.java:215)
	at org.springframework.web.method.support.InvocableHandlerMethod.invokeForRequest(InvocableHandlerMethod.java:132)
	at org.springframework.web.servlet.mvc.method.annotation.ServletInvocableHandlerMethod.invokeAndHandle(ServletInvocableHandlerMethod.java:104)
	at org.springframework.web.servlet.mvc.method.annotation.RequestMappingHandlerAdapter.invokeHandleMethod(RequestMappingHandlerAdapter.java:743)
	at org.springframework.web.servlet.mvc.method.annotation.RequestMappingHandlerAdapter.handleInternal(RequestMappingHandlerAdapter.java:672)
	at org.springframework.web.servlet.mvc.method.AbstractHandlerMethodAdapter.handle(AbstractHandlerMethodAdapter.java:82)
	at org.springframework.web.servlet.DispatcherServlet.doDispatch(DispatcherServlet.java:919)
	at org.springframework.web.servlet.DispatcherServlet.doService(DispatcherServlet.java:851)
	at org.springframework.web.servlet.FrameworkServlet.processRequest(FrameworkServlet.java:953)
	at org.springframework.web.servlet.FrameworkServlet.doGet(FrameworkServlet.java:844)
	at javax.servlet.http.HttpServlet.service(HttpServlet.java:624)
	at org.springframework.web.servlet.FrameworkServlet.service(FrameworkServlet.java:829)
	at javax.servlet.http.HttpServlet.service(HttpServlet.java:731)
	at org.apache.catalina.core.ApplicationFilterChain.internalDoFilter(ApplicationFilterChain.java:303)
	at org.apache.catalina.core.ApplicationFilterChain.doFilter(ApplicationFilterChain.java:208)
	at org.apache.tomcat.websocket.server.WsFilter.doFilter(WsFilter.java:52)
	at org.apache.catalina.core.ApplicationFilterChain.internalDoFilter(ApplicationFilterChain.java:241)
	at org.apache.catalina.core.ApplicationFilterChain.doFilter(ApplicationFilterChain.java:208)
	at com.ericsson.iptv.portal.fw.servlet.PortalServletFilter$FilterChainImpl.doFilter(PortalServletFilter.java:78)
	at com.ericsson.iptv.portal.fw.servlet.mbean.ServletFilterManager$FilterChainImpl.doFilter(ServletFilterManager.java:68)
	at com.ericsson.iptv.portal.fw.cors.AbstractCorsRequestFilter.doFilter(AbstractCorsRequestFilter.java:130)
	at com.ericsson.iptv.portal.mock.cors.CorsRequestFilter.doFilter(CorsRequestFilter.java:57)
	at sun.reflect.GeneratedMethodAccessor280.invoke(Unknown Source)
	at sun.reflect.DelegatingMethodAccessorImpl.invoke(DelegatingMethodAccessorImpl.java:43)
	at java.lang.reflect.Method.invoke(Method.java:498)
	at org.springframework.aop.support.AopUtils.invokeJoinpointUsingReflection(AopUtils.java:317)
	at org.springframework.aop.framework.ReflectiveMethodInvocation.invokeJoinpoint(ReflectiveMethodInvocation.java:183)
	at org.springframework.aop.framework.ReflectiveMethodInvocation.proceed(ReflectiveMethodInvocation.java:150)
	at org.springframework.aop.aspectj.MethodInvocationProceedingJoinPoint.proceed(MethodInvocationProceedingJoinPoint.java:80)
	at com.ericsson.iptv.portal.common.backend.mock.MockMBeanInterceptor.performAction(MockMBeanInterceptor.java:55)
	at sun.reflect.GeneratedMethodAccessor258.invoke(Unknown Source)
	at sun.reflect.DelegatingMethodAccessorImpl.invoke(DelegatingMethodAccessorImpl.java:43)
	at java.lang.reflect.Method.invoke(Method.java:498)
	at org.springframework.aop.aspectj.AbstractAspectJAdvice.invokeAdviceMethodWithGivenArgs(AbstractAspectJAdvice.java:621)
	at org.springframework.aop.aspectj.AbstractAspectJAdvice.invokeAdviceMethod(AbstractAspectJAdvice.java:610)
	at org.springframework.aop.aspectj.AspectJAroundAdvice.invoke(AspectJAroundAdvice.java:65)
	at org.springframework.aop.framework.ReflectiveMethodInvocation.proceed(ReflectiveMethodInvocation.java:161)
	at org.springframework.aop.interceptor.ExposeInvocationInterceptor.invoke(ExposeInvocationInterceptor.java:91)
	at org.springframework.aop.framework.ReflectiveMethodInvocation.proceed(ReflectiveMethodInvocation.java:172)
	at org.springframework.aop.framework.JdkDynamicAopProxy.invoke(JdkDynamicAopProxy.java:204)
	at com.sun.proxy.$Proxy59.doFilter(Unknown Source)
	at com.ericsson.iptv.portal.fw.servlet.mbean.ServletFilterManager$FilterChainImpl.doFilter(ServletFilterManager.java:66)
	at com.ericsson.iptv.portal.fw.servlet.mbean.ServletFilterManager.internalFilter(ServletFilterManager.java:80)
	at com.ericsson.iptv.portal.fw.servlet.mbean.ServletFilterManager.internalPerformAction(ServletFilterManager.java:89)
	at com.ericsson.iptv.portal.fw.mbean.MBeanManagerBase.performAction(MBeanManagerBase.java:536)
	at com.ericsson.iptv.portal.fw.mbean.MBeanManagerBase$1.compareTo(MBeanManagerBase.java:549)
	at com.ericsson.iptv.portal.fw.mbean.MBeanManagerBase$1.compareTo(MBeanManagerBase.java:546)
	at com.ericsson.iptv.portal.fw.mbean.MBeanManagerBase$Manager.invoke(MBeanManagerBase.java:318)
	at com.ericsson.iptv.portal.fw.servlet.PortalServletFilter$FilterChainImpl.doFilter(PortalServletFilter.java:76)
	at com.ericsson.iptv.portal.fw.servlet.mbean.ServletFilterManager$FilterChainImpl.doFilter(ServletFilterManager.java:68)
	at com.ericsson.iptv.portal.fw.backend.gzip.GZIPServletFilter.doFilter(GZIPServletFilter.java:88)
	at com.ericsson.iptv.portal.fw.servlet.mbean.ServletFilterManager$FilterChainImpl.doFilter(ServletFilterManager.java:66)
	at com.ericsson.iptv.portal.fw.backend.startup.DisableDirectoryListings.doFilter(DisableDirectoryListings.java:114)
	at com.ericsson.iptv.portal.fw.servlet.mbean.ServletFilterManager$FilterChainImpl.doFilter(ServletFilterManager.java:66)
	at com.ericsson.iptv.portal.fw.backend.cache.StaticDataCacheControl.doFilter(StaticDataCacheControl.java:83)
	at com.ericsson.iptv.portal.fw.servlet.mbean.ServletFilterManager$FilterChainImpl.doFilter(ServletFilterManager.java:66)
	at com.ericsson.iptv.portal.fw.servlet.mbean.ServletFilterManager.internalFilter(ServletFilterManager.java:80)
	at com.ericsson.iptv.portal.fw.servlet.mbean.ServletFilterManager.internalPerformAction(ServletFilterManager.java:89)
	at com.ericsson.iptv.portal.fw.mbean.MBeanManagerBase.performAction(MBeanManagerBase.java:536)
	at com.ericsson.iptv.portal.fw.mbean.MBeanManagerBase$1.compareTo(MBeanManagerBase.java:549)
	at com.ericsson.iptv.portal.fw.mbean.MBeanManagerBase$1.compareTo(MBeanManagerBase.java:546)
	at com.ericsson.iptv.portal.fw.mbean.MBeanManagerBase$Manager.invoke(MBeanManagerBase.java:318)
	at com.ericsson.iptv.portal.fw.servlet.PortalServletFilter$FilterChainImpl.doFilter(PortalServletFilter.java:76)
	at com.ericsson.iptv.portal.fw.servlet.PortalServletFilter.doFilter(PortalServletFilter.java:93)
	at org.apache.catalina.core.ApplicationFilterChain.internalDoFilter(ApplicationFilterChain.java:241)
	at org.apache.catalina.core.ApplicationFilterChain.doFilter(ApplicationFilterChain.java:208)
	at org.apache.catalina.core.ApplicationDispatcher.invoke(ApplicationDispatcher.java:743)
	at org.apache.catalina.core.ApplicationDispatcher.processRequest(ApplicationDispatcher.java:485)
	at org.apache.catalina.core.ApplicationDispatcher.doForward(ApplicationDispatcher.java:410)
	at org.apache.catalina.core.ApplicationDispatcher.forward(ApplicationDispatcher.java:337)
	at com.ericsson.iptv.portal.fw.artifact.ArtifactBase.internalForwardRequest(ArtifactBase.java:325)
	at com.ericsson.iptv.portal.fw.artifact.ArtifactBase.internalPerformAction(ArtifactBase.java:351)
	at com.ericsson.iptv.portal.fw.mbean.MBeanManagerBase.performAction(MBeanManagerBase.java:536)
	at com.ericsson.iptv.portal.fw.mbean.MBeanManagerBase$1.compareTo(MBeanManagerBase.java:549)
	at com.ericsson.iptv.portal.fw.mbean.MBeanManagerBase$1.compareTo(MBeanManagerBase.java:546)
	at com.ericsson.iptv.portal.fw.mbean.MBeanManagerBase$Manager.invoke(MBeanManagerBase.java:318)
	at com.ericsson.iptv.portal.fw.mbean.MBeanManagerBase$4.invokeOn(MBeanManagerBase.java:621)
	at com.ericsson.iptv.portal.fw.mbean.MBeanManagerBase.invokeOnSingleManager(MBeanManagerBase.java:516)
	at com.ericsson.iptv.portal.fw.mbean.MBeanManagerBase.broadcast(MBeanManagerBase.java:618)
	at com.ericsson.iptv.portal.fw.artifact.ArtifactBase.forwardRequest(ArtifactBase.java:424)
	at com.ericsson.iptv.portal.proxy.ProxyServlet.service(ProxyServlet.java:130)
	at javax.servlet.http.HttpServlet.service(HttpServlet.java:731)
	at org.apache.catalina.core.ApplicationFilterChain.internalDoFilter(ApplicationFilterChain.java:303)
	at org.apache.catalina.core.ApplicationFilterChain.doFilter(ApplicationFilterChain.java:208)
	at org.apache.tomcat.websocket.server.WsFilter.doFilter(WsFilter.java:52)
	at org.apache.catalina.core.ApplicationFilterChain.internalDoFilter(ApplicationFilterChain.java:241)
	at org.apache.catalina.core.ApplicationFilterChain.doFilter(ApplicationFilterChain.java:208)
	at org.apache.catalina.core.StandardWrapperValve.invoke(StandardWrapperValve.java:219)
	at org.apache.catalina.core.StandardContextValve.invoke(StandardContextValve.java:110)
	at org.apache.catalina.authenticator.AuthenticatorBase.invoke(AuthenticatorBase.java:506)
	at org.apache.catalina.core.StandardHostValve.invoke(StandardHostValve.java:169)
	at org.apache.catalina.valves.ErrorReportValve.invoke(ErrorReportValve.java:103)
	at org.apache.catalina.valves.AccessLogValve.invoke(AccessLogValve.java:962)
	at org.apache.catalina.core.StandardEngineValve.invoke(StandardEngineValve.java:116)
	at org.apache.catalina.connector.CoyoteAdapter.service(CoyoteAdapter.java:445)
	at org.apache.coyote.http11.AbstractHttp11Processor.process(AbstractHttp11Processor.java:1115)
	at org.apache.coyote.AbstractProtocol$AbstractConnectionHandler.process(AbstractProtocol.java:637)
	at org.apache.tomcat.util.net.JIoEndpoint$SocketProcessor.run(JIoEndpoint.java:318)
	at java.util.concurrent.ThreadPoolExecutor.runWorker(ThreadPoolExecutor.java:1149)
	at java.util.concurrent.ThreadPoolExecutor$Worker.run(ThreadPoolExecutor.java:624)
	at org.apache.tomcat.util.threads.TaskThread$WrappingRunnable.run(TaskThread.java:61)
	at java.lang.Thread.run(Thread.java:748)
Caused by: java.io.FileNotFoundException: http://localhost:8186/portal-coreapps-backend-mock-war-17.0.22/images/ProgramPoster.jpg
	at sun.net.www.protocol.http.HttpURLConnection.getInputStream0(HttpURLConnection.java:1890)
	at sun.net.www.protocol.http.HttpURLConnection.getInputStream(HttpURLConnection.java:1492)
	at sun.net.www.protocol.http.HttpURLConnection.getHeaderField(HttpURLConnection.java:3000)
	at java.net.URLConnection.getContentType(URLConnection.java:512)
	at com.ericsson.iptv.portal.common.imagescaler.ImageScalerBean.scaledImage(ImageScalerBean.java:168)
	... 120 more

Feb 27, 2018 8:05:35 PM com.ericsson.iptv.portal.fw.backend.log.controller.FwLogController log
SEVERE: [9 2018-02-27 20:05:34.922][subscriber1000] [http://localhost:8186/portal-root-war/index_mock.html] com.ericsson.iptv.portal.coreapps.common.data.mock.LongPollSsp: Notification HTTP long poll response failed
