Mar 05, 2018 4:35:17 PM com.ericsson.iptv.portal.common.imagescaler.ImageScalerBean scaledImage
SEVERE: Error reading image: http://localhost:8186/portal-coreapps-backend-mock-war-17.0.22/images/ProgramPoster.jpg: http://localhost:8186/portal-coreapps-backend-mock-war-17.0.22/images/ProgramPoster.jpg
Mar 05, 2018 4:35:17 PM com.ericsson.iptv.portal.fw.spring.ExceptionView renderMergedOutputModel
WARNING: Exception: com.ericsson.iptv.portal.fw.exceptions.CommonFault.INTERNAL_FAULT caught in /portal-imageprocessor-war-17.0.22/static/imageScaler.ajax [http://localhost:8186/portal-root-war/index_mock.html] 
java.io.FileNotFoundException: http://localhost:8186/portal-coreapps-backend-mock-war-17.0.22/images/ProgramPoster.jpg
	at sun.reflect.NativeConstructorAccessorImpl.newInstance0(Native Method)
	at sun.reflect.NativeConstructorAccessorImpl.newInstance(NativeConstructorAccessorImpl.java:62)
	at sun.reflect.DelegatingConstructorAccessorImpl.newInstance(DelegatingConstructorAccessorImpl.java:45)
	at java.lang.reflect.Constructor.newInstance(Constructor.java:423)
	at sun.net.www.protocol.http.HttpURLConnection$10.run(HttpURLConnection.java:1944)
	at sun.net.www.protocol.http.HttpURLConnection$10.run(HttpURLConnection.java:1939)
	at java.security.AccessController.doPrivileged(Native Method)
	at sun.net.www.protocol.http.HttpURLConnection.getChainedException(HttpURLConnection.java:1938)
	at sun.net.www.protocol.http.HttpURLConnection.getInputStream0(HttpURLConnection.java:1508)
	at sun.net.www.protocol.http.HttpURLConnection.getInputStream(HttpURLConnection.java:1492)
	at com.ericsson.iptv.portal.common.imagescaler.ImageScalerBean.scaledImage(ImageScalerBean.java:171)
	at com.ericsson.iptv.portal.common.imagescaler.ImageScalerBean.getScaledImage(ImageScalerBean.java:146)
	at sun.reflect.GeneratedMethodAccessor510.invoke(Unknown Source)
	at sun.reflect.DelegatingMethodAccessorImpl.invoke(DelegatingMethodAccessorImpl.java:43)
	at java.lang.reflect.Method.invoke(Method.java:498)
	at org.springframework.aop.support.AopUtils.invokeJoinpointUsingReflection(AopUtils.java:317)
	at org.springframework.aop.framework.ReflectiveMethodInvocation.invokeJoinpoint(ReflectiveMethodInvocation.java:183)
	at org.springframework.aop.framework.ReflectiveMethodInvocation.proceed(ReflectiveMethodInvocation.java:150)
	at org.springframework.transaction.interceptor.TransactionInterceptor$1.proceedWithInvocation(TransactionInterceptor.java:96)
	at org.springframework.transaction.interceptor.TransactionAspectSupport.invokeWithinTransaction(TransactionAspectSupport.java:260)
	at org.springframework.transaction.interceptor.TransactionInterceptor.invoke(TransactionInterceptor.java:94)
	at org.springframework.aop.framework.ReflectiveMethodInvocation.proceed(ReflectiveMethodInvocation.java:172)
	at org.springframework.aop.framework.JdkDynamicAopProxy.invoke(JdkDynamicAopProxy.java:204)
	at com.sun.proxy.$Proxy111.getScaledImage(Unknown Source)
	at sun.reflect.GeneratedMethodAccessor509.invoke(Unknown Source)
	at sun.reflect.DelegatingMethodAccessorImpl.invoke(DelegatingMethodAccessorImpl.java:43)
	at java.lang.reflect.Method.invoke(Method.java:498)
	at org.springframework.web.method.support.InvocableHandlerMethod.invoke(InvocableHandlerMethod.java:215)
	at org.springframework.web.method.support.InvocableHandlerMethod.invokeForRequest(InvocableHandlerMethod.java:132)
	at org.springframework.web.servlet.mvc.method.annotation.ServletInvocableHandlerMethod.invokeAndHandle(ServletInvocableHandlerMethod.java:104)
	at org.springframework.web.servlet.mvc.method.annotation.RequestMappingHandlerAdapter.invokeHandleMethod(RequestMappingHandlerAdapter.java:743)
	at org.springframework.web.servlet.mvc.method.annotation.RequestMappingHandlerAdapter.handleInternal(RequestMappingHandlerAdapter.java:672)
	at org.springframework.web.servlet.mvc.method.AbstractHandlerMethodAdapter.handle(AbstractHandlerMethodAdapter.java:82)
	at org.springframework.web.servlet.DispatcherServlet.doDispatch(DispatcherServlet.java:919)
	at org.springframework.web.servlet.DispatcherServlet.doService(DispatcherServlet.java:851)
	at org.springframework.web.servlet.FrameworkServlet.processRequest(FrameworkServlet.java:953)
	at org.springframework.web.servlet.FrameworkServlet.doGet(FrameworkServlet.java:844)
	at javax.servlet.http.HttpServlet.service(HttpServlet.java:624)
	at org.springframework.web.servlet.FrameworkServlet.service(FrameworkServlet.java:829)
	at javax.servlet.http.HttpServlet.service(HttpServlet.java:731)
	at org.apache.catalina.core.ApplicationFilterChain.internalDoFilter(ApplicationFilterChain.java:303)
	at org.apache.catalina.core.ApplicationFilterChain.doFilter(ApplicationFilterChain.java:208)
	at org.apache.tomcat.websocket.server.WsFilter.doFilter(WsFilter.java:52)
	at org.apache.catalina.core.ApplicationFilterChain.internalDoFilter(ApplicationFilterChain.java:241)
	at org.apache.catalina.core.ApplicationFilterChain.doFilter(ApplicationFilterChain.java:208)
	at com.ericsson.iptv.portal.fw.servlet.PortalServletFilter$FilterChainImpl.doFilter(PortalServletFilter.java:78)
	at com.ericsson.iptv.portal.fw.servlet.mbean.ServletFilterManager$FilterChainImpl.doFilter(ServletFilterManager.java:68)
	at com.ericsson.iptv.portal.fw.cors.AbstractCorsRequestFilter.doFilter(AbstractCorsRequestFilter.java:130)
	at com.ericsson.iptv.portal.mock.cors.CorsRequestFilter.doFilter(CorsRequestFilter.java:57)
	at sun.reflect.GeneratedMethodAccessor280.invoke(Unknown Source)
	at sun.reflect.DelegatingMethodAccessorImpl.invoke(DelegatingMethodAccessorImpl.java:43)
	at java.lang.reflect.Method.invoke(Method.java:498)
	at org.springframework.aop.support.AopUtils.invokeJoinpointUsingReflection(AopUtils.java:317)
	at org.springframework.aop.framework.ReflectiveMethodInvocation.invokeJoinpoint(ReflectiveMethodInvocation.java:183)
	at org.springframework.aop.framework.ReflectiveMethodInvocation.proceed(ReflectiveMethodInvocation.java:150)
	at org.springframework.aop.aspectj.MethodInvocationProceedingJoinPoint.proceed(MethodInvocationProceedingJoinPoint.java:80)
	at com.ericsson.iptv.portal.common.backend.mock.MockMBeanInterceptor.performAction(MockMBeanInterceptor.java:55)
	at sun.reflect.GeneratedMethodAccessor258.invoke(Unknown Source)
	at sun.reflect.DelegatingMethodAccessorImpl.invoke(DelegatingMethodAccessorImpl.java:43)
	at java.lang.reflect.Method.invoke(Method.java:498)
	at org.springframework.aop.aspectj.AbstractAspectJAdvice.invokeAdviceMethodWithGivenArgs(AbstractAspectJAdvice.java:621)
	at org.springframework.aop.aspectj.AbstractAspectJAdvice.invokeAdviceMethod(AbstractAspectJAdvice.java:610)
	at org.springframework.aop.aspectj.AspectJAroundAdvice.invoke(AspectJAroundAdvice.java:65)
	at org.springframework.aop.framework.ReflectiveMethodInvocation.proceed(ReflectiveMethodInvocation.java:161)
	at org.springframework.aop.interceptor.ExposeInvocationInterceptor.invoke(ExposeInvocationInterceptor.java:91)
	at org.springframework.aop.framework.ReflectiveMethodInvocation.proceed(ReflectiveMethodInvocation.java:172)
	at org.springframework.aop.framework.JdkDynamicAopProxy.invoke(JdkDynamicAopProxy.java:204)
	at com.sun.proxy.$Proxy59.doFilter(Unknown Source)
	at com.ericsson.iptv.portal.fw.servlet.mbean.ServletFilterManager$FilterChainImpl.doFilter(ServletFilterManager.java:66)
	at com.ericsson.iptv.portal.fw.servlet.mbean.ServletFilterManager.internalFilter(ServletFilterManager.java:80)
	at com.ericsson.iptv.portal.fw.servlet.mbean.ServletFilterManager.internalPerformAction(ServletFilterManager.java:89)
	at com.ericsson.iptv.portal.fw.mbean.MBeanManagerBase.performAction(MBeanManagerBase.java:536)
	at com.ericsson.iptv.portal.fw.mbean.MBeanManagerBase$1.compareTo(MBeanManagerBase.java:549)
	at com.ericsson.iptv.portal.fw.mbean.MBeanManagerBase$1.compareTo(MBeanManagerBase.java:546)
	at com.ericsson.iptv.portal.fw.mbean.MBeanManagerBase$Manager.invoke(MBeanManagerBase.java:318)
	at com.ericsson.iptv.portal.fw.servlet.PortalServletFilter$FilterChainImpl.doFilter(PortalServletFilter.java:76)
	at com.ericsson.iptv.portal.fw.servlet.mbean.ServletFilterManager$FilterChainImpl.doFilter(ServletFilterManager.java:68)
	at com.ericsson.iptv.portal.fw.backend.gzip.GZIPServletFilter.doFilter(GZIPServletFilter.java:88)
	at com.ericsson.iptv.portal.fw.servlet.mbean.ServletFilterManager$FilterChainImpl.doFilter(ServletFilterManager.java:66)
	at com.ericsson.iptv.portal.fw.backend.startup.DisableDirectoryListings.doFilter(DisableDirectoryListings.java:114)
	at com.ericsson.iptv.portal.fw.servlet.mbean.ServletFilterManager$FilterChainImpl.doFilter(ServletFilterManager.java:66)
	at com.ericsson.iptv.portal.fw.backend.cache.StaticDataCacheControl.doFilter(StaticDataCacheControl.java:83)
	at com.ericsson.iptv.portal.fw.servlet.mbean.ServletFilterManager$FilterChainImpl.doFilter(ServletFilterManager.java:66)
	at com.ericsson.iptv.portal.fw.servlet.mbean.ServletFilterManager.internalFilter(ServletFilterManager.java:80)
	at com.ericsson.iptv.portal.fw.servlet.mbean.ServletFilterManager.internalPerformAction(ServletFilterManager.java:89)
	at com.ericsson.iptv.portal.fw.mbean.MBeanManagerBase.performAction(MBeanManagerBase.java:536)
	at com.ericsson.iptv.portal.fw.mbean.MBeanManagerBase$1.compareTo(MBeanManagerBase.java:549)
	at com.ericsson.iptv.portal.fw.mbean.MBeanManagerBase$1.compareTo(MBeanManagerBase.java:546)
	at com.ericsson.iptv.portal.fw.mbean.MBeanManagerBase$Manager.invoke(MBeanManagerBase.java:318)
	at com.ericsson.iptv.portal.fw.servlet.PortalServletFilter$FilterChainImpl.doFilter(PortalServletFilter.java:76)
	at com.ericsson.iptv.portal.fw.servlet.PortalServletFilter.doFilter(PortalServletFilter.java:93)
	at org.apache.catalina.core.ApplicationFilterChain.internalDoFilter(ApplicationFilterChain.java:241)
	at org.apache.catalina.core.ApplicationFilterChain.doFilter(ApplicationFilterChain.java:208)
	at org.apache.catalina.core.ApplicationDispatcher.invoke(ApplicationDispatcher.java:743)
	at org.apache.catalina.core.ApplicationDispatcher.processRequest(ApplicationDispatcher.java:485)
	at org.apache.catalina.core.ApplicationDispatcher.doForward(ApplicationDispatcher.java:410)
	at org.apache.catalina.core.ApplicationDispatcher.forward(ApplicationDispatcher.java:337)
	at com.ericsson.iptv.portal.fw.artifact.ArtifactBase.internalForwardRequest(ArtifactBase.java:325)
	at com.ericsson.iptv.portal.fw.artifact.ArtifactBase.internalPerformAction(ArtifactBase.java:351)
	at com.ericsson.iptv.portal.fw.mbean.MBeanManagerBase.performAction(MBeanManagerBase.java:536)
	at com.ericsson.iptv.portal.fw.mbean.MBeanManagerBase$1.compareTo(MBeanManagerBase.java:549)
	at com.ericsson.iptv.portal.fw.mbean.MBeanManagerBase$1.compareTo(MBeanManagerBase.java:546)
	at com.ericsson.iptv.portal.fw.mbean.MBeanManagerBase$Manager.invoke(MBeanManagerBase.java:318)
	at com.ericsson.iptv.portal.fw.mbean.MBeanManagerBase$4.invokeOn(MBeanManagerBase.java:621)
	at com.ericsson.iptv.portal.fw.mbean.MBeanManagerBase.invokeOnSingleManager(MBeanManagerBase.java:516)
	at com.ericsson.iptv.portal.fw.mbean.MBeanManagerBase.broadcast(MBeanManagerBase.java:618)
	at com.ericsson.iptv.portal.fw.artifact.ArtifactBase.forwardRequest(ArtifactBase.java:424)
	at com.ericsson.iptv.portal.proxy.ProxyServlet.service(ProxyServlet.java:130)
	at javax.servlet.http.HttpServlet.service(HttpServlet.java:731)
	at org.apache.catalina.core.ApplicationFilterChain.internalDoFilter(ApplicationFilterChain.java:303)
	at org.apache.catalina.core.ApplicationFilterChain.doFilter(ApplicationFilterChain.java:208)
	at org.apache.tomcat.websocket.server.WsFilter.doFilter(WsFilter.java:52)
	at org.apache.catalina.core.ApplicationFilterChain.internalDoFilter(ApplicationFilterChain.java:241)
	at org.apache.catalina.core.ApplicationFilterChain.doFilter(ApplicationFilterChain.java:208)
	at org.apache.catalina.core.StandardWrapperValve.invoke(StandardWrapperValve.java:219)
	at org.apache.catalina.core.StandardContextValve.invoke(StandardContextValve.java:110)
	at org.apache.catalina.authenticator.AuthenticatorBase.invoke(AuthenticatorBase.java:506)
	at org.apache.catalina.core.StandardHostValve.invoke(StandardHostValve.java:169)
	at org.apache.catalina.valves.ErrorReportValve.invoke(ErrorReportValve.java:103)
	at org.apache.catalina.valves.AccessLogValve.invoke(AccessLogValve.java:962)
	at org.apache.catalina.core.StandardEngineValve.invoke(StandardEngineValve.java:116)
	at org.apache.catalina.connector.CoyoteAdapter.service(CoyoteAdapter.java:445)
	at org.apache.coyote.http11.AbstractHttp11Processor.process(AbstractHttp11Processor.java:1115)
	at org.apache.coyote.AbstractProtocol$AbstractConnectionHandler.process(AbstractProtocol.java:637)
	at org.apache.tomcat.util.net.JIoEndpoint$SocketProcessor.run(JIoEndpoint.java:318)
	at java.util.concurrent.ThreadPoolExecutor.runWorker(ThreadPoolExecutor.java:1149)
	at java.util.concurrent.ThreadPoolExecutor$Worker.run(ThreadPoolExecutor.java:624)
	at org.apache.tomcat.util.threads.TaskThread$WrappingRunnable.run(TaskThread.java:61)
	at java.lang.Thread.run(Thread.java:748)
Caused by: java.io.FileNotFoundException: http://localhost:8186/portal-coreapps-backend-mock-war-17.0.22/images/ProgramPoster.jpg
	at sun.net.www.protocol.http.HttpURLConnection.getInputStream0(HttpURLConnection.java:1890)
	at sun.net.www.protocol.http.HttpURLConnection.getInputStream(HttpURLConnection.java:1492)
	at sun.net.www.protocol.http.HttpURLConnection.getHeaderField(HttpURLConnection.java:3000)
	at java.net.URLConnection.getContentType(URLConnection.java:512)
	at com.ericsson.iptv.portal.common.imagescaler.ImageScalerBean.scaledImage(ImageScalerBean.java:168)
	... 118 more

Mar 05, 2018 5:05:26 PM com.ericsson.iptv.portal.common.imagescaler.ImageScalerBean scaledImage
SEVERE: Error reading image: http://localhost:8186/portal-coreapps-backend-mock-war-17.0.22/images/ProgramPoster.jpg: http://localhost:8186/portal-coreapps-backend-mock-war-17.0.22/images/ProgramPoster.jpg
Mar 05, 2018 5:05:26 PM com.ericsson.iptv.portal.fw.spring.ExceptionView renderMergedOutputModel
WARNING: Exception: com.ericsson.iptv.portal.fw.exceptions.CommonFault.INTERNAL_FAULT caught in /portal-imageprocessor-war-17.0.22/static/imageScaler.ajax [http://localhost:8186/portal-root-war/index_mock.html] 
java.io.FileNotFoundException: http://localhost:8186/portal-coreapps-backend-mock-war-17.0.22/images/ProgramPoster.jpg
	at sun.reflect.NativeConstructorAccessorImpl.newInstance0(Native Method)
	at sun.reflect.NativeConstructorAccessorImpl.newInstance(NativeConstructorAccessorImpl.java:62)
	at sun.reflect.DelegatingConstructorAccessorImpl.newInstance(DelegatingConstructorAccessorImpl.java:45)
	at java.lang.reflect.Constructor.newInstance(Constructor.java:423)
	at sun.net.www.protocol.http.HttpURLConnection$10.run(HttpURLConnection.java:1944)
	at sun.net.www.protocol.http.HttpURLConnection$10.run(HttpURLConnection.java:1939)
	at java.security.AccessController.doPrivileged(Native Method)
	at sun.net.www.protocol.http.HttpURLConnection.getChainedException(HttpURLConnection.java:1938)
	at sun.net.www.protocol.http.HttpURLConnection.getInputStream0(HttpURLConnection.java:1508)
	at sun.net.www.protocol.http.HttpURLConnection.getInputStream(HttpURLConnection.java:1492)
	at com.ericsson.iptv.portal.common.imagescaler.ImageScalerBean.scaledImage(ImageScalerBean.java:171)
	at com.ericsson.iptv.portal.common.imagescaler.ImageScalerBean.getScaledImage(ImageScalerBean.java:146)
	at sun.reflect.GeneratedMethodAccessor510.invoke(Unknown Source)
	at sun.reflect.DelegatingMethodAccessorImpl.invoke(DelegatingMethodAccessorImpl.java:43)
	at java.lang.reflect.Method.invoke(Method.java:498)
	at org.springframework.aop.support.AopUtils.invokeJoinpointUsingReflection(AopUtils.java:317)
	at org.springframework.aop.framework.ReflectiveMethodInvocation.invokeJoinpoint(ReflectiveMethodInvocation.java:183)
	at org.springframework.aop.framework.ReflectiveMethodInvocation.proceed(ReflectiveMethodInvocation.java:150)
	at org.springframework.transaction.interceptor.TransactionInterceptor$1.proceedWithInvocation(TransactionInterceptor.java:96)
	at org.springframework.transaction.interceptor.TransactionAspectSupport.invokeWithinTransaction(TransactionAspectSupport.java:260)
	at org.springframework.transaction.interceptor.TransactionInterceptor.invoke(TransactionInterceptor.java:94)
	at org.springframework.aop.framework.ReflectiveMethodInvocation.proceed(ReflectiveMethodInvocation.java:172)
	at org.springframework.aop.framework.JdkDynamicAopProxy.invoke(JdkDynamicAopProxy.java:204)
	at com.sun.proxy.$Proxy111.getScaledImage(Unknown Source)
	at sun.reflect.GeneratedMethodAccessor509.invoke(Unknown Source)
	at sun.reflect.DelegatingMethodAccessorImpl.invoke(DelegatingMethodAccessorImpl.java:43)
	at java.lang.reflect.Method.invoke(Method.java:498)
	at org.springframework.web.method.support.InvocableHandlerMethod.invoke(InvocableHandlerMethod.java:215)
	at org.springframework.web.method.support.InvocableHandlerMethod.invokeForRequest(InvocableHandlerMethod.java:132)
	at org.springframework.web.servlet.mvc.method.annotation.ServletInvocableHandlerMethod.invokeAndHandle(ServletInvocableHandlerMethod.java:104)
	at org.springframework.web.servlet.mvc.method.annotation.RequestMappingHandlerAdapter.invokeHandleMethod(RequestMappingHandlerAdapter.java:743)
	at org.springframework.web.servlet.mvc.method.annotation.RequestMappingHandlerAdapter.handleInternal(RequestMappingHandlerAdapter.java:672)
	at org.springframework.web.servlet.mvc.method.AbstractHandlerMethodAdapter.handle(AbstractHandlerMethodAdapter.java:82)
	at org.springframework.web.servlet.DispatcherServlet.doDispatch(DispatcherServlet.java:919)
	at org.springframework.web.servlet.DispatcherServlet.doService(DispatcherServlet.java:851)
	at org.springframework.web.servlet.FrameworkServlet.processRequest(FrameworkServlet.java:953)
	at org.springframework.web.servlet.FrameworkServlet.doGet(FrameworkServlet.java:844)
	at javax.servlet.http.HttpServlet.service(HttpServlet.java:624)
	at org.springframework.web.servlet.FrameworkServlet.service(FrameworkServlet.java:829)
	at javax.servlet.http.HttpServlet.service(HttpServlet.java:731)
	at org.apache.catalina.core.ApplicationFilterChain.internalDoFilter(ApplicationFilterChain.java:303)
	at org.apache.catalina.core.ApplicationFilterChain.doFilter(ApplicationFilterChain.java:208)
	at org.apache.tomcat.websocket.server.WsFilter.doFilter(WsFilter.java:52)
	at org.apache.catalina.core.ApplicationFilterChain.internalDoFilter(ApplicationFilterChain.java:241)
	at org.apache.catalina.core.ApplicationFilterChain.doFilter(ApplicationFilterChain.java:208)
	at com.ericsson.iptv.portal.fw.servlet.PortalServletFilter$FilterChainImpl.doFilter(PortalServletFilter.java:78)
	at com.ericsson.iptv.portal.fw.servlet.mbean.ServletFilterManager$FilterChainImpl.doFilter(ServletFilterManager.java:68)
	at com.ericsson.iptv.portal.fw.cors.AbstractCorsRequestFilter.doFilter(AbstractCorsRequestFilter.java:130)
	at com.ericsson.iptv.portal.mock.cors.CorsRequestFilter.doFilter(CorsRequestFilter.java:57)
	at sun.reflect.GeneratedMethodAccessor280.invoke(Unknown Source)
	at sun.reflect.DelegatingMethodAccessorImpl.invoke(DelegatingMethodAccessorImpl.java:43)
	at java.lang.reflect.Method.invoke(Method.java:498)
	at org.springframework.aop.support.AopUtils.invokeJoinpointUsingReflection(AopUtils.java:317)
	at org.springframework.aop.framework.ReflectiveMethodInvocation.invokeJoinpoint(ReflectiveMethodInvocation.java:183)
	at org.springframework.aop.framework.ReflectiveMethodInvocation.proceed(ReflectiveMethodInvocation.java:150)
	at org.springframework.aop.aspectj.MethodInvocationProceedingJoinPoint.proceed(MethodInvocationProceedingJoinPoint.java:80)
	at com.ericsson.iptv.portal.common.backend.mock.MockMBeanInterceptor.performAction(MockMBeanInterceptor.java:55)
	at sun.reflect.GeneratedMethodAccessor258.invoke(Unknown Source)
	at sun.reflect.DelegatingMethodAccessorImpl.invoke(DelegatingMethodAccessorImpl.java:43)
	at java.lang.reflect.Method.invoke(Method.java:498)
	at org.springframework.aop.aspectj.AbstractAspectJAdvice.invokeAdviceMethodWithGivenArgs(AbstractAspectJAdvice.java:621)
	at org.springframework.aop.aspectj.AbstractAspectJAdvice.invokeAdviceMethod(AbstractAspectJAdvice.java:610)
	at org.springframework.aop.aspectj.AspectJAroundAdvice.invoke(AspectJAroundAdvice.java:65)
	at org.springframework.aop.framework.ReflectiveMethodInvocation.proceed(ReflectiveMethodInvocation.java:161)
	at org.springframework.aop.interceptor.ExposeInvocationInterceptor.invoke(ExposeInvocationInterceptor.java:91)
	at org.springframework.aop.framework.ReflectiveMethodInvocation.proceed(ReflectiveMethodInvocation.java:172)
	at org.springframework.aop.framework.JdkDynamicAopProxy.invoke(JdkDynamicAopProxy.java:204)
	at com.sun.proxy.$Proxy59.doFilter(Unknown Source)
	at com.ericsson.iptv.portal.fw.servlet.mbean.ServletFilterManager$FilterChainImpl.doFilter(ServletFilterManager.java:66)
	at com.ericsson.iptv.portal.fw.servlet.mbean.ServletFilterManager.internalFilter(ServletFilterManager.java:80)
	at com.ericsson.iptv.portal.fw.servlet.mbean.ServletFilterManager.internalPerformAction(ServletFilterManager.java:89)
	at com.ericsson.iptv.portal.fw.mbean.MBeanManagerBase.performAction(MBeanManagerBase.java:536)
	at com.ericsson.iptv.portal.fw.mbean.MBeanManagerBase$1.compareTo(MBeanManagerBase.java:549)
	at com.ericsson.iptv.portal.fw.mbean.MBeanManagerBase$1.compareTo(MBeanManagerBase.java:546)
	at com.ericsson.iptv.portal.fw.mbean.MBeanManagerBase$Manager.invoke(MBeanManagerBase.java:318)
	at com.ericsson.iptv.portal.fw.servlet.PortalServletFilter$FilterChainImpl.doFilter(PortalServletFilter.java:76)
	at com.ericsson.iptv.portal.fw.servlet.mbean.ServletFilterManager$FilterChainImpl.doFilter(ServletFilterManager.java:68)
	at com.ericsson.iptv.portal.fw.backend.gzip.GZIPServletFilter.doFilter(GZIPServletFilter.java:88)
	at com.ericsson.iptv.portal.fw.servlet.mbean.ServletFilterManager$FilterChainImpl.doFilter(ServletFilterManager.java:66)
	at com.ericsson.iptv.portal.fw.backend.startup.DisableDirectoryListings.doFilter(DisableDirectoryListings.java:114)
	at com.ericsson.iptv.portal.fw.servlet.mbean.ServletFilterManager$FilterChainImpl.doFilter(ServletFilterManager.java:66)
	at com.ericsson.iptv.portal.fw.backend.cache.StaticDataCacheControl.doFilter(StaticDataCacheControl.java:83)
	at com.ericsson.iptv.portal.fw.servlet.mbean.ServletFilterManager$FilterChainImpl.doFilter(ServletFilterManager.java:66)
	at com.ericsson.iptv.portal.fw.servlet.mbean.ServletFilterManager.internalFilter(ServletFilterManager.java:80)
	at com.ericsson.iptv.portal.fw.servlet.mbean.ServletFilterManager.internalPerformAction(ServletFilterManager.java:89)
	at com.ericsson.iptv.portal.fw.mbean.MBeanManagerBase.performAction(MBeanManagerBase.java:536)
	at com.ericsson.iptv.portal.fw.mbean.MBeanManagerBase$1.compareTo(MBeanManagerBase.java:549)
	at com.ericsson.iptv.portal.fw.mbean.MBeanManagerBase$1.compareTo(MBeanManagerBase.java:546)
	at com.ericsson.iptv.portal.fw.mbean.MBeanManagerBase$Manager.invoke(MBeanManagerBase.java:318)
	at com.ericsson.iptv.portal.fw.servlet.PortalServletFilter$FilterChainImpl.doFilter(PortalServletFilter.java:76)
	at com.ericsson.iptv.portal.fw.servlet.PortalServletFilter.doFilter(PortalServletFilter.java:93)
	at org.apache.catalina.core.ApplicationFilterChain.internalDoFilter(ApplicationFilterChain.java:241)
	at org.apache.catalina.core.ApplicationFilterChain.doFilter(ApplicationFilterChain.java:208)
	at org.apache.catalina.core.ApplicationDispatcher.invoke(ApplicationDispatcher.java:743)
	at org.apache.catalina.core.ApplicationDispatcher.processRequest(ApplicationDispatcher.java:485)
	at org.apache.catalina.core.ApplicationDispatcher.doForward(ApplicationDispatcher.java:410)
	at org.apache.catalina.core.ApplicationDispatcher.forward(ApplicationDispatcher.java:337)
	at com.ericsson.iptv.portal.fw.artifact.ArtifactBase.internalForwardRequest(ArtifactBase.java:325)
	at com.ericsson.iptv.portal.fw.artifact.ArtifactBase.internalPerformAction(ArtifactBase.java:351)
	at com.ericsson.iptv.portal.fw.mbean.MBeanManagerBase.performAction(MBeanManagerBase.java:536)
	at com.ericsson.iptv.portal.fw.mbean.MBeanManagerBase$1.compareTo(MBeanManagerBase.java:549)
	at com.ericsson.iptv.portal.fw.mbean.MBeanManagerBase$1.compareTo(MBeanManagerBase.java:546)
	at com.ericsson.iptv.portal.fw.mbean.MBeanManagerBase$Manager.invoke(MBeanManagerBase.java:318)
	at com.ericsson.iptv.portal.fw.mbean.MBeanManagerBase$4.invokeOn(MBeanManagerBase.java:621)
	at com.ericsson.iptv.portal.fw.mbean.MBeanManagerBase.invokeOnSingleManager(MBeanManagerBase.java:516)
	at com.ericsson.iptv.portal.fw.mbean.MBeanManagerBase.broadcast(MBeanManagerBase.java:618)
	at com.ericsson.iptv.portal.fw.artifact.ArtifactBase.forwardRequest(ArtifactBase.java:424)
	at com.ericsson.iptv.portal.proxy.ProxyServlet.service(ProxyServlet.java:130)
	at javax.servlet.http.HttpServlet.service(HttpServlet.java:731)
	at org.apache.catalina.core.ApplicationFilterChain.internalDoFilter(ApplicationFilterChain.java:303)
	at org.apache.catalina.core.ApplicationFilterChain.doFilter(ApplicationFilterChain.java:208)
	at org.apache.tomcat.websocket.server.WsFilter.doFilter(WsFilter.java:52)
	at org.apache.catalina.core.ApplicationFilterChain.internalDoFilter(ApplicationFilterChain.java:241)
	at org.apache.catalina.core.ApplicationFilterChain.doFilter(ApplicationFilterChain.java:208)
	at org.apache.catalina.core.StandardWrapperValve.invoke(StandardWrapperValve.java:219)
	at org.apache.catalina.core.StandardContextValve.invoke(StandardContextValve.java:110)
	at org.apache.catalina.authenticator.AuthenticatorBase.invoke(AuthenticatorBase.java:506)
	at org.apache.catalina.core.StandardHostValve.invoke(StandardHostValve.java:169)
	at org.apache.catalina.valves.ErrorReportValve.invoke(ErrorReportValve.java:103)
	at org.apache.catalina.valves.AccessLogValve.invoke(AccessLogValve.java:962)
	at org.apache.catalina.core.StandardEngineValve.invoke(StandardEngineValve.java:116)
	at org.apache.catalina.connector.CoyoteAdapter.service(CoyoteAdapter.java:445)
	at org.apache.coyote.http11.AbstractHttp11Processor.process(AbstractHttp11Processor.java:1115)
	at org.apache.coyote.AbstractProtocol$AbstractConnectionHandler.process(AbstractProtocol.java:637)
	at org.apache.tomcat.util.net.JIoEndpoint$SocketProcessor.run(JIoEndpoint.java:318)
	at java.util.concurrent.ThreadPoolExecutor.runWorker(ThreadPoolExecutor.java:1149)
	at java.util.concurrent.ThreadPoolExecutor$Worker.run(ThreadPoolExecutor.java:624)
	at org.apache.tomcat.util.threads.TaskThread$WrappingRunnable.run(TaskThread.java:61)
	at java.lang.Thread.run(Thread.java:748)
Caused by: java.io.FileNotFoundException: http://localhost:8186/portal-coreapps-backend-mock-war-17.0.22/images/ProgramPoster.jpg
	at sun.net.www.protocol.http.HttpURLConnection.getInputStream0(HttpURLConnection.java:1890)
	at sun.net.www.protocol.http.HttpURLConnection.getInputStream(HttpURLConnection.java:1492)
	at sun.net.www.protocol.http.HttpURLConnection.getHeaderField(HttpURLConnection.java:3000)
	at java.net.URLConnection.getContentType(URLConnection.java:512)
	at com.ericsson.iptv.portal.common.imagescaler.ImageScalerBean.scaledImage(ImageScalerBean.java:168)
	... 118 more

Mar 05, 2018 6:23:16 PM com.ericsson.iptv.portal.common.imagescaler.ImageScalerBean scaledImage
SEVERE: Error reading image: http://localhost:8186/portal-coreapps-backend-mock-war-17.0.22/images/ProgramPoster.jpg: http://localhost:8186/portal-coreapps-backend-mock-war-17.0.22/images/ProgramPoster.jpg
Mar 05, 2018 6:23:16 PM com.ericsson.iptv.portal.fw.spring.ExceptionView renderMergedOutputModel
WARNING: Exception: com.ericsson.iptv.portal.fw.exceptions.CommonFault.INTERNAL_FAULT caught in /portal-imageprocessor-war-17.0.22/static/imageScaler.ajax [http://localhost:8186/portal-root-war/index_mock.html] 
java.io.FileNotFoundException: http://localhost:8186/portal-coreapps-backend-mock-war-17.0.22/images/ProgramPoster.jpg
	at sun.reflect.NativeConstructorAccessorImpl.newInstance0(Native Method)
	at sun.reflect.NativeConstructorAccessorImpl.newInstance(NativeConstructorAccessorImpl.java:62)
	at sun.reflect.DelegatingConstructorAccessorImpl.newInstance(DelegatingConstructorAccessorImpl.java:45)
	at java.lang.reflect.Constructor.newInstance(Constructor.java:423)
	at sun.net.www.protocol.http.HttpURLConnection$10.run(HttpURLConnection.java:1944)
	at sun.net.www.protocol.http.HttpURLConnection$10.run(HttpURLConnection.java:1939)
	at java.security.AccessController.doPrivileged(Native Method)
	at sun.net.www.protocol.http.HttpURLConnection.getChainedException(HttpURLConnection.java:1938)
	at sun.net.www.protocol.http.HttpURLConnection.getInputStream0(HttpURLConnection.java:1508)
	at sun.net.www.protocol.http.HttpURLConnection.getInputStream(HttpURLConnection.java:1492)
	at com.ericsson.iptv.portal.common.imagescaler.ImageScalerBean.scaledImage(ImageScalerBean.java:171)
	at com.ericsson.iptv.portal.common.imagescaler.ImageScalerBean.getScaledImage(ImageScalerBean.java:146)
	at sun.reflect.GeneratedMethodAccessor510.invoke(Unknown Source)
	at sun.reflect.DelegatingMethodAccessorImpl.invoke(DelegatingMethodAccessorImpl.java:43)
	at java.lang.reflect.Method.invoke(Method.java:498)
	at org.springframework.aop.support.AopUtils.invokeJoinpointUsingReflection(AopUtils.java:317)
	at org.springframework.aop.framework.ReflectiveMethodInvocation.invokeJoinpoint(ReflectiveMethodInvocation.java:183)
	at org.springframework.aop.framework.ReflectiveMethodInvocation.proceed(ReflectiveMethodInvocation.java:150)
	at org.springframework.transaction.interceptor.TransactionInterceptor$1.proceedWithInvocation(TransactionInterceptor.java:96)
	at org.springframework.transaction.interceptor.TransactionAspectSupport.invokeWithinTransaction(TransactionAspectSupport.java:260)
	at org.springframework.transaction.interceptor.TransactionInterceptor.invoke(TransactionInterceptor.java:94)
	at org.springframework.aop.framework.ReflectiveMethodInvocation.proceed(ReflectiveMethodInvocation.java:172)
	at org.springframework.aop.framework.JdkDynamicAopProxy.invoke(JdkDynamicAopProxy.java:204)
	at com.sun.proxy.$Proxy111.getScaledImage(Unknown Source)
	at sun.reflect.GeneratedMethodAccessor509.invoke(Unknown Source)
	at sun.reflect.DelegatingMethodAccessorImpl.invoke(DelegatingMethodAccessorImpl.java:43)
	at java.lang.reflect.Method.invoke(Method.java:498)
	at org.springframework.web.method.support.InvocableHandlerMethod.invoke(InvocableHandlerMethod.java:215)
	at org.springframework.web.method.support.InvocableHandlerMethod.invokeForRequest(InvocableHandlerMethod.java:132)
	at org.springframework.web.servlet.mvc.method.annotation.ServletInvocableHandlerMethod.invokeAndHandle(ServletInvocableHandlerMethod.java:104)
	at org.springframework.web.servlet.mvc.method.annotation.RequestMappingHandlerAdapter.invokeHandleMethod(RequestMappingHandlerAdapter.java:743)
	at org.springframework.web.servlet.mvc.method.annotation.RequestMappingHandlerAdapter.handleInternal(RequestMappingHandlerAdapter.java:672)
	at org.springframework.web.servlet.mvc.method.AbstractHandlerMethodAdapter.handle(AbstractHandlerMethodAdapter.java:82)
	at org.springframework.web.servlet.DispatcherServlet.doDispatch(DispatcherServlet.java:919)
	at org.springframework.web.servlet.DispatcherServlet.doService(DispatcherServlet.java:851)
	at org.springframework.web.servlet.FrameworkServlet.processRequest(FrameworkServlet.java:953)
	at org.springframework.web.servlet.FrameworkServlet.doGet(FrameworkServlet.java:844)
	at javax.servlet.http.HttpServlet.service(HttpServlet.java:624)
	at org.springframework.web.servlet.FrameworkServlet.service(FrameworkServlet.java:829)
	at javax.servlet.http.HttpServlet.service(HttpServlet.java:731)
	at org.apache.catalina.core.ApplicationFilterChain.internalDoFilter(ApplicationFilterChain.java:303)
	at org.apache.catalina.core.ApplicationFilterChain.doFilter(ApplicationFilterChain.java:208)
	at org.apache.tomcat.websocket.server.WsFilter.doFilter(WsFilter.java:52)
	at org.apache.catalina.core.ApplicationFilterChain.internalDoFilter(ApplicationFilterChain.java:241)
	at org.apache.catalina.core.ApplicationFilterChain.doFilter(ApplicationFilterChain.java:208)
	at com.ericsson.iptv.portal.fw.servlet.PortalServletFilter$FilterChainImpl.doFilter(PortalServletFilter.java:78)
	at com.ericsson.iptv.portal.fw.servlet.mbean.ServletFilterManager$FilterChainImpl.doFilter(ServletFilterManager.java:68)
	at com.ericsson.iptv.portal.fw.cors.AbstractCorsRequestFilter.doFilter(AbstractCorsRequestFilter.java:130)
	at com.ericsson.iptv.portal.mock.cors.CorsRequestFilter.doFilter(CorsRequestFilter.java:57)
	at sun.reflect.GeneratedMethodAccessor280.invoke(Unknown Source)
	at sun.reflect.DelegatingMethodAccessorImpl.invoke(DelegatingMethodAccessorImpl.java:43)
	at java.lang.reflect.Method.invoke(Method.java:498)
	at org.springframework.aop.support.AopUtils.invokeJoinpointUsingReflection(AopUtils.java:317)
	at org.springframework.aop.framework.ReflectiveMethodInvocation.invokeJoinpoint(ReflectiveMethodInvocation.java:183)
	at org.springframework.aop.framework.ReflectiveMethodInvocation.proceed(ReflectiveMethodInvocation.java:150)
	at org.springframework.aop.aspectj.MethodInvocationProceedingJoinPoint.proceed(MethodInvocationProceedingJoinPoint.java:80)
	at com.ericsson.iptv.portal.common.backend.mock.MockMBeanInterceptor.performAction(MockMBeanInterceptor.java:55)
	at sun.reflect.GeneratedMethodAccessor258.invoke(Unknown Source)
	at sun.reflect.DelegatingMethodAccessorImpl.invoke(DelegatingMethodAccessorImpl.java:43)
	at java.lang.reflect.Method.invoke(Method.java:498)
	at org.springframework.aop.aspectj.AbstractAspectJAdvice.invokeAdviceMethodWithGivenArgs(AbstractAspectJAdvice.java:621)
	at org.springframework.aop.aspectj.AbstractAspectJAdvice.invokeAdviceMethod(AbstractAspectJAdvice.java:610)
	at org.springframework.aop.aspectj.AspectJAroundAdvice.invoke(AspectJAroundAdvice.java:65)
	at org.springframework.aop.framework.ReflectiveMethodInvocation.proceed(ReflectiveMethodInvocation.java:161)
	at org.springframework.aop.interceptor.ExposeInvocationInterceptor.invoke(ExposeInvocationInterceptor.java:91)
	at org.springframework.aop.framework.ReflectiveMethodInvocation.proceed(ReflectiveMethodInvocation.java:172)
	at org.springframework.aop.framework.JdkDynamicAopProxy.invoke(JdkDynamicAopProxy.java:204)
	at com.sun.proxy.$Proxy59.doFilter(Unknown Source)
	at com.ericsson.iptv.portal.fw.servlet.mbean.ServletFilterManager$FilterChainImpl.doFilter(ServletFilterManager.java:66)
	at com.ericsson.iptv.portal.fw.servlet.mbean.ServletFilterManager.internalFilter(ServletFilterManager.java:80)
	at com.ericsson.iptv.portal.fw.servlet.mbean.ServletFilterManager.internalPerformAction(ServletFilterManager.java:89)
	at com.ericsson.iptv.portal.fw.mbean.MBeanManagerBase.performAction(MBeanManagerBase.java:536)
	at com.ericsson.iptv.portal.fw.mbean.MBeanManagerBase$1.compareTo(MBeanManagerBase.java:549)
	at com.ericsson.iptv.portal.fw.mbean.MBeanManagerBase$1.compareTo(MBeanManagerBase.java:546)
	at com.ericsson.iptv.portal.fw.mbean.MBeanManagerBase$Manager.invoke(MBeanManagerBase.java:318)
	at com.ericsson.iptv.portal.fw.servlet.PortalServletFilter$FilterChainImpl.doFilter(PortalServletFilter.java:76)
	at com.ericsson.iptv.portal.fw.servlet.mbean.ServletFilterManager$FilterChainImpl.doFilter(ServletFilterManager.java:68)
	at com.ericsson.iptv.portal.fw.backend.gzip.GZIPServletFilter.doFilter(GZIPServletFilter.java:88)
	at com.ericsson.iptv.portal.fw.servlet.mbean.ServletFilterManager$FilterChainImpl.doFilter(ServletFilterManager.java:66)
	at com.ericsson.iptv.portal.fw.backend.startup.DisableDirectoryListings.doFilter(DisableDirectoryListings.java:114)
	at com.ericsson.iptv.portal.fw.servlet.mbean.ServletFilterManager$FilterChainImpl.doFilter(ServletFilterManager.java:66)
	at com.ericsson.iptv.portal.fw.backend.cache.StaticDataCacheControl.doFilter(StaticDataCacheControl.java:83)
	at com.ericsson.iptv.portal.fw.servlet.mbean.ServletFilterManager$FilterChainImpl.doFilter(ServletFilterManager.java:66)
	at com.ericsson.iptv.portal.fw.servlet.mbean.ServletFilterManager.internalFilter(ServletFilterManager.java:80)
	at com.ericsson.iptv.portal.fw.servlet.mbean.ServletFilterManager.internalPerformAction(ServletFilterManager.java:89)
	at com.ericsson.iptv.portal.fw.mbean.MBeanManagerBase.performAction(MBeanManagerBase.java:536)
	at com.ericsson.iptv.portal.fw.mbean.MBeanManagerBase$1.compareTo(MBeanManagerBase.java:549)
	at com.ericsson.iptv.portal.fw.mbean.MBeanManagerBase$1.compareTo(MBeanManagerBase.java:546)
	at com.ericsson.iptv.portal.fw.mbean.MBeanManagerBase$Manager.invoke(MBeanManagerBase.java:318)
	at com.ericsson.iptv.portal.fw.servlet.PortalServletFilter$FilterChainImpl.doFilter(PortalServletFilter.java:76)
	at com.ericsson.iptv.portal.fw.servlet.PortalServletFilter.doFilter(PortalServletFilter.java:93)
	at org.apache.catalina.core.ApplicationFilterChain.internalDoFilter(ApplicationFilterChain.java:241)
	at org.apache.catalina.core.ApplicationFilterChain.doFilter(ApplicationFilterChain.java:208)
	at org.apache.catalina.core.ApplicationDispatcher.invoke(ApplicationDispatcher.java:743)
	at org.apache.catalina.core.ApplicationDispatcher.processRequest(ApplicationDispatcher.java:485)
	at org.apache.catalina.core.ApplicationDispatcher.doForward(ApplicationDispatcher.java:410)
	at org.apache.catalina.core.ApplicationDispatcher.forward(ApplicationDispatcher.java:337)
	at com.ericsson.iptv.portal.fw.artifact.ArtifactBase.internalForwardRequest(ArtifactBase.java:325)
	at com.ericsson.iptv.portal.fw.artifact.ArtifactBase.internalPerformAction(ArtifactBase.java:351)
	at com.ericsson.iptv.portal.fw.mbean.MBeanManagerBase.performAction(MBeanManagerBase.java:536)
	at com.ericsson.iptv.portal.fw.mbean.MBeanManagerBase$1.compareTo(MBeanManagerBase.java:549)
	at com.ericsson.iptv.portal.fw.mbean.MBeanManagerBase$1.compareTo(MBeanManagerBase.java:546)
	at com.ericsson.iptv.portal.fw.mbean.MBeanManagerBase$Manager.invoke(MBeanManagerBase.java:318)
	at com.ericsson.iptv.portal.fw.mbean.MBeanManagerBase$4.invokeOn(MBeanManagerBase.java:621)
	at com.ericsson.iptv.portal.fw.mbean.MBeanManagerBase.invokeOnSingleManager(MBeanManagerBase.java:516)
	at com.ericsson.iptv.portal.fw.mbean.MBeanManagerBase.broadcast(MBeanManagerBase.java:618)
	at com.ericsson.iptv.portal.fw.artifact.ArtifactBase.forwardRequest(ArtifactBase.java:424)
	at com.ericsson.iptv.portal.proxy.ProxyServlet.service(ProxyServlet.java:130)
	at javax.servlet.http.HttpServlet.service(HttpServlet.java:731)
	at org.apache.catalina.core.ApplicationFilterChain.internalDoFilter(ApplicationFilterChain.java:303)
	at org.apache.catalina.core.ApplicationFilterChain.doFilter(ApplicationFilterChain.java:208)
	at org.apache.tomcat.websocket.server.WsFilter.doFilter(WsFilter.java:52)
	at org.apache.catalina.core.ApplicationFilterChain.internalDoFilter(ApplicationFilterChain.java:241)
	at org.apache.catalina.core.ApplicationFilterChain.doFilter(ApplicationFilterChain.java:208)
	at org.apache.catalina.core.StandardWrapperValve.invoke(StandardWrapperValve.java:219)
	at org.apache.catalina.core.StandardContextValve.invoke(StandardContextValve.java:110)
	at org.apache.catalina.authenticator.AuthenticatorBase.invoke(AuthenticatorBase.java:506)
	at org.apache.catalina.core.StandardHostValve.invoke(StandardHostValve.java:169)
	at org.apache.catalina.valves.ErrorReportValve.invoke(ErrorReportValve.java:103)
	at org.apache.catalina.valves.AccessLogValve.invoke(AccessLogValve.java:962)
	at org.apache.catalina.core.StandardEngineValve.invoke(StandardEngineValve.java:116)
	at org.apache.catalina.connector.CoyoteAdapter.service(CoyoteAdapter.java:445)
	at org.apache.coyote.http11.AbstractHttp11Processor.process(AbstractHttp11Processor.java:1115)
	at org.apache.coyote.AbstractProtocol$AbstractConnectionHandler.process(AbstractProtocol.java:637)
	at org.apache.tomcat.util.net.JIoEndpoint$SocketProcessor.run(JIoEndpoint.java:318)
	at java.util.concurrent.ThreadPoolExecutor.runWorker(ThreadPoolExecutor.java:1149)
	at java.util.concurrent.ThreadPoolExecutor$Worker.run(ThreadPoolExecutor.java:624)
	at org.apache.tomcat.util.threads.TaskThread$WrappingRunnable.run(TaskThread.java:61)
	at java.lang.Thread.run(Thread.java:748)
Caused by: java.io.FileNotFoundException: http://localhost:8186/portal-coreapps-backend-mock-war-17.0.22/images/ProgramPoster.jpg
	at sun.net.www.protocol.http.HttpURLConnection.getInputStream0(HttpURLConnection.java:1890)
	at sun.net.www.protocol.http.HttpURLConnection.getInputStream(HttpURLConnection.java:1492)
	at sun.net.www.protocol.http.HttpURLConnection.getHeaderField(HttpURLConnection.java:3000)
	at java.net.URLConnection.getContentType(URLConnection.java:512)
	at com.ericsson.iptv.portal.common.imagescaler.ImageScalerBean.scaledImage(ImageScalerBean.java:168)
	... 118 more

Mar 05, 2018 7:05:24 PM com.ericsson.iptv.portal.common.imagescaler.ImageScalerBean scaledImage
SEVERE: Error reading image: http://localhost:8186/portal-coreapps-backend-mock-war-17.0.22/images/ProgramPoster.jpg: http://localhost:8186/portal-coreapps-backend-mock-war-17.0.22/images/ProgramPoster.jpg
Mar 05, 2018 7:05:24 PM com.ericsson.iptv.portal.fw.spring.ExceptionView renderMergedOutputModel
WARNING: Exception: com.ericsson.iptv.portal.fw.exceptions.CommonFault.INTERNAL_FAULT caught in /portal-imageprocessor-war-17.0.22/static/imageScaler.ajax [http://localhost:8186/portal-root-war/index_mock.html] 
java.io.FileNotFoundException: http://localhost:8186/portal-coreapps-backend-mock-war-17.0.22/images/ProgramPoster.jpg
	at sun.reflect.NativeConstructorAccessorImpl.newInstance0(Native Method)
	at sun.reflect.NativeConstructorAccessorImpl.newInstance(NativeConstructorAccessorImpl.java:62)
	at sun.reflect.DelegatingConstructorAccessorImpl.newInstance(DelegatingConstructorAccessorImpl.java:45)
	at java.lang.reflect.Constructor.newInstance(Constructor.java:423)
	at sun.net.www.protocol.http.HttpURLConnection$10.run(HttpURLConnection.java:1944)
	at sun.net.www.protocol.http.HttpURLConnection$10.run(HttpURLConnection.java:1939)
	at java.security.AccessController.doPrivileged(Native Method)
	at sun.net.www.protocol.http.HttpURLConnection.getChainedException(HttpURLConnection.java:1938)
	at sun.net.www.protocol.http.HttpURLConnection.getInputStream0(HttpURLConnection.java:1508)
	at sun.net.www.protocol.http.HttpURLConnection.getInputStream(HttpURLConnection.java:1492)
	at com.ericsson.iptv.portal.common.imagescaler.ImageScalerBean.scaledImage(ImageScalerBean.java:171)
	at com.ericsson.iptv.portal.common.imagescaler.ImageScalerBean.getScaledImage(ImageScalerBean.java:146)
	at sun.reflect.GeneratedMethodAccessor510.invoke(Unknown Source)
	at sun.reflect.DelegatingMethodAccessorImpl.invoke(DelegatingMethodAccessorImpl.java:43)
	at java.lang.reflect.Method.invoke(Method.java:498)
	at org.springframework.aop.support.AopUtils.invokeJoinpointUsingReflection(AopUtils.java:317)
	at org.springframework.aop.framework.ReflectiveMethodInvocation.invokeJoinpoint(ReflectiveMethodInvocation.java:183)
	at org.springframework.aop.framework.ReflectiveMethodInvocation.proceed(ReflectiveMethodInvocation.java:150)
	at org.springframework.transaction.interceptor.TransactionInterceptor$1.proceedWithInvocation(TransactionInterceptor.java:96)
	at org.springframework.transaction.interceptor.TransactionAspectSupport.invokeWithinTransaction(TransactionAspectSupport.java:260)
	at org.springframework.transaction.interceptor.TransactionInterceptor.invoke(TransactionInterceptor.java:94)
	at org.springframework.aop.framework.ReflectiveMethodInvocation.proceed(ReflectiveMethodInvocation.java:172)
	at org.springframework.aop.framework.JdkDynamicAopProxy.invoke(JdkDynamicAopProxy.java:204)
	at com.sun.proxy.$Proxy111.getScaledImage(Unknown Source)
	at sun.reflect.GeneratedMethodAccessor509.invoke(Unknown Source)
	at sun.reflect.DelegatingMethodAccessorImpl.invoke(DelegatingMethodAccessorImpl.java:43)
	at java.lang.reflect.Method.invoke(Method.java:498)
	at org.springframework.web.method.support.InvocableHandlerMethod.invoke(InvocableHandlerMethod.java:215)
	at org.springframework.web.method.support.InvocableHandlerMethod.invokeForRequest(InvocableHandlerMethod.java:132)
	at org.springframework.web.servlet.mvc.method.annotation.ServletInvocableHandlerMethod.invokeAndHandle(ServletInvocableHandlerMethod.java:104)
	at org.springframework.web.servlet.mvc.method.annotation.RequestMappingHandlerAdapter.invokeHandleMethod(RequestMappingHandlerAdapter.java:743)
	at org.springframework.web.servlet.mvc.method.annotation.RequestMappingHandlerAdapter.handleInternal(RequestMappingHandlerAdapter.java:672)
	at org.springframework.web.servlet.mvc.method.AbstractHandlerMethodAdapter.handle(AbstractHandlerMethodAdapter.java:82)
	at org.springframework.web.servlet.DispatcherServlet.doDispatch(DispatcherServlet.java:919)
	at org.springframework.web.servlet.DispatcherServlet.doService(DispatcherServlet.java:851)
	at org.springframework.web.servlet.FrameworkServlet.processRequest(FrameworkServlet.java:953)
	at org.springframework.web.servlet.FrameworkServlet.doGet(FrameworkServlet.java:844)
	at javax.servlet.http.HttpServlet.service(HttpServlet.java:624)
	at org.springframework.web.servlet.FrameworkServlet.service(FrameworkServlet.java:829)
	at javax.servlet.http.HttpServlet.service(HttpServlet.java:731)
	at org.apache.catalina.core.ApplicationFilterChain.internalDoFilter(ApplicationFilterChain.java:303)
	at org.apache.catalina.core.ApplicationFilterChain.doFilter(ApplicationFilterChain.java:208)
	at org.apache.tomcat.websocket.server.WsFilter.doFilter(WsFilter.java:52)
	at org.apache.catalina.core.ApplicationFilterChain.internalDoFilter(ApplicationFilterChain.java:241)
	at org.apache.catalina.core.ApplicationFilterChain.doFilter(ApplicationFilterChain.java:208)
	at com.ericsson.iptv.portal.fw.servlet.PortalServletFilter$FilterChainImpl.doFilter(PortalServletFilter.java:78)
	at com.ericsson.iptv.portal.fw.servlet.mbean.ServletFilterManager$FilterChainImpl.doFilter(ServletFilterManager.java:68)
	at com.ericsson.iptv.portal.fw.cors.AbstractCorsRequestFilter.doFilter(AbstractCorsRequestFilter.java:130)
	at com.ericsson.iptv.portal.mock.cors.CorsRequestFilter.doFilter(CorsRequestFilter.java:57)
	at sun.reflect.GeneratedMethodAccessor280.invoke(Unknown Source)
	at sun.reflect.DelegatingMethodAccessorImpl.invoke(DelegatingMethodAccessorImpl.java:43)
	at java.lang.reflect.Method.invoke(Method.java:498)
	at org.springframework.aop.support.AopUtils.invokeJoinpointUsingReflection(AopUtils.java:317)
	at org.springframework.aop.framework.ReflectiveMethodInvocation.invokeJoinpoint(ReflectiveMethodInvocation.java:183)
	at org.springframework.aop.framework.ReflectiveMethodInvocation.proceed(ReflectiveMethodInvocation.java:150)
	at org.springframework.aop.aspectj.MethodInvocationProceedingJoinPoint.proceed(MethodInvocationProceedingJoinPoint.java:80)
	at com.ericsson.iptv.portal.common.backend.mock.MockMBeanInterceptor.performAction(MockMBeanInterceptor.java:55)
	at sun.reflect.GeneratedMethodAccessor258.invoke(Unknown Source)
	at sun.reflect.DelegatingMethodAccessorImpl.invoke(DelegatingMethodAccessorImpl.java:43)
	at java.lang.reflect.Method.invoke(Method.java:498)
	at org.springframework.aop.aspectj.AbstractAspectJAdvice.invokeAdviceMethodWithGivenArgs(AbstractAspectJAdvice.java:621)
	at org.springframework.aop.aspectj.AbstractAspectJAdvice.invokeAdviceMethod(AbstractAspectJAdvice.java:610)
	at org.springframework.aop.aspectj.AspectJAroundAdvice.invoke(AspectJAroundAdvice.java:65)
	at org.springframework.aop.framework.ReflectiveMethodInvocation.proceed(ReflectiveMethodInvocation.java:161)
	at org.springframework.aop.interceptor.ExposeInvocationInterceptor.invoke(ExposeInvocationInterceptor.java:91)
	at org.springframework.aop.framework.ReflectiveMethodInvocation.proceed(ReflectiveMethodInvocation.java:172)
	at org.springframework.aop.framework.JdkDynamicAopProxy.invoke(JdkDynamicAopProxy.java:204)
	at com.sun.proxy.$Proxy59.doFilter(Unknown Source)
	at com.ericsson.iptv.portal.fw.servlet.mbean.ServletFilterManager$FilterChainImpl.doFilter(ServletFilterManager.java:66)
	at com.ericsson.iptv.portal.fw.servlet.mbean.ServletFilterManager.internalFilter(ServletFilterManager.java:80)
	at com.ericsson.iptv.portal.fw.servlet.mbean.ServletFilterManager.internalPerformAction(ServletFilterManager.java:89)
	at com.ericsson.iptv.portal.fw.mbean.MBeanManagerBase.performAction(MBeanManagerBase.java:536)
	at com.ericsson.iptv.portal.fw.mbean.MBeanManagerBase$1.compareTo(MBeanManagerBase.java:549)
	at com.ericsson.iptv.portal.fw.mbean.MBeanManagerBase$1.compareTo(MBeanManagerBase.java:546)
	at com.ericsson.iptv.portal.fw.mbean.MBeanManagerBase$Manager.invoke(MBeanManagerBase.java:318)
	at com.ericsson.iptv.portal.fw.servlet.PortalServletFilter$FilterChainImpl.doFilter(PortalServletFilter.java:76)
	at com.ericsson.iptv.portal.fw.servlet.mbean.ServletFilterManager$FilterChainImpl.doFilter(ServletFilterManager.java:68)
	at com.ericsson.iptv.portal.fw.backend.gzip.GZIPServletFilter.doFilter(GZIPServletFilter.java:88)
	at com.ericsson.iptv.portal.fw.servlet.mbean.ServletFilterManager$FilterChainImpl.doFilter(ServletFilterManager.java:66)
	at com.ericsson.iptv.portal.fw.backend.startup.DisableDirectoryListings.doFilter(DisableDirectoryListings.java:114)
	at com.ericsson.iptv.portal.fw.servlet.mbean.ServletFilterManager$FilterChainImpl.doFilter(ServletFilterManager.java:66)
	at com.ericsson.iptv.portal.fw.backend.cache.StaticDataCacheControl.doFilter(StaticDataCacheControl.java:83)
	at com.ericsson.iptv.portal.fw.servlet.mbean.ServletFilterManager$FilterChainImpl.doFilter(ServletFilterManager.java:66)
	at com.ericsson.iptv.portal.fw.servlet.mbean.ServletFilterManager.internalFilter(ServletFilterManager.java:80)
	at com.ericsson.iptv.portal.fw.servlet.mbean.ServletFilterManager.internalPerformAction(ServletFilterManager.java:89)
	at com.ericsson.iptv.portal.fw.mbean.MBeanManagerBase.performAction(MBeanManagerBase.java:536)
	at com.ericsson.iptv.portal.fw.mbean.MBeanManagerBase$1.compareTo(MBeanManagerBase.java:549)
	at com.ericsson.iptv.portal.fw.mbean.MBeanManagerBase$1.compareTo(MBeanManagerBase.java:546)
	at com.ericsson.iptv.portal.fw.mbean.MBeanManagerBase$Manager.invoke(MBeanManagerBase.java:318)
	at com.ericsson.iptv.portal.fw.servlet.PortalServletFilter$FilterChainImpl.doFilter(PortalServletFilter.java:76)
	at com.ericsson.iptv.portal.fw.servlet.PortalServletFilter.doFilter(PortalServletFilter.java:93)
	at org.apache.catalina.core.ApplicationFilterChain.internalDoFilter(ApplicationFilterChain.java:241)
	at org.apache.catalina.core.ApplicationFilterChain.doFilter(ApplicationFilterChain.java:208)
	at org.apache.catalina.core.ApplicationDispatcher.invoke(ApplicationDispatcher.java:743)
	at org.apache.catalina.core.ApplicationDispatcher.processRequest(ApplicationDispatcher.java:485)
	at org.apache.catalina.core.ApplicationDispatcher.doForward(ApplicationDispatcher.java:410)
	at org.apache.catalina.core.ApplicationDispatcher.forward(ApplicationDispatcher.java:337)
	at com.ericsson.iptv.portal.fw.artifact.ArtifactBase.internalForwardRequest(ArtifactBase.java:325)
	at com.ericsson.iptv.portal.fw.artifact.ArtifactBase.internalPerformAction(ArtifactBase.java:351)
	at com.ericsson.iptv.portal.fw.mbean.MBeanManagerBase.performAction(MBeanManagerBase.java:536)
	at com.ericsson.iptv.portal.fw.mbean.MBeanManagerBase$1.compareTo(MBeanManagerBase.java:549)
	at com.ericsson.iptv.portal.fw.mbean.MBeanManagerBase$1.compareTo(MBeanManagerBase.java:546)
	at com.ericsson.iptv.portal.fw.mbean.MBeanManagerBase$Manager.invoke(MBeanManagerBase.java:318)
	at com.ericsson.iptv.portal.fw.mbean.MBeanManagerBase$4.invokeOn(MBeanManagerBase.java:621)
	at com.ericsson.iptv.portal.fw.mbean.MBeanManagerBase.invokeOnSingleManager(MBeanManagerBase.java:516)
	at com.ericsson.iptv.portal.fw.mbean.MBeanManagerBase.broadcast(MBeanManagerBase.java:618)
	at com.ericsson.iptv.portal.fw.artifact.ArtifactBase.forwardRequest(ArtifactBase.java:424)
	at com.ericsson.iptv.portal.proxy.ProxyServlet.service(ProxyServlet.java:130)
	at javax.servlet.http.HttpServlet.service(HttpServlet.java:731)
	at org.apache.catalina.core.ApplicationFilterChain.internalDoFilter(ApplicationFilterChain.java:303)
	at org.apache.catalina.core.ApplicationFilterChain.doFilter(ApplicationFilterChain.java:208)
	at org.apache.tomcat.websocket.server.WsFilter.doFilter(WsFilter.java:52)
	at org.apache.catalina.core.ApplicationFilterChain.internalDoFilter(ApplicationFilterChain.java:241)
	at org.apache.catalina.core.ApplicationFilterChain.doFilter(ApplicationFilterChain.java:208)
	at org.apache.catalina.core.StandardWrapperValve.invoke(StandardWrapperValve.java:219)
	at org.apache.catalina.core.StandardContextValve.invoke(StandardContextValve.java:110)
	at org.apache.catalina.authenticator.AuthenticatorBase.invoke(AuthenticatorBase.java:506)
	at org.apache.catalina.core.StandardHostValve.invoke(StandardHostValve.java:169)
	at org.apache.catalina.valves.ErrorReportValve.invoke(ErrorReportValve.java:103)
	at org.apache.catalina.valves.AccessLogValve.invoke(AccessLogValve.java:962)
	at org.apache.catalina.core.StandardEngineValve.invoke(StandardEngineValve.java:116)
	at org.apache.catalina.connector.CoyoteAdapter.service(CoyoteAdapter.java:445)
	at org.apache.coyote.http11.AbstractHttp11Processor.process(AbstractHttp11Processor.java:1115)
	at org.apache.coyote.AbstractProtocol$AbstractConnectionHandler.process(AbstractProtocol.java:637)
	at org.apache.tomcat.util.net.JIoEndpoint$SocketProcessor.run(JIoEndpoint.java:318)
	at java.util.concurrent.ThreadPoolExecutor.runWorker(ThreadPoolExecutor.java:1149)
	at java.util.concurrent.ThreadPoolExecutor$Worker.run(ThreadPoolExecutor.java:624)
	at org.apache.tomcat.util.threads.TaskThread$WrappingRunnable.run(TaskThread.java:61)
	at java.lang.Thread.run(Thread.java:748)
Caused by: java.io.FileNotFoundException: http://localhost:8186/portal-coreapps-backend-mock-war-17.0.22/images/ProgramPoster.jpg
	at sun.net.www.protocol.http.HttpURLConnection.getInputStream0(HttpURLConnection.java:1890)
	at sun.net.www.protocol.http.HttpURLConnection.getInputStream(HttpURLConnection.java:1492)
	at sun.net.www.protocol.http.HttpURLConnection.getHeaderField(HttpURLConnection.java:3000)
	at java.net.URLConnection.getContentType(URLConnection.java:512)
	at com.ericsson.iptv.portal.common.imagescaler.ImageScalerBean.scaledImage(ImageScalerBean.java:168)
	... 118 more

Mar 05, 2018 8:11:22 PM com.ericsson.iptv.portal.fw.backend.log.controller.FwLogController log
SEVERE: [11 2018-03-05 20:11:21.607][subscriber1000] [http://localhost:8186/portal-root-war/index_mock.html] com.ericsson.iptv.portal.coreapps.common.data.mock.LongPollSsp: Notification HTTP long poll response failed
