Nov 20, 2017 10:34:18 AM org.apache.catalina.core.ApplicationContext log
INFO: Destroying Spring FrameworkServlet 'stbportal'
Nov 20, 2017 10:34:25 AM org.apache.catalina.core.ApplicationContext log
INFO: Destroying Spring FrameworkServlet 'stbportal'
Nov 20, 2017 10:34:30 AM org.apache.catalina.core.ApplicationContext log
INFO: Destroying Spring FrameworkServlet 'stbportal'
Nov 20, 2017 10:34:32 AM org.apache.catalina.core.ApplicationContext log
INFO: Destroying Spring FrameworkServlet 'stbportal'
Nov 20, 2017 10:34:35 AM org.apache.catalina.core.ApplicationContext log
INFO: Destroying Spring FrameworkServlet 'portal'
Nov 20, 2017 10:34:39 AM org.apache.catalina.core.ApplicationContext log
INFO: Destroying Spring FrameworkServlet 'stbportal'
Nov 20, 2017 10:34:43 AM org.apache.catalina.core.ApplicationContext log
INFO: Destroying Spring FrameworkServlet 'dispatcherServlet'
Nov 20, 2017 10:34:45 AM org.apache.catalina.core.ApplicationContext log
INFO: Destroying Spring FrameworkServlet 'dispatcherServlet'
Nov 20, 2017 10:34:48 AM org.apache.catalina.core.ApplicationContext log
INFO: Destroying Spring FrameworkServlet 'stbportal'
Nov 20, 2017 10:34:51 AM org.apache.catalina.core.ApplicationContext log
INFO: Destroying Spring FrameworkServlet 'scfmock'
Nov 20, 2017 12:26:27 PM org.apache.catalina.core.ApplicationContext log
INFO: No Spring WebApplicationInitializer types detected on classpath
Nov 20, 2017 12:26:27 PM org.apache.catalina.core.ApplicationContext log
INFO: Initializing Spring FrameworkServlet 'dispatcherServlet'
Nov 20, 2017 12:26:31 PM org.apache.catalina.core.ApplicationContext log
INFO: No Spring WebApplicationInitializer types detected on classpath
Nov 20, 2017 12:26:32 PM org.apache.catalina.core.ApplicationContext log
INFO: Initializing Spring FrameworkServlet 'dispatcherServlet'
Nov 20, 2017 12:26:38 PM org.apache.catalina.core.ApplicationContext log
INFO: No Spring WebApplicationInitializer types detected on classpath
Nov 20, 2017 12:26:38 PM org.apache.catalina.core.ApplicationContext log
INFO: Initializing Spring FrameworkServlet 'stbportal'
Nov 20, 2017 12:26:46 PM org.apache.catalina.core.ApplicationContext log
INFO: No Spring WebApplicationInitializer types detected on classpath
Nov 20, 2017 12:26:46 PM org.apache.catalina.core.ApplicationContext log
INFO: Initializing Spring FrameworkServlet 'stbportal'
Nov 20, 2017 12:26:51 PM org.apache.catalina.core.ApplicationContext log
INFO: No Spring WebApplicationInitializer types detected on classpath
Nov 20, 2017 12:26:51 PM org.apache.catalina.core.ApplicationContext log
INFO: Initializing Spring FrameworkServlet 'stbportal'
Nov 20, 2017 12:26:54 PM org.apache.catalina.core.ApplicationContext log
INFO: No Spring WebApplicationInitializer types detected on classpath
Nov 20, 2017 12:26:54 PM org.apache.catalina.core.ApplicationContext log
INFO: Initializing Spring FrameworkServlet 'stbportal'
Nov 20, 2017 12:26:57 PM org.apache.catalina.core.ApplicationContext log
INFO: No Spring WebApplicationInitializer types detected on classpath
Nov 20, 2017 12:26:58 PM org.apache.catalina.core.ApplicationContext log
INFO: Initializing Spring FrameworkServlet 'stbportal'
Nov 20, 2017 12:27:01 PM org.apache.catalina.core.ApplicationContext log
INFO: No Spring WebApplicationInitializer types detected on classpath
Nov 20, 2017 12:27:01 PM org.apache.catalina.core.ApplicationContext log
INFO: Initializing Spring FrameworkServlet 'portal'
Nov 20, 2017 12:27:04 PM org.apache.catalina.core.ApplicationContext log
INFO: No Spring WebApplicationInitializer types detected on classpath
Nov 20, 2017 12:27:04 PM org.apache.catalina.core.ApplicationContext log
INFO: Initializing Spring FrameworkServlet 'stbportal'
Nov 20, 2017 12:27:08 PM org.apache.catalina.core.ApplicationContext log
INFO: No Spring WebApplicationInitializer types detected on classpath
Nov 20, 2017 12:27:09 PM org.apache.catalina.core.ApplicationContext log
INFO: Initializing Spring FrameworkServlet 'scfmock'
