Jan 21, 2018 8:33:50 AM org.apache.catalina.core.ApplicationContext log
INFO: No Spring WebApplicationInitializer types detected on classpath
Jan 21, 2018 8:33:50 AM org.apache.catalina.core.ApplicationContext log
INFO: Initializing Spring FrameworkServlet 'dispatcherServlet'
Jan 21, 2018 8:33:53 AM org.apache.catalina.core.ApplicationContext log
INFO: No Spring WebApplicationInitializer types detected on classpath
Jan 21, 2018 8:33:54 AM org.apache.catalina.core.ApplicationContext log
INFO: Initializing Spring FrameworkServlet 'dispatcherServlet'
Jan 21, 2018 8:34:01 AM org.apache.catalina.core.ApplicationContext log
INFO: No Spring WebApplicationInitializer types detected on classpath
Jan 21, 2018 8:34:01 AM org.apache.catalina.core.ApplicationContext log
INFO: Initializing Spring FrameworkServlet 'stbportal'
Jan 21, 2018 8:34:08 AM org.apache.catalina.core.ApplicationContext log
INFO: No Spring WebApplicationInitializer types detected on classpath
Jan 21, 2018 8:34:08 AM org.apache.catalina.core.ApplicationContext log
INFO: Initializing Spring FrameworkServlet 'stbportal'
Jan 21, 2018 8:34:11 AM org.apache.catalina.core.ApplicationContext log
INFO: No Spring WebApplicationInitializer types detected on classpath
Jan 21, 2018 8:34:11 AM org.apache.catalina.core.ApplicationContext log
INFO: Initializing Spring FrameworkServlet 'stbportal'
Jan 21, 2018 8:34:14 AM org.apache.catalina.core.ApplicationContext log
INFO: No Spring WebApplicationInitializer types detected on classpath
Jan 21, 2018 8:34:14 AM org.apache.catalina.core.ApplicationContext log
INFO: Initializing Spring FrameworkServlet 'stbportal'
Jan 21, 2018 8:34:17 AM org.apache.catalina.core.ApplicationContext log
INFO: No Spring WebApplicationInitializer types detected on classpath
Jan 21, 2018 8:34:17 AM org.apache.catalina.core.ApplicationContext log
INFO: Initializing Spring FrameworkServlet 'stbportal'
Jan 21, 2018 8:34:19 AM org.apache.catalina.core.ApplicationContext log
INFO: No Spring WebApplicationInitializer types detected on classpath
Jan 21, 2018 8:34:19 AM org.apache.catalina.core.ApplicationContext log
INFO: Initializing Spring FrameworkServlet 'portal'
Jan 21, 2018 8:34:22 AM org.apache.catalina.core.ApplicationContext log
INFO: No Spring WebApplicationInitializer types detected on classpath
Jan 21, 2018 8:34:22 AM org.apache.catalina.core.ApplicationContext log
INFO: Initializing Spring FrameworkServlet 'stbportal'
Jan 21, 2018 8:34:25 AM org.apache.catalina.core.ApplicationContext log
INFO: No Spring WebApplicationInitializer types detected on classpath
Jan 21, 2018 8:34:25 AM org.apache.catalina.core.ApplicationContext log
INFO: Initializing Spring FrameworkServlet 'scfmock'
Jan 21, 2018 9:58:48 AM org.apache.catalina.core.ApplicationContext log
INFO: No Spring WebApplicationInitializer types detected on classpath
Jan 21, 2018 9:58:48 AM org.apache.catalina.core.ApplicationContext log
INFO: Initializing Spring FrameworkServlet 'dispatcherServlet'
Jan 21, 2018 9:58:50 AM org.apache.catalina.core.ApplicationContext log
INFO: No Spring WebApplicationInitializer types detected on classpath
Jan 21, 2018 9:58:50 AM org.apache.catalina.core.ApplicationContext log
INFO: Initializing Spring FrameworkServlet 'dispatcherServlet'
Jan 21, 2018 9:58:52 AM org.apache.catalina.core.ApplicationContext log
INFO: No Spring WebApplicationInitializer types detected on classpath
Jan 21, 2018 9:58:52 AM org.apache.catalina.core.ApplicationContext log
INFO: Initializing Spring FrameworkServlet 'stbportal'
Jan 21, 2018 9:58:56 AM org.apache.catalina.core.ApplicationContext log
INFO: No Spring WebApplicationInitializer types detected on classpath
Jan 21, 2018 9:58:56 AM org.apache.catalina.core.ApplicationContext log
INFO: Initializing Spring FrameworkServlet 'stbportal'
Jan 21, 2018 9:58:57 AM org.apache.catalina.core.ApplicationContext log
INFO: No Spring WebApplicationInitializer types detected on classpath
Jan 21, 2018 9:58:57 AM org.apache.catalina.core.ApplicationContext log
INFO: Initializing Spring FrameworkServlet 'stbportal'
Jan 21, 2018 9:58:58 AM org.apache.catalina.core.ApplicationContext log
INFO: No Spring WebApplicationInitializer types detected on classpath
Jan 21, 2018 9:58:58 AM org.apache.catalina.core.ApplicationContext log
INFO: Initializing Spring FrameworkServlet 'stbportal'
Jan 21, 2018 9:58:59 AM org.apache.catalina.core.ApplicationContext log
INFO: No Spring WebApplicationInitializer types detected on classpath
Jan 21, 2018 9:58:59 AM org.apache.catalina.core.ApplicationContext log
INFO: Initializing Spring FrameworkServlet 'stbportal'
Jan 21, 2018 9:59:01 AM org.apache.catalina.core.ApplicationContext log
INFO: No Spring WebApplicationInitializer types detected on classpath
Jan 21, 2018 9:59:01 AM org.apache.catalina.core.ApplicationContext log
INFO: Initializing Spring FrameworkServlet 'portal'
Jan 21, 2018 9:59:02 AM org.apache.catalina.core.ApplicationContext log
INFO: No Spring WebApplicationInitializer types detected on classpath
Jan 21, 2018 9:59:02 AM org.apache.catalina.core.ApplicationContext log
INFO: Initializing Spring FrameworkServlet 'stbportal'
Jan 21, 2018 9:59:03 AM org.apache.catalina.core.ApplicationContext log
INFO: No Spring WebApplicationInitializer types detected on classpath
Jan 21, 2018 9:59:03 AM org.apache.catalina.core.ApplicationContext log
INFO: Initializing Spring FrameworkServlet 'scfmock'
Jan 21, 2018 10:03:41 AM org.apache.catalina.core.ApplicationContext log
INFO: Destroying Spring FrameworkServlet 'stbportal'
Jan 21, 2018 10:03:41 AM org.apache.catalina.core.ApplicationContext log
INFO: Destroying Spring FrameworkServlet 'stbportal'
Jan 21, 2018 10:03:41 AM org.apache.catalina.core.ApplicationContext log
INFO: Destroying Spring FrameworkServlet 'stbportal'
Jan 21, 2018 10:03:42 AM org.apache.catalina.core.ApplicationContext log
INFO: Destroying Spring FrameworkServlet 'stbportal'
Jan 21, 2018 10:03:42 AM org.apache.catalina.core.ApplicationContext log
INFO: Destroying Spring FrameworkServlet 'portal'
Jan 21, 2018 10:03:42 AM org.apache.catalina.core.ApplicationContext log
INFO: Destroying Spring FrameworkServlet 'stbportal'
Jan 21, 2018 10:03:42 AM org.apache.catalina.core.ApplicationContext log
INFO: Destroying Spring FrameworkServlet 'dispatcherServlet'
Jan 21, 2018 10:03:42 AM org.apache.catalina.core.ApplicationContext log
INFO: Destroying Spring FrameworkServlet 'dispatcherServlet'
Jan 21, 2018 10:03:42 AM org.apache.catalina.core.ApplicationContext log
INFO: Destroying Spring FrameworkServlet 'stbportal'
Jan 21, 2018 10:03:42 AM org.apache.catalina.core.ApplicationContext log
INFO: Destroying Spring FrameworkServlet 'scfmock'
