Feb 26, 2018 4:24:48 PM org.apache.catalina.core.ApplicationContext log
INFO: No Spring WebApplicationInitializer types detected on classpath
Feb 26, 2018 4:24:48 PM org.apache.catalina.core.ApplicationContext log
INFO: Initializing Spring FrameworkServlet 'dispatcherServlet'
Feb 26, 2018 4:24:49 PM org.apache.catalina.core.ApplicationContext log
INFO: No Spring WebApplicationInitializer types detected on classpath
Feb 26, 2018 4:24:49 PM org.apache.catalina.core.ApplicationContext log
INFO: Initializing Spring FrameworkServlet 'dispatcherServlet'
Feb 26, 2018 4:24:51 PM org.apache.catalina.core.ApplicationContext log
INFO: No Spring WebApplicationInitializer types detected on classpath
Feb 26, 2018 4:24:52 PM org.apache.catalina.core.ApplicationContext log
INFO: Initializing Spring FrameworkServlet 'stbportal'
Feb 26, 2018 4:24:54 PM org.apache.catalina.core.ApplicationContext log
INFO: No Spring WebApplicationInitializer types detected on classpath
Feb 26, 2018 4:24:55 PM org.apache.catalina.core.ApplicationContext log
INFO: Initializing Spring FrameworkServlet 'stbportal'
Feb 26, 2018 4:24:56 PM org.apache.catalina.core.ApplicationContext log
INFO: No Spring WebApplicationInitializer types detected on classpath
Feb 26, 2018 4:24:56 PM org.apache.catalina.core.ApplicationContext log
INFO: Initializing Spring FrameworkServlet 'stbportal'
Feb 26, 2018 4:24:57 PM org.apache.catalina.core.ApplicationContext log
INFO: No Spring WebApplicationInitializer types detected on classpath
Feb 26, 2018 4:24:57 PM org.apache.catalina.core.ApplicationContext log
INFO: Initializing Spring FrameworkServlet 'stbportal'
Feb 26, 2018 4:24:58 PM org.apache.catalina.core.ApplicationContext log
INFO: No Spring WebApplicationInitializer types detected on classpath
Feb 26, 2018 4:24:58 PM org.apache.catalina.core.ApplicationContext log
INFO: Initializing Spring FrameworkServlet 'stbportal'
Feb 26, 2018 4:24:59 PM org.apache.catalina.core.ApplicationContext log
INFO: No Spring WebApplicationInitializer types detected on classpath
Feb 26, 2018 4:24:59 PM org.apache.catalina.core.ApplicationContext log
INFO: Initializing Spring FrameworkServlet 'portal'
Feb 26, 2018 4:25:00 PM org.apache.catalina.core.ApplicationContext log
INFO: No Spring WebApplicationInitializer types detected on classpath
Feb 26, 2018 4:25:00 PM org.apache.catalina.core.ApplicationContext log
INFO: Initializing Spring FrameworkServlet 'stbportal'
Feb 26, 2018 4:25:01 PM org.apache.catalina.core.ApplicationContext log
INFO: No Spring WebApplicationInitializer types detected on classpath
Feb 26, 2018 4:25:02 PM org.apache.catalina.core.ApplicationContext log
INFO: Initializing Spring FrameworkServlet 'scfmock'
Feb 26, 2018 6:55:34 PM org.apache.catalina.core.ApplicationContext log
INFO: Destroying Spring FrameworkServlet 'stbportal'
Feb 26, 2018 6:55:34 PM org.apache.catalina.core.ApplicationContext log
INFO: Destroying Spring FrameworkServlet 'stbportal'
Feb 26, 2018 6:55:34 PM org.apache.catalina.core.ApplicationContext log
INFO: Destroying Spring FrameworkServlet 'stbportal'
Feb 26, 2018 6:55:34 PM org.apache.catalina.core.ApplicationContext log
INFO: Destroying Spring FrameworkServlet 'stbportal'
Feb 26, 2018 6:55:34 PM org.apache.catalina.core.ApplicationContext log
INFO: Destroying Spring FrameworkServlet 'portal'
Feb 26, 2018 6:55:34 PM org.apache.catalina.core.ApplicationContext log
INFO: Destroying Spring FrameworkServlet 'stbportal'
Feb 26, 2018 6:55:34 PM org.apache.catalina.core.ApplicationContext log
INFO: Destroying Spring FrameworkServlet 'dispatcherServlet'
Feb 26, 2018 6:55:34 PM org.apache.catalina.core.ApplicationContext log
INFO: Destroying Spring FrameworkServlet 'dispatcherServlet'
Feb 26, 2018 6:55:34 PM org.apache.catalina.core.ApplicationContext log
INFO: Destroying Spring FrameworkServlet 'stbportal'
Feb 26, 2018 6:55:34 PM org.apache.catalina.core.ApplicationContext log
INFO: Destroying Spring FrameworkServlet 'scfmock'
Feb 26, 2018 6:55:47 PM org.apache.catalina.core.ApplicationContext log
INFO: No Spring WebApplicationInitializer types detected on classpath
Feb 26, 2018 6:55:47 PM org.apache.catalina.core.ApplicationContext log
INFO: Initializing Spring FrameworkServlet 'dispatcherServlet'
Feb 26, 2018 6:55:48 PM org.apache.catalina.core.ApplicationContext log
INFO: No Spring WebApplicationInitializer types detected on classpath
Feb 26, 2018 6:55:48 PM org.apache.catalina.core.ApplicationContext log
INFO: Initializing Spring FrameworkServlet 'dispatcherServlet'
Feb 26, 2018 6:55:50 PM org.apache.catalina.core.ApplicationContext log
INFO: No Spring WebApplicationInitializer types detected on classpath
Feb 26, 2018 6:55:50 PM org.apache.catalina.core.ApplicationContext log
INFO: Initializing Spring FrameworkServlet 'stbportal'
Feb 26, 2018 6:55:53 PM org.apache.catalina.core.ApplicationContext log
INFO: No Spring WebApplicationInitializer types detected on classpath
Feb 26, 2018 6:55:53 PM org.apache.catalina.core.ApplicationContext log
INFO: Initializing Spring FrameworkServlet 'stbportal'
Feb 26, 2018 6:55:54 PM org.apache.catalina.core.ApplicationContext log
INFO: No Spring WebApplicationInitializer types detected on classpath
Feb 26, 2018 6:55:54 PM org.apache.catalina.core.ApplicationContext log
INFO: Initializing Spring FrameworkServlet 'stbportal'
Feb 26, 2018 6:55:55 PM org.apache.catalina.core.ApplicationContext log
INFO: No Spring WebApplicationInitializer types detected on classpath
Feb 26, 2018 6:55:55 PM org.apache.catalina.core.ApplicationContext log
INFO: Initializing Spring FrameworkServlet 'stbportal'
Feb 26, 2018 6:55:57 PM org.apache.catalina.core.ApplicationContext log
INFO: No Spring WebApplicationInitializer types detected on classpath
Feb 26, 2018 6:55:57 PM org.apache.catalina.core.ApplicationContext log
INFO: Initializing Spring FrameworkServlet 'stbportal'
Feb 26, 2018 6:55:58 PM org.apache.catalina.core.ApplicationContext log
INFO: No Spring WebApplicationInitializer types detected on classpath
Feb 26, 2018 6:55:58 PM org.apache.catalina.core.ApplicationContext log
INFO: Initializing Spring FrameworkServlet 'portal'
Feb 26, 2018 6:55:58 PM org.apache.catalina.core.ApplicationContext log
INFO: No Spring WebApplicationInitializer types detected on classpath
Feb 26, 2018 6:55:59 PM org.apache.catalina.core.ApplicationContext log
INFO: Initializing Spring FrameworkServlet 'stbportal'
Feb 26, 2018 6:55:59 PM org.apache.catalina.core.ApplicationContext log
INFO: No Spring WebApplicationInitializer types detected on classpath
Feb 26, 2018 6:56:00 PM org.apache.catalina.core.ApplicationContext log
INFO: Initializing Spring FrameworkServlet 'scfmock'
Feb 26, 2018 7:04:42 PM org.apache.catalina.core.ApplicationContext log
INFO: Destroying Spring FrameworkServlet 'stbportal'
Feb 26, 2018 7:04:42 PM org.apache.catalina.core.ApplicationContext log
INFO: Destroying Spring FrameworkServlet 'stbportal'
Feb 26, 2018 7:04:42 PM org.apache.catalina.core.ApplicationContext log
INFO: Destroying Spring FrameworkServlet 'stbportal'
Feb 26, 2018 7:04:42 PM org.apache.catalina.core.ApplicationContext log
INFO: Destroying Spring FrameworkServlet 'stbportal'
Feb 26, 2018 7:04:42 PM org.apache.catalina.core.ApplicationContext log
INFO: Destroying Spring FrameworkServlet 'portal'
Feb 26, 2018 7:04:42 PM org.apache.catalina.core.ApplicationContext log
INFO: Destroying Spring FrameworkServlet 'stbportal'
Feb 26, 2018 7:04:42 PM org.apache.catalina.core.ApplicationContext log
INFO: Destroying Spring FrameworkServlet 'dispatcherServlet'
Feb 26, 2018 7:04:42 PM org.apache.catalina.core.ApplicationContext log
INFO: Destroying Spring FrameworkServlet 'dispatcherServlet'
Feb 26, 2018 7:04:42 PM org.apache.catalina.core.ApplicationContext log
INFO: Destroying Spring FrameworkServlet 'stbportal'
Feb 26, 2018 7:04:42 PM org.apache.catalina.core.ApplicationContext log
INFO: Destroying Spring FrameworkServlet 'scfmock'
Feb 26, 2018 7:04:51 PM org.apache.catalina.core.ApplicationContext log
INFO: No Spring WebApplicationInitializer types detected on classpath
Feb 26, 2018 7:04:51 PM org.apache.catalina.core.ApplicationContext log
INFO: Initializing Spring FrameworkServlet 'dispatcherServlet'
Feb 26, 2018 7:04:52 PM org.apache.catalina.core.ApplicationContext log
INFO: No Spring WebApplicationInitializer types detected on classpath
Feb 26, 2018 7:04:52 PM org.apache.catalina.core.ApplicationContext log
INFO: Initializing Spring FrameworkServlet 'dispatcherServlet'
Feb 26, 2018 7:04:54 PM org.apache.catalina.core.ApplicationContext log
INFO: No Spring WebApplicationInitializer types detected on classpath
Feb 26, 2018 7:04:54 PM org.apache.catalina.core.ApplicationContext log
INFO: Initializing Spring FrameworkServlet 'stbportal'
Feb 26, 2018 7:04:57 PM org.apache.catalina.core.ApplicationContext log
INFO: No Spring WebApplicationInitializer types detected on classpath
Feb 26, 2018 7:04:57 PM org.apache.catalina.core.ApplicationContext log
INFO: Initializing Spring FrameworkServlet 'stbportal'
Feb 26, 2018 7:04:58 PM org.apache.catalina.core.ApplicationContext log
INFO: No Spring WebApplicationInitializer types detected on classpath
Feb 26, 2018 7:04:58 PM org.apache.catalina.core.ApplicationContext log
INFO: Initializing Spring FrameworkServlet 'stbportal'
Feb 26, 2018 7:04:59 PM org.apache.catalina.core.ApplicationContext log
INFO: No Spring WebApplicationInitializer types detected on classpath
Feb 26, 2018 7:04:59 PM org.apache.catalina.core.ApplicationContext log
INFO: Initializing Spring FrameworkServlet 'stbportal'
Feb 26, 2018 7:05:00 PM org.apache.catalina.core.ApplicationContext log
INFO: No Spring WebApplicationInitializer types detected on classpath
Feb 26, 2018 7:05:00 PM org.apache.catalina.core.ApplicationContext log
INFO: Initializing Spring FrameworkServlet 'stbportal'
Feb 26, 2018 7:05:01 PM org.apache.catalina.core.ApplicationContext log
INFO: No Spring WebApplicationInitializer types detected on classpath
Feb 26, 2018 7:05:01 PM org.apache.catalina.core.ApplicationContext log
INFO: Initializing Spring FrameworkServlet 'portal'
Feb 26, 2018 7:05:02 PM org.apache.catalina.core.ApplicationContext log
INFO: No Spring WebApplicationInitializer types detected on classpath
Feb 26, 2018 7:05:02 PM org.apache.catalina.core.ApplicationContext log
INFO: Initializing Spring FrameworkServlet 'stbportal'
Feb 26, 2018 7:05:03 PM org.apache.catalina.core.ApplicationContext log
INFO: No Spring WebApplicationInitializer types detected on classpath
Feb 26, 2018 7:05:03 PM org.apache.catalina.core.ApplicationContext log
INFO: Initializing Spring FrameworkServlet 'scfmock'
