Feb 07, 2018 3:49:09 PM org.apache.catalina.core.ApplicationContext log
INFO: Destroying Spring FrameworkServlet 'stbportal'
Feb 07, 2018 3:49:09 PM org.apache.catalina.core.ApplicationContext log
INFO: Destroying Spring FrameworkServlet 'stbportal'
Feb 07, 2018 3:49:09 PM org.apache.catalina.core.ApplicationContext log
INFO: Destroying Spring FrameworkServlet 'stbportal'
Feb 07, 2018 3:49:09 PM org.apache.catalina.core.ApplicationContext log
INFO: Destroying Spring FrameworkServlet 'stbportal'
Feb 07, 2018 3:49:09 PM org.apache.catalina.core.ApplicationContext log
INFO: Destroying Spring FrameworkServlet 'portal'
Feb 07, 2018 3:49:09 PM org.apache.catalina.core.ApplicationContext log
INFO: Destroying Spring FrameworkServlet 'stbportal'
Feb 07, 2018 3:49:09 PM org.apache.catalina.core.ApplicationContext log
INFO: Destroying Spring FrameworkServlet 'dispatcherServlet'
Feb 07, 2018 3:49:09 PM org.apache.catalina.core.ApplicationContext log
INFO: Destroying Spring FrameworkServlet 'dispatcherServlet'
Feb 07, 2018 3:49:09 PM org.apache.catalina.core.ApplicationContext log
INFO: Destroying Spring FrameworkServlet 'stbportal'
Feb 07, 2018 3:49:09 PM org.apache.catalina.core.ApplicationContext log
INFO: Destroying Spring FrameworkServlet 'scfmock'
Feb 07, 2018 3:49:22 PM org.apache.catalina.core.ApplicationContext log
INFO: No Spring WebApplicationInitializer types detected on classpath
Feb 07, 2018 3:49:22 PM org.apache.catalina.core.ApplicationContext log
INFO: Initializing Spring FrameworkServlet 'dispatcherServlet'
Feb 07, 2018 3:49:23 PM org.apache.catalina.core.ApplicationContext log
INFO: No Spring WebApplicationInitializer types detected on classpath
Feb 07, 2018 3:49:23 PM org.apache.catalina.core.ApplicationContext log
INFO: Initializing Spring FrameworkServlet 'dispatcherServlet'
Feb 07, 2018 3:49:26 PM org.apache.catalina.core.ApplicationContext log
INFO: No Spring WebApplicationInitializer types detected on classpath
Feb 07, 2018 3:49:26 PM org.apache.catalina.core.ApplicationContext log
INFO: Initializing Spring FrameworkServlet 'stbportal'
Feb 07, 2018 3:49:29 PM org.apache.catalina.core.ApplicationContext log
INFO: No Spring WebApplicationInitializer types detected on classpath
Feb 07, 2018 3:49:29 PM org.apache.catalina.core.ApplicationContext log
INFO: Initializing Spring FrameworkServlet 'stbportal'
Feb 07, 2018 3:49:30 PM org.apache.catalina.core.ApplicationContext log
INFO: No Spring WebApplicationInitializer types detected on classpath
Feb 07, 2018 3:49:30 PM org.apache.catalina.core.ApplicationContext log
INFO: Initializing Spring FrameworkServlet 'stbportal'
Feb 07, 2018 3:49:31 PM org.apache.catalina.core.ApplicationContext log
INFO: No Spring WebApplicationInitializer types detected on classpath
Feb 07, 2018 3:49:31 PM org.apache.catalina.core.ApplicationContext log
INFO: Initializing Spring FrameworkServlet 'stbportal'
Feb 07, 2018 3:49:32 PM org.apache.catalina.core.ApplicationContext log
INFO: No Spring WebApplicationInitializer types detected on classpath
Feb 07, 2018 3:49:32 PM org.apache.catalina.core.ApplicationContext log
INFO: Initializing Spring FrameworkServlet 'stbportal'
Feb 07, 2018 3:49:33 PM org.apache.catalina.core.ApplicationContext log
INFO: No Spring WebApplicationInitializer types detected on classpath
Feb 07, 2018 3:49:33 PM org.apache.catalina.core.ApplicationContext log
INFO: Initializing Spring FrameworkServlet 'portal'
Feb 07, 2018 3:49:35 PM org.apache.catalina.core.ApplicationContext log
INFO: No Spring WebApplicationInitializer types detected on classpath
Feb 07, 2018 3:49:35 PM org.apache.catalina.core.ApplicationContext log
INFO: Initializing Spring FrameworkServlet 'stbportal'
Feb 07, 2018 3:49:36 PM org.apache.catalina.core.ApplicationContext log
INFO: No Spring WebApplicationInitializer types detected on classpath
Feb 07, 2018 3:49:36 PM org.apache.catalina.core.ApplicationContext log
INFO: Initializing Spring FrameworkServlet 'scfmock'
Feb 07, 2018 4:07:46 PM org.apache.catalina.core.ApplicationContext log
INFO: Destroying Spring FrameworkServlet 'stbportal'
Feb 07, 2018 4:07:46 PM org.apache.catalina.core.ApplicationContext log
INFO: Destroying Spring FrameworkServlet 'stbportal'
Feb 07, 2018 4:07:46 PM org.apache.catalina.core.ApplicationContext log
INFO: Destroying Spring FrameworkServlet 'stbportal'
Feb 07, 2018 4:07:46 PM org.apache.catalina.core.ApplicationContext log
INFO: Destroying Spring FrameworkServlet 'stbportal'
Feb 07, 2018 4:07:46 PM org.apache.catalina.core.ApplicationContext log
INFO: Destroying Spring FrameworkServlet 'portal'
Feb 07, 2018 4:07:46 PM org.apache.catalina.core.ApplicationContext log
INFO: Destroying Spring FrameworkServlet 'stbportal'
Feb 07, 2018 4:07:46 PM org.apache.catalina.core.ApplicationContext log
INFO: Destroying Spring FrameworkServlet 'dispatcherServlet'
Feb 07, 2018 4:07:46 PM org.apache.catalina.core.ApplicationContext log
INFO: Destroying Spring FrameworkServlet 'dispatcherServlet'
Feb 07, 2018 4:07:46 PM org.apache.catalina.core.ApplicationContext log
INFO: Destroying Spring FrameworkServlet 'stbportal'
Feb 07, 2018 4:07:46 PM org.apache.catalina.core.ApplicationContext log
INFO: Destroying Spring FrameworkServlet 'scfmock'
Feb 07, 2018 4:07:55 PM org.apache.catalina.core.ApplicationContext log
INFO: No Spring WebApplicationInitializer types detected on classpath
Feb 07, 2018 4:07:55 PM org.apache.catalina.core.ApplicationContext log
INFO: Initializing Spring FrameworkServlet 'dispatcherServlet'
Feb 07, 2018 4:07:56 PM org.apache.catalina.core.ApplicationContext log
INFO: No Spring WebApplicationInitializer types detected on classpath
Feb 07, 2018 4:07:56 PM org.apache.catalina.core.ApplicationContext log
INFO: Initializing Spring FrameworkServlet 'dispatcherServlet'
Feb 07, 2018 4:07:58 PM org.apache.catalina.core.ApplicationContext log
INFO: No Spring WebApplicationInitializer types detected on classpath
Feb 07, 2018 4:07:58 PM org.apache.catalina.core.ApplicationContext log
INFO: Initializing Spring FrameworkServlet 'stbportal'
Feb 07, 2018 4:08:01 PM org.apache.catalina.core.ApplicationContext log
INFO: No Spring WebApplicationInitializer types detected on classpath
Feb 07, 2018 4:08:01 PM org.apache.catalina.core.ApplicationContext log
INFO: Initializing Spring FrameworkServlet 'stbportal'
Feb 07, 2018 4:08:02 PM org.apache.catalina.core.ApplicationContext log
INFO: No Spring WebApplicationInitializer types detected on classpath
Feb 07, 2018 4:08:02 PM org.apache.catalina.core.ApplicationContext log
INFO: Initializing Spring FrameworkServlet 'stbportal'
Feb 07, 2018 4:08:03 PM org.apache.catalina.core.ApplicationContext log
INFO: No Spring WebApplicationInitializer types detected on classpath
Feb 07, 2018 4:08:03 PM org.apache.catalina.core.ApplicationContext log
INFO: Initializing Spring FrameworkServlet 'stbportal'
Feb 07, 2018 4:08:04 PM org.apache.catalina.core.ApplicationContext log
INFO: No Spring WebApplicationInitializer types detected on classpath
Feb 07, 2018 4:08:04 PM org.apache.catalina.core.ApplicationContext log
INFO: Initializing Spring FrameworkServlet 'stbportal'
Feb 07, 2018 4:08:05 PM org.apache.catalina.core.ApplicationContext log
INFO: No Spring WebApplicationInitializer types detected on classpath
Feb 07, 2018 4:08:05 PM org.apache.catalina.core.ApplicationContext log
INFO: Initializing Spring FrameworkServlet 'portal'
Feb 07, 2018 4:08:06 PM org.apache.catalina.core.ApplicationContext log
INFO: No Spring WebApplicationInitializer types detected on classpath
Feb 07, 2018 4:08:06 PM org.apache.catalina.core.ApplicationContext log
INFO: Initializing Spring FrameworkServlet 'stbportal'
Feb 07, 2018 4:08:07 PM org.apache.catalina.core.ApplicationContext log
INFO: No Spring WebApplicationInitializer types detected on classpath
Feb 07, 2018 4:08:07 PM org.apache.catalina.core.ApplicationContext log
INFO: Initializing Spring FrameworkServlet 'scfmock'
Feb 07, 2018 4:13:18 PM org.apache.catalina.core.ApplicationContext log
INFO: Destroying Spring FrameworkServlet 'stbportal'
Feb 07, 2018 4:13:18 PM org.apache.catalina.core.ApplicationContext log
INFO: Destroying Spring FrameworkServlet 'stbportal'
Feb 07, 2018 4:13:18 PM org.apache.catalina.core.ApplicationContext log
INFO: Destroying Spring FrameworkServlet 'stbportal'
Feb 07, 2018 4:13:18 PM org.apache.catalina.core.ApplicationContext log
INFO: Destroying Spring FrameworkServlet 'stbportal'
Feb 07, 2018 4:13:18 PM org.apache.catalina.core.ApplicationContext log
INFO: Destroying Spring FrameworkServlet 'portal'
Feb 07, 2018 4:13:18 PM org.apache.catalina.core.ApplicationContext log
INFO: Destroying Spring FrameworkServlet 'stbportal'
Feb 07, 2018 4:13:18 PM org.apache.catalina.core.ApplicationContext log
INFO: Destroying Spring FrameworkServlet 'dispatcherServlet'
Feb 07, 2018 4:13:18 PM org.apache.catalina.core.ApplicationContext log
INFO: Destroying Spring FrameworkServlet 'dispatcherServlet'
Feb 07, 2018 4:13:18 PM org.apache.catalina.core.ApplicationContext log
INFO: Destroying Spring FrameworkServlet 'stbportal'
Feb 07, 2018 4:13:18 PM org.apache.catalina.core.ApplicationContext log
INFO: Destroying Spring FrameworkServlet 'scfmock'
Feb 07, 2018 4:36:53 PM org.apache.catalina.core.ApplicationContext log
INFO: No Spring WebApplicationInitializer types detected on classpath
Feb 07, 2018 4:36:53 PM org.apache.catalina.core.ApplicationContext log
INFO: Initializing Spring FrameworkServlet 'dispatcherServlet'
Feb 07, 2018 4:36:54 PM org.apache.catalina.core.ApplicationContext log
INFO: No Spring WebApplicationInitializer types detected on classpath
Feb 07, 2018 4:36:54 PM org.apache.catalina.core.ApplicationContext log
INFO: Initializing Spring FrameworkServlet 'dispatcherServlet'
Feb 07, 2018 4:36:56 PM org.apache.catalina.core.ApplicationContext log
INFO: No Spring WebApplicationInitializer types detected on classpath
Feb 07, 2018 4:36:56 PM org.apache.catalina.core.ApplicationContext log
INFO: Initializing Spring FrameworkServlet 'stbportal'
Feb 07, 2018 4:36:58 PM org.apache.catalina.core.ApplicationContext log
INFO: No Spring WebApplicationInitializer types detected on classpath
Feb 07, 2018 4:36:58 PM org.apache.catalina.core.ApplicationContext log
INFO: Initializing Spring FrameworkServlet 'stbportal'
Feb 07, 2018 4:36:59 PM org.apache.catalina.core.ApplicationContext log
INFO: No Spring WebApplicationInitializer types detected on classpath
Feb 07, 2018 4:36:59 PM org.apache.catalina.core.ApplicationContext log
INFO: Initializing Spring FrameworkServlet 'stbportal'
Feb 07, 2018 4:37:00 PM org.apache.catalina.core.ApplicationContext log
INFO: No Spring WebApplicationInitializer types detected on classpath
Feb 07, 2018 4:37:00 PM org.apache.catalina.core.ApplicationContext log
INFO: Initializing Spring FrameworkServlet 'stbportal'
Feb 07, 2018 4:37:01 PM org.apache.catalina.core.ApplicationContext log
INFO: No Spring WebApplicationInitializer types detected on classpath
Feb 07, 2018 4:37:01 PM org.apache.catalina.core.ApplicationContext log
INFO: Initializing Spring FrameworkServlet 'stbportal'
Feb 07, 2018 4:37:02 PM org.apache.catalina.core.ApplicationContext log
INFO: No Spring WebApplicationInitializer types detected on classpath
Feb 07, 2018 4:37:02 PM org.apache.catalina.core.ApplicationContext log
INFO: Initializing Spring FrameworkServlet 'portal'
Feb 07, 2018 4:37:03 PM org.apache.catalina.core.ApplicationContext log
INFO: No Spring WebApplicationInitializer types detected on classpath
Feb 07, 2018 4:37:03 PM org.apache.catalina.core.ApplicationContext log
INFO: Initializing Spring FrameworkServlet 'stbportal'
Feb 07, 2018 4:37:04 PM org.apache.catalina.core.ApplicationContext log
INFO: No Spring WebApplicationInitializer types detected on classpath
Feb 07, 2018 4:37:04 PM org.apache.catalina.core.ApplicationContext log
INFO: Initializing Spring FrameworkServlet 'scfmock'
Feb 07, 2018 7:19:43 PM org.apache.catalina.core.ApplicationContext log
INFO: Destroying Spring FrameworkServlet 'stbportal'
Feb 07, 2018 7:19:43 PM org.apache.catalina.core.ApplicationContext log
INFO: Destroying Spring FrameworkServlet 'stbportal'
Feb 07, 2018 7:19:43 PM org.apache.catalina.core.ApplicationContext log
INFO: Destroying Spring FrameworkServlet 'stbportal'
Feb 07, 2018 7:19:43 PM org.apache.catalina.core.ApplicationContext log
INFO: Destroying Spring FrameworkServlet 'stbportal'
Feb 07, 2018 7:19:43 PM org.apache.catalina.core.ApplicationContext log
INFO: Destroying Spring FrameworkServlet 'portal'
Feb 07, 2018 7:19:43 PM org.apache.catalina.core.ApplicationContext log
INFO: Destroying Spring FrameworkServlet 'stbportal'
Feb 07, 2018 7:19:43 PM org.apache.catalina.core.ApplicationContext log
INFO: Destroying Spring FrameworkServlet 'dispatcherServlet'
Feb 07, 2018 7:19:43 PM org.apache.catalina.core.ApplicationContext log
INFO: Destroying Spring FrameworkServlet 'dispatcherServlet'
Feb 07, 2018 7:19:43 PM org.apache.catalina.core.ApplicationContext log
INFO: Destroying Spring FrameworkServlet 'stbportal'
Feb 07, 2018 7:19:43 PM org.apache.catalina.core.ApplicationContext log
INFO: Destroying Spring FrameworkServlet 'scfmock'
Feb 07, 2018 7:24:20 PM org.apache.catalina.core.ApplicationContext log
INFO: No Spring WebApplicationInitializer types detected on classpath
Feb 07, 2018 7:24:20 PM org.apache.catalina.core.ApplicationContext log
INFO: Initializing Spring FrameworkServlet 'dispatcherServlet'
Feb 07, 2018 7:24:21 PM org.apache.catalina.core.ApplicationContext log
INFO: No Spring WebApplicationInitializer types detected on classpath
Feb 07, 2018 7:24:21 PM org.apache.catalina.core.ApplicationContext log
INFO: Initializing Spring FrameworkServlet 'dispatcherServlet'
Feb 07, 2018 7:24:23 PM org.apache.catalina.core.ApplicationContext log
INFO: No Spring WebApplicationInitializer types detected on classpath
Feb 07, 2018 7:24:23 PM org.apache.catalina.core.ApplicationContext log
INFO: Initializing Spring FrameworkServlet 'stbportal'
Feb 07, 2018 7:24:26 PM org.apache.catalina.core.ApplicationContext log
INFO: No Spring WebApplicationInitializer types detected on classpath
Feb 07, 2018 7:24:27 PM org.apache.catalina.core.ApplicationContext log
INFO: Initializing Spring FrameworkServlet 'stbportal'
Feb 07, 2018 7:24:28 PM org.apache.catalina.core.ApplicationContext log
INFO: No Spring WebApplicationInitializer types detected on classpath
Feb 07, 2018 7:24:28 PM org.apache.catalina.core.ApplicationContext log
INFO: Initializing Spring FrameworkServlet 'stbportal'
Feb 07, 2018 7:24:28 PM org.apache.catalina.core.ApplicationContext log
INFO: No Spring WebApplicationInitializer types detected on classpath
Feb 07, 2018 7:24:29 PM org.apache.catalina.core.ApplicationContext log
INFO: Initializing Spring FrameworkServlet 'stbportal'
Feb 07, 2018 7:24:30 PM org.apache.catalina.core.ApplicationContext log
INFO: No Spring WebApplicationInitializer types detected on classpath
Feb 07, 2018 7:24:30 PM org.apache.catalina.core.ApplicationContext log
INFO: Initializing Spring FrameworkServlet 'stbportal'
Feb 07, 2018 7:24:31 PM org.apache.catalina.core.ApplicationContext log
INFO: No Spring WebApplicationInitializer types detected on classpath
Feb 07, 2018 7:24:31 PM org.apache.catalina.core.ApplicationContext log
INFO: Initializing Spring FrameworkServlet 'portal'
Feb 07, 2018 7:24:32 PM org.apache.catalina.core.ApplicationContext log
INFO: No Spring WebApplicationInitializer types detected on classpath
Feb 07, 2018 7:24:32 PM org.apache.catalina.core.ApplicationContext log
INFO: Initializing Spring FrameworkServlet 'stbportal'
Feb 07, 2018 7:24:33 PM org.apache.catalina.core.ApplicationContext log
INFO: No Spring WebApplicationInitializer types detected on classpath
Feb 07, 2018 7:24:33 PM org.apache.catalina.core.ApplicationContext log
INFO: Initializing Spring FrameworkServlet 'scfmock'
Feb 07, 2018 7:36:25 PM org.apache.catalina.core.ApplicationContext log
INFO: Destroying Spring FrameworkServlet 'stbportal'
Feb 07, 2018 7:36:25 PM org.apache.catalina.core.ApplicationContext log
INFO: Destroying Spring FrameworkServlet 'stbportal'
Feb 07, 2018 7:36:25 PM org.apache.catalina.core.ApplicationContext log
INFO: Destroying Spring FrameworkServlet 'stbportal'
Feb 07, 2018 7:36:25 PM org.apache.catalina.core.ApplicationContext log
INFO: Destroying Spring FrameworkServlet 'stbportal'
Feb 07, 2018 7:36:25 PM org.apache.catalina.core.ApplicationContext log
INFO: Destroying Spring FrameworkServlet 'portal'
Feb 07, 2018 7:36:25 PM org.apache.catalina.core.ApplicationContext log
INFO: Destroying Spring FrameworkServlet 'stbportal'
Feb 07, 2018 7:36:25 PM org.apache.catalina.core.ApplicationContext log
INFO: Destroying Spring FrameworkServlet 'dispatcherServlet'
Feb 07, 2018 7:36:25 PM org.apache.catalina.core.ApplicationContext log
INFO: Destroying Spring FrameworkServlet 'dispatcherServlet'
Feb 07, 2018 7:36:25 PM org.apache.catalina.core.ApplicationContext log
INFO: Destroying Spring FrameworkServlet 'stbportal'
Feb 07, 2018 7:36:25 PM org.apache.catalina.core.ApplicationContext log
INFO: Destroying Spring FrameworkServlet 'scfmock'
Feb 07, 2018 8:25:17 PM org.apache.catalina.core.ApplicationContext log
INFO: No Spring WebApplicationInitializer types detected on classpath
Feb 07, 2018 8:25:17 PM org.apache.catalina.core.ApplicationContext log
INFO: Initializing Spring FrameworkServlet 'dispatcherServlet'
Feb 07, 2018 8:25:18 PM org.apache.catalina.core.ApplicationContext log
INFO: No Spring WebApplicationInitializer types detected on classpath
Feb 07, 2018 8:25:18 PM org.apache.catalina.core.ApplicationContext log
INFO: Initializing Spring FrameworkServlet 'dispatcherServlet'
Feb 07, 2018 8:25:20 PM org.apache.catalina.core.ApplicationContext log
INFO: No Spring WebApplicationInitializer types detected on classpath
Feb 07, 2018 8:25:20 PM org.apache.catalina.core.ApplicationContext log
INFO: Initializing Spring FrameworkServlet 'stbportal'
Feb 07, 2018 8:25:23 PM org.apache.catalina.core.ApplicationContext log
INFO: No Spring WebApplicationInitializer types detected on classpath
Feb 07, 2018 8:25:23 PM org.apache.catalina.core.ApplicationContext log
INFO: Initializing Spring FrameworkServlet 'stbportal'
Feb 07, 2018 8:25:24 PM org.apache.catalina.core.ApplicationContext log
INFO: No Spring WebApplicationInitializer types detected on classpath
Feb 07, 2018 8:25:24 PM org.apache.catalina.core.ApplicationContext log
INFO: Initializing Spring FrameworkServlet 'stbportal'
Feb 07, 2018 8:25:25 PM org.apache.catalina.core.ApplicationContext log
INFO: No Spring WebApplicationInitializer types detected on classpath
Feb 07, 2018 8:25:25 PM org.apache.catalina.core.ApplicationContext log
INFO: Initializing Spring FrameworkServlet 'stbportal'
Feb 07, 2018 8:25:26 PM org.apache.catalina.core.ApplicationContext log
INFO: No Spring WebApplicationInitializer types detected on classpath
Feb 07, 2018 8:25:26 PM org.apache.catalina.core.ApplicationContext log
INFO: Initializing Spring FrameworkServlet 'stbportal'
Feb 07, 2018 8:25:27 PM org.apache.catalina.core.ApplicationContext log
INFO: No Spring WebApplicationInitializer types detected on classpath
Feb 07, 2018 8:25:27 PM org.apache.catalina.core.ApplicationContext log
INFO: Initializing Spring FrameworkServlet 'portal'
Feb 07, 2018 8:25:28 PM org.apache.catalina.core.ApplicationContext log
INFO: No Spring WebApplicationInitializer types detected on classpath
Feb 07, 2018 8:25:28 PM org.apache.catalina.core.ApplicationContext log
INFO: Initializing Spring FrameworkServlet 'stbportal'
Feb 07, 2018 8:25:29 PM org.apache.catalina.core.ApplicationContext log
INFO: No Spring WebApplicationInitializer types detected on classpath
Feb 07, 2018 8:25:29 PM org.apache.catalina.core.ApplicationContext log
INFO: Initializing Spring FrameworkServlet 'scfmock'
Feb 07, 2018 8:40:03 PM org.apache.catalina.core.ApplicationContext log
INFO: Destroying Spring FrameworkServlet 'stbportal'
Feb 07, 2018 8:40:03 PM org.apache.catalina.core.ApplicationContext log
INFO: Destroying Spring FrameworkServlet 'stbportal'
Feb 07, 2018 8:40:03 PM org.apache.catalina.core.ApplicationContext log
INFO: Destroying Spring FrameworkServlet 'stbportal'
Feb 07, 2018 8:40:03 PM org.apache.catalina.core.ApplicationContext log
INFO: Destroying Spring FrameworkServlet 'stbportal'
Feb 07, 2018 8:40:03 PM org.apache.catalina.core.ApplicationContext log
INFO: Destroying Spring FrameworkServlet 'portal'
Feb 07, 2018 8:40:03 PM org.apache.catalina.core.ApplicationContext log
INFO: Destroying Spring FrameworkServlet 'stbportal'
Feb 07, 2018 8:40:03 PM org.apache.catalina.core.ApplicationContext log
INFO: Destroying Spring FrameworkServlet 'dispatcherServlet'
Feb 07, 2018 8:40:03 PM org.apache.catalina.core.ApplicationContext log
INFO: Destroying Spring FrameworkServlet 'dispatcherServlet'
Feb 07, 2018 8:40:03 PM org.apache.catalina.core.ApplicationContext log
INFO: Destroying Spring FrameworkServlet 'stbportal'
Feb 07, 2018 8:40:03 PM org.apache.catalina.core.ApplicationContext log
INFO: Destroying Spring FrameworkServlet 'scfmock'
