Nov 27, 2017 2:03:40 PM org.apache.catalina.core.ApplicationContext log
INFO: No Spring WebApplicationInitializer types detected on classpath
Nov 27, 2017 2:03:40 PM org.apache.catalina.core.ApplicationContext log
INFO: Initializing Spring FrameworkServlet 'dispatcherServlet'
Nov 27, 2017 2:03:45 PM org.apache.catalina.core.ApplicationContext log
INFO: No Spring WebApplicationInitializer types detected on classpath
Nov 27, 2017 2:03:45 PM org.apache.catalina.core.ApplicationContext log
INFO: Initializing Spring FrameworkServlet 'dispatcherServlet'
Nov 27, 2017 2:03:51 PM org.apache.catalina.core.ApplicationContext log
INFO: No Spring WebApplicationInitializer types detected on classpath
Nov 27, 2017 2:03:52 PM org.apache.catalina.core.ApplicationContext log
INFO: Initializing Spring FrameworkServlet 'stbportal'
Nov 27, 2017 2:04:00 PM org.apache.catalina.core.ApplicationContext log
INFO: No Spring WebApplicationInitializer types detected on classpath
Nov 27, 2017 2:04:00 PM org.apache.catalina.core.ApplicationContext log
INFO: Initializing Spring FrameworkServlet 'stbportal'
Nov 27, 2017 2:04:03 PM org.apache.catalina.core.ApplicationContext log
INFO: No Spring WebApplicationInitializer types detected on classpath
Nov 27, 2017 2:04:03 PM org.apache.catalina.core.ApplicationContext log
INFO: Initializing Spring FrameworkServlet 'stbportal'
Nov 27, 2017 2:04:05 PM org.apache.catalina.core.ApplicationContext log
INFO: No Spring WebApplicationInitializer types detected on classpath
Nov 27, 2017 2:04:05 PM org.apache.catalina.core.ApplicationContext log
INFO: Initializing Spring FrameworkServlet 'stbportal'
Nov 27, 2017 2:04:08 PM org.apache.catalina.core.ApplicationContext log
INFO: No Spring WebApplicationInitializer types detected on classpath
Nov 27, 2017 2:04:08 PM org.apache.catalina.core.ApplicationContext log
INFO: Initializing Spring FrameworkServlet 'stbportal'
Nov 27, 2017 2:04:11 PM org.apache.catalina.core.ApplicationContext log
INFO: No Spring WebApplicationInitializer types detected on classpath
Nov 27, 2017 2:04:11 PM org.apache.catalina.core.ApplicationContext log
INFO: Initializing Spring FrameworkServlet 'portal'
Nov 27, 2017 2:04:14 PM org.apache.catalina.core.ApplicationContext log
INFO: No Spring WebApplicationInitializer types detected on classpath
Nov 27, 2017 2:04:14 PM org.apache.catalina.core.ApplicationContext log
INFO: Initializing Spring FrameworkServlet 'stbportal'
Nov 27, 2017 2:04:16 PM org.apache.catalina.core.ApplicationContext log
INFO: No Spring WebApplicationInitializer types detected on classpath
Nov 27, 2017 2:04:16 PM org.apache.catalina.core.ApplicationContext log
INFO: Initializing Spring FrameworkServlet 'scfmock'
Nov 27, 2017 2:11:42 PM org.apache.catalina.core.ApplicationContext log
INFO: Destroying Spring FrameworkServlet 'stbportal'
Nov 27, 2017 2:11:42 PM org.apache.catalina.core.ApplicationContext log
INFO: Destroying Spring FrameworkServlet 'stbportal'
Nov 27, 2017 2:11:42 PM org.apache.catalina.core.ApplicationContext log
INFO: Destroying Spring FrameworkServlet 'stbportal'
Nov 27, 2017 2:11:43 PM org.apache.catalina.core.ApplicationContext log
INFO: Destroying Spring FrameworkServlet 'stbportal'
Nov 27, 2017 2:11:43 PM org.apache.catalina.core.ApplicationContext log
INFO: Destroying Spring FrameworkServlet 'portal'
Nov 27, 2017 2:11:43 PM org.apache.catalina.core.ApplicationContext log
INFO: Destroying Spring FrameworkServlet 'stbportal'
Nov 27, 2017 2:11:43 PM org.apache.catalina.core.ApplicationContext log
INFO: Destroying Spring FrameworkServlet 'dispatcherServlet'
Nov 27, 2017 2:11:43 PM org.apache.catalina.core.ApplicationContext log
INFO: Destroying Spring FrameworkServlet 'dispatcherServlet'
Nov 27, 2017 2:11:43 PM org.apache.catalina.core.ApplicationContext log
INFO: Destroying Spring FrameworkServlet 'stbportal'
Nov 27, 2017 2:11:43 PM org.apache.catalina.core.ApplicationContext log
INFO: Destroying Spring FrameworkServlet 'scfmock'
Nov 27, 2017 2:12:02 PM org.apache.catalina.core.ApplicationContext log
INFO: No Spring WebApplicationInitializer types detected on classpath
Nov 27, 2017 2:12:03 PM org.apache.catalina.core.ApplicationContext log
INFO: Initializing Spring FrameworkServlet 'dispatcherServlet'
Nov 27, 2017 2:12:09 PM org.apache.catalina.core.ApplicationContext log
INFO: No Spring WebApplicationInitializer types detected on classpath
Nov 27, 2017 2:12:09 PM org.apache.catalina.core.ApplicationContext log
INFO: Initializing Spring FrameworkServlet 'dispatcherServlet'
Nov 27, 2017 2:12:30 PM org.apache.catalina.core.ApplicationContext log
INFO: No Spring WebApplicationInitializer types detected on classpath
Nov 27, 2017 2:12:31 PM org.apache.catalina.core.ApplicationContext log
INFO: Initializing Spring FrameworkServlet 'stbportal'
Nov 27, 2017 2:12:39 PM org.apache.catalina.core.ApplicationContext log
INFO: No Spring WebApplicationInitializer types detected on classpath
Nov 27, 2017 2:12:39 PM org.apache.catalina.core.ApplicationContext log
INFO: Initializing Spring FrameworkServlet 'stbportal'
Nov 27, 2017 2:12:42 PM org.apache.catalina.core.ApplicationContext log
INFO: No Spring WebApplicationInitializer types detected on classpath
Nov 27, 2017 2:12:42 PM org.apache.catalina.core.ApplicationContext log
INFO: Initializing Spring FrameworkServlet 'stbportal'
Nov 27, 2017 2:12:44 PM org.apache.catalina.core.ApplicationContext log
INFO: No Spring WebApplicationInitializer types detected on classpath
Nov 27, 2017 2:12:45 PM org.apache.catalina.core.ApplicationContext log
INFO: Initializing Spring FrameworkServlet 'stbportal'
Nov 27, 2017 2:12:47 PM org.apache.catalina.core.ApplicationContext log
INFO: No Spring WebApplicationInitializer types detected on classpath
Nov 27, 2017 2:12:47 PM org.apache.catalina.core.ApplicationContext log
INFO: Initializing Spring FrameworkServlet 'stbportal'
Nov 27, 2017 2:12:51 PM org.apache.catalina.core.ApplicationContext log
INFO: No Spring WebApplicationInitializer types detected on classpath
Nov 27, 2017 2:12:51 PM org.apache.catalina.core.ApplicationContext log
INFO: Initializing Spring FrameworkServlet 'portal'
Nov 27, 2017 2:12:59 PM org.apache.catalina.core.ApplicationContext log
INFO: No Spring WebApplicationInitializer types detected on classpath
Nov 27, 2017 2:12:59 PM org.apache.catalina.core.ApplicationContext log
INFO: Initializing Spring FrameworkServlet 'stbportal'
Nov 27, 2017 2:13:03 PM org.apache.catalina.core.ApplicationContext log
INFO: No Spring WebApplicationInitializer types detected on classpath
Nov 27, 2017 2:13:03 PM org.apache.catalina.core.ApplicationContext log
INFO: Initializing Spring FrameworkServlet 'scfmock'
